#
# There is insufficient memory for the Java Runtime Environment to continue.
# Native memory allocation (malloc) failed to allocate 428336 bytes for Chunk::new
# Possible reasons:
#   The system is out of physical RAM or swap space
#   In 32 bit mode, the process size limit was hit
# Possible solutions:
#   Reduce memory load on the system
#   Increase physical memory or swap space
#   Check if swap backing store is full
#   Use 64 bit Java on a 64 bit OS
#   Decrease Java heap size (-Xmx/-Xms)
#   Decrease number of Java threads
#   Decrease Java thread stack sizes (-Xss)
#   Set larger code cache with -XX:ReservedCodeCacheSize=
# This output file may be truncated or incomplete.
#
#  Out of Memory Error (allocation.cpp:390), pid=14668, tid=0x0000000000003c80
#
# JRE version: Java(TM) SE Runtime Environment (8.0_191-b12) (build 1.8.0_191-b12)
# Java VM: Java HotSpot(TM) 64-Bit Server VM (25.191-b12 mixed mode windows-amd64 compressed oops)
# Failed to write core dump. Minidumps are not enabled by default on client versions of Windows
#

---------------  T H R E A D  ---------------

Current thread (0x000000001e6b6000):  JavaThread "C2 CompilerThread0" daemon [_thread_in_native, id=15488, stack(0x000000001f090000,0x000000001f190000)]

Stack: [0x000000001f090000,0x000000001f190000]
[error occurred during error reporting (printing stack bounds), id 0xc0000005]

Native frames: (J=compiled Java code, j=interpreted, Vv=VM code, C=native code)


Current CompileTask:
C2:  22770 4661   !   4       java.util.zip.ZipFile::getInputStream (304 bytes)


---------------  P R O C E S S  ---------------

Java Threads: ( => current thread )
  0x0000000029a1c000 JavaThread "localhost-startStop-1" daemon [_thread_in_native, id=16184, stack(0x0000000025e20000,0x0000000025f20000)]
  0x0000000029a21000 JavaThread "Tomcat-startStop-1" daemon [_thread_blocked, id=13032, stack(0x0000000023b70000,0x0000000023c70000)]
  0x000000001e769000 JavaThread "Service Thread" daemon [_thread_blocked, id=14572, stack(0x000000001f490000,0x000000001f590000)]
  0x000000001e6b0800 JavaThread "C1 CompilerThread3" daemon [_thread_blocked, id=15388, stack(0x000000001f390000,0x000000001f490000)]
  0x000000001e6af800 JavaThread "C2 CompilerThread2" daemon [_thread_blocked, id=9668, stack(0x000000001f290000,0x000000001f390000)]
  0x000000001e6b7000 JavaThread "C2 CompilerThread1" daemon [_thread_blocked, id=16176, stack(0x000000001f190000,0x000000001f290000)]
=>0x000000001e6b6000 JavaThread "C2 CompilerThread0" daemon [_thread_in_native, id=15488, stack(0x000000001f090000,0x000000001f190000)]
  0x000000001e637800 JavaThread "JDWP Command Reader" daemon [_thread_in_native, id=13932, stack(0x000000001ef90000,0x000000001f090000)]
  0x000000001e634000 JavaThread "JDWP Event Helper Thread" daemon [_thread_blocked, id=13800, stack(0x000000001ee90000,0x000000001ef90000)]
  0x000000001e5cd800 JavaThread "JDWP Transport Listener: dt_socket" daemon [_thread_blocked, id=2372, stack(0x000000001ed90000,0x000000001ee90000)]
  0x000000001e5c8000 JavaThread "Attach Listener" daemon [_thread_blocked, id=13696, stack(0x000000001ec90000,0x000000001ed90000)]
  0x000000001e5c7000 JavaThread "Signal Dispatcher" daemon [_thread_blocked, id=11912, stack(0x000000001eb90000,0x000000001ec90000)]
  0x000000001e5b0800 JavaThread "Finalizer" daemon [_thread_blocked, id=4824, stack(0x000000001ea90000,0x000000001eb90000)]
  0x000000001c7bd800 JavaThread "Reference Handler" daemon [_thread_blocked, id=15920, stack(0x000000001e990000,0x000000001ea90000)]
  0x0000000002ca2800 JavaThread "main" [_thread_blocked, id=15816, stack(0x0000000002640000,0x0000000002740000)]

Other Threads:
  0x000000001c7b7000 VMThread [stack: 0x000000001e490000,0x000000001e590000] [id=15912]
  0x000000001e772000 WatcherThread [stack: 0x000000001f590000,0x000000001f690000] [id=12644]

VM state:not at safepoint (normal execution)

VM Mutex/Monitor currently owned by a thread: None

Heap:
 PSYoungGen      total 76288K, used 72463K [0x000000076b400000, 0x0000000773300000, 0x00000007c0000000)
  eden space 65536K, 94% used [0x000000076b400000,0x000000076f0448b8,0x000000076f400000)
  from space 10752K, 99% used [0x000000076f400000,0x000000076fe7f6a0,0x000000076fe80000)
  to   space 20480K, 0% used [0x0000000771f00000,0x0000000771f00000,0x0000000773300000)
 ParOldGen       total 124928K, used 24749K [0x00000006c1c00000, 0x00000006c9600000, 0x000000076b400000)
  object space 124928K, 19% used [0x00000006c1c00000,0x00000006c342b590,0x00000006c9600000)
 Metaspace       used 29346K, capacity 29914K, committed 29952K, reserved 1075200K
  class space    used 3441K, capacity 3580K, committed 3584K, reserved 1048576K

Card table byte_map: [0x0000000012160000,0x0000000012960000] byte_map_base: 0x000000000eb52000

Marking Bits: (ParMarkBitMap*) 0x00000000692c3e30
 Begin Bits: [0x00000000136b0000, 0x0000000017640000)
 End Bits:   [0x0000000017640000, 0x000000001b5d0000)

Polling page: 0x0000000000df0000

CodeCache: size=245760Kb used=16014Kb max_used=16026Kb free=229745Kb
 bounds [0x0000000002da0000, 0x0000000003d60000, 0x0000000011da0000]
 total_blobs=4610 nmethods=4193 adapters=336
 compilation: enabled

Compilation events (10 events):
Event: 22.738 Thread 0x000000001e6b7000 4662       4       java.util.zip.ZipFile$ZipFileInputStream::<init> (41 bytes)
Event: 22.738 Thread 0x000000001e6af800 nmethod 4660 0x0000000003d450d0 code [0x0000000003d45200, 0x0000000003d452f8]
Event: 22.739 Thread 0x000000001e6b7000 nmethod 4662 0x0000000003d4ea90 code [0x0000000003d4ebe0, 0x0000000003d4ecd8]
Event: 22.740 Thread 0x000000001e6b0800 nmethod 4659 0x0000000003d54590 code [0x0000000003d54c20, 0x0000000003d59618]
Event: 22.743 Thread 0x000000001e6af800 4663       4       java.util.zip.ZipEntry::<init> (43 bytes)
Event: 22.743 Thread 0x000000001e6af800 nmethod 4663 0x0000000003d08010 code [0x0000000003d08140, 0x0000000003d081d8]
Event: 22.749 Thread 0x000000001e6b0800 4664       3       java.io.DataInputStream::readLong (128 bytes)
Event: 22.750 Thread 0x000000001e6b0800 nmethod 4664 0x0000000003d51450 code [0x0000000003d515c0, 0x0000000003d51988]
Event: 22.755 Thread 0x000000001e6b7000 4665       4       java.util.HashMap::removeNode (291 bytes)
Event: 22.763 Thread 0x000000001e6b7000 nmethod 4665 0x0000000003d4f250 code [0x0000000003d4f3c0, 0x0000000003d4fb38]

GC Heap History (10 events):
Event: 7.677 GC heap before
{Heap before GC invocations=2 (full 0):
 PSYoungGen      total 76288K, used 74867K [0x000000076b400000, 0x0000000770900000, 0x00000007c0000000)
  eden space 65536K, 100% used [0x000000076b400000,0x000000076f400000,0x000000076f400000)
  from space 10752K, 86% used [0x000000076f400000,0x000000076fd1cfd8,0x000000076fe80000)
  to   space 10752K, 0% used [0x000000076fe80000,0x000000076fe80000,0x0000000770900000)
 ParOldGen       total 175104K, used 16K [0x00000006c1c00000, 0x00000006cc700000, 0x000000076b400000)
  object space 175104K, 0% used [0x00000006c1c00000,0x00000006c1c04000,0x00000006cc700000)
 Metaspace       used 15808K, capacity 16096K, committed 16384K, reserved 1062912K
  class space    used 1890K, capacity 1978K, committed 2048K, reserved 1048576K
Event: 7.687 GC heap after
Heap after GC invocations=2 (full 0):
 PSYoungGen      total 76288K, used 10292K [0x000000076b400000, 0x0000000770900000, 0x00000007c0000000)
  eden space 65536K, 0% used [0x000000076b400000,0x000000076b400000,0x000000076f400000)
  from space 10752K, 95% used [0x000000076fe80000,0x000000077088d2e0,0x0000000770900000)
  to   space 10752K, 0% used [0x000000076f400000,0x000000076f400000,0x000000076fe80000)
 ParOldGen       total 175104K, used 32K [0x00000006c1c00000, 0x00000006cc700000, 0x000000076b400000)
  object space 175104K, 0% used [0x00000006c1c00000,0x00000006c1c08000,0x00000006cc700000)
 Metaspace       used 15808K, capacity 16096K, committed 16384K, reserved 1062912K
  class space    used 1890K, capacity 1978K, committed 2048K, reserved 1048576K
}
Event: 11.356 GC heap before
{Heap before GC invocations=3 (full 0):
 PSYoungGen      total 76288K, used 75224K [0x000000076b400000, 0x0000000770900000, 0x00000007c0000000)
  eden space 65536K, 99% used [0x000000076b400000,0x000000076f368e90,0x000000076f400000)
  from space 10752K, 95% used [0x000000076fe80000,0x000000077088d2e0,0x0000000770900000)
  to   space 10752K, 0% used [0x000000076f400000,0x000000076f400000,0x000000076fe80000)
 ParOldGen       total 175104K, used 32K [0x00000006c1c00000, 0x00000006cc700000, 0x000000076b400000)
  object space 175104K, 0% used [0x00000006c1c00000,0x00000006c1c08000,0x00000006cc700000)
 Metaspace       used 20681K, capacity 21120K, committed 21296K, reserved 1069056K
  class space    used 2484K, capacity 2610K, committed 2688K, reserved 1048576K
Event: 11.371 GC heap after
Heap after GC invocations=3 (full 0):
 PSYoungGen      total 76288K, used 10728K [0x000000076b400000, 0x0000000770900000, 0x00000007c0000000)
  eden space 65536K, 0% used [0x000000076b400000,0x000000076b400000,0x000000076f400000)
  from space 10752K, 99% used [0x000000076f400000,0x000000076fe7a060,0x000000076fe80000)
  to   space 10752K, 0% used [0x000000076fe80000,0x000000076fe80000,0x0000000770900000)
 ParOldGen       total 175104K, used 957K [0x00000006c1c00000, 0x00000006cc700000, 0x000000076b400000)
  object space 175104K, 0% used [0x00000006c1c00000,0x00000006c1cef570,0x00000006cc700000)
 Metaspace       used 20681K, capacity 21120K, committed 21296K, reserved 1069056K
  class space    used 2484K, capacity 2610K, committed 2688K, reserved 1048576K
}
Event: 11.371 GC heap before
{Heap before GC invocations=4 (full 1):
 PSYoungGen      total 76288K, used 10728K [0x000000076b400000, 0x0000000770900000, 0x00000007c0000000)
  eden space 65536K, 0% used [0x000000076b400000,0x000000076b400000,0x000000076f400000)
  from space 10752K, 99% used [0x000000076f400000,0x000000076fe7a060,0x000000076fe80000)
  to   space 10752K, 0% used [0x000000076fe80000,0x000000076fe80000,0x0000000770900000)
 ParOldGen       total 175104K, used 957K [0x00000006c1c00000, 0x00000006cc700000, 0x000000076b400000)
  object space 175104K, 0% used [0x00000006c1c00000,0x00000006c1cef570,0x00000006cc700000)
 Metaspace       used 20681K, capacity 21120K, committed 21296K, reserved 1069056K
  class space    used 2484K, capacity 2610K, committed 2688K, reserved 1048576K
Event: 11.455 GC heap after
Heap after GC invocations=4 (full 1):
 PSYoungGen      total 76288K, used 0K [0x000000076b400000, 0x0000000770900000, 0x00000007c0000000)
  eden space 65536K, 0% used [0x000000076b400000,0x000000076b400000,0x000000076f400000)
  from space 10752K, 0% used [0x000000076f400000,0x000000076f400000,0x000000076fe80000)
  to   space 10752K, 0% used [0x000000076fe80000,0x000000076fe80000,0x0000000770900000)
 ParOldGen       total 124928K, used 11542K [0x00000006c1c00000, 0x00000006c9600000, 0x000000076b400000)
  object space 124928K, 9% used [0x00000006c1c00000,0x00000006c2745890,0x00000006c9600000)
 Metaspace       used 20681K, capacity 21120K, committed 21296K, reserved 1069056K
  class space    used 2484K, capacity 2610K, committed 2688K, reserved 1048576K
}
Event: 20.427 GC heap before
{Heap before GC invocations=5 (full 1):
 PSYoungGen      total 76288K, used 65536K [0x000000076b400000, 0x0000000770900000, 0x00000007c0000000)
  eden space 65536K, 100% used [0x000000076b400000,0x000000076f400000,0x000000076f400000)
  from space 10752K, 0% used [0x000000076f400000,0x000000076f400000,0x000000076fe80000)
  to   space 10752K, 0% used [0x000000076fe80000,0x000000076fe80000,0x0000000770900000)
 ParOldGen       total 124928K, used 11542K [0x00000006c1c00000, 0x00000006c9600000, 0x000000076b400000)
  object space 124928K, 9% used [0x00000006c1c00000,0x00000006c2745890,0x00000006c9600000)
 Metaspace       used 22622K, capacity 23090K, committed 23216K, reserved 1069056K
  class space    used 2666K, capacity 2773K, committed 2816K, reserved 1048576K
Event: 20.443 GC heap after
Heap after GC invocations=5 (full 1):
 PSYoungGen      total 76288K, used 10741K [0x000000076b400000, 0x0000000771a80000, 0x00000007c0000000)
  eden space 65536K, 0% used [0x000000076b400000,0x000000076b400000,0x000000076f400000)
  from space 10752K, 99% used [0x000000076fe80000,0x00000007708fd418,0x0000000770900000)
  to   space 10752K, 0% used [0x000000076f400000,0x000000076f400000,0x000000076fe80000)
 ParOldGen       total 124928K, used 15810K [0x00000006c1c00000, 0x00000006c9600000, 0x000000076b400000)
  object space 124928K, 12% used [0x00000006c1c00000,0x00000006c2b708c0,0x00000006c9600000)
 Metaspace       used 22622K, capacity 23090K, committed 23216K, reserved 1069056K
  class space    used 2666K, capacity 2773K, committed 2816K, reserved 1048576K
}
Event: 22.465 GC heap before
{Heap before GC invocations=6 (full 1):
 PSYoungGen      total 76288K, used 76277K [0x000000076b400000, 0x0000000771a80000, 0x00000007c0000000)
  eden space 65536K, 100% used [0x000000076b400000,0x000000076f400000,0x000000076f400000)
  from space 10752K, 99% used [0x000000076fe80000,0x00000007708fd418,0x0000000770900000)
  to   space 10752K, 0% used [0x000000076f400000,0x000000076f400000,0x000000076fe80000)
 ParOldGen       total 124928K, used 15810K [0x00000006c1c00000, 0x00000006c9600000, 0x000000076b400000)
  object space 124928K, 12% used [0x00000006c1c00000,0x00000006c2b708c0,0x00000006c9600000)
 Metaspace       used 29244K, capacity 29786K, committed 29952K, reserved 1075200K
  class space    used 3441K, capacity 3580K, committed 3584K, reserved 1048576K
Event: 22.482 GC heap after
Heap after GC invocations=6 (full 1):
 PSYoungGen      total 76288K, used 10749K [0x000000076b400000, 0x0000000773300000, 0x00000007c0000000)
  eden space 65536K, 0% used [0x000000076b400000,0x000000076b400000,0x000000076f400000)
  from space 10752K, 99% used [0x000000076f400000,0x000000076fe7f6a0,0x000000076fe80000)
  to   space 20480K, 0% used [0x0000000771f00000,0x0000000771f00000,0x0000000773300000)
 ParOldGen       total 124928K, used 24749K [0x00000006c1c00000, 0x00000006c9600000, 0x000000076b400000)
  object space 124928K, 19% used [0x00000006c1c00000,0x00000006c342b590,0x00000006c9600000)
 Metaspace       used 29244K, capacity 29786K, committed 29952K, reserved 1075200K
  class space    used 3441K, capacity 3580K, committed 3584K, reserved 1048576K
}

Deoptimization events (10 events):
Event: 22.271 Thread 0x0000000029a1c000 Uncommon trap: reason=unstable_if action=reinterpret pc=0x000000000360f254 method=com.sun.org.apache.xerces.internal.impl.XMLEntityScanner.peekChar()I @ 14
Event: 22.288 Thread 0x0000000029a1c000 Uncommon trap: reason=speculate_class_check action=maybe_recompile pc=0x000000000388efd4 method=java.nio.charset.CharsetDecoder.reset()Ljava/nio/charset/CharsetDecoder; @ 1
Event: 22.309 Thread 0x0000000029a1c000 Uncommon trap: reason=unstable_if action=reinterpret pc=0x00000000038a3240 method=java.lang.StringCoding.decode(Ljava/lang/String;[BII)[C @ 51
Event: 22.336 Thread 0x0000000029a1c000 Uncommon trap: reason=speculate_class_check action=maybe_recompile pc=0x000000000388efd4 method=java.nio.charset.CharsetDecoder.reset()Ljava/nio/charset/CharsetDecoder; @ 1
Event: 22.349 Thread 0x0000000029a1c000 Uncommon trap: reason=speculate_class_check action=maybe_recompile pc=0x000000000388efd4 method=java.nio.charset.CharsetDecoder.reset()Ljava/nio/charset/CharsetDecoder; @ 1
Event: 22.358 Thread 0x0000000029a1c000 Uncommon trap: reason=unstable_if action=reinterpret pc=0x00000000037c4ca0 method=java.util.concurrent.ConcurrentHashMap.replaceNode(Ljava/lang/Object;Ljava/lang/Object;Ljava/lang/Object;)Ljava/lang/Object; @ 47
Event: 22.433 Thread 0x0000000029a1c000 Uncommon trap: reason=unstable_if action=reinterpret pc=0x0000000003099e0c method=org.codehaus.plexus.classworlds.realm.Entry.matches(Ljava/lang/String;)Z @ 209
Event: 22.625 Thread 0x0000000029a1c000 Uncommon trap: reason=unloaded action=reinterpret pc=0x0000000003cc9a88 method=org.apache.tomcat.util.bcel.classfile.Constant.readConstant(Ljava/io/DataInputStream;)Lorg/apache/tomcat/util/bcel/classfile/Constant; @ 164
Event: 22.625 Thread 0x0000000029a1c000 Uncommon trap: reason=unstable_if action=reinterpret pc=0x0000000003cf9174 method=org.apache.tomcat.util.bcel.classfile.ConstantPool.<init>(Ljava/io/DataInputStream;)V @ 56
Event: 22.728 Thread 0x0000000029a1c000 Uncommon trap: reason=unstable_if action=reinterpret pc=0x000000000342dce0 method=org.apache.tomcat.util.bcel.classfile.ConstantUtf8$1.removeEldestEntry(Ljava/util/Map$Entry;)Z @ 7

Classes redefined (0 events):
No events

Internal exceptions (10 events):
Event: 8.598 Thread 0x0000000002ca2800 Implicit null exception at 0x00000000036f2cca to 0x00000000036f48ad
Event: 10.965 Thread 0x0000000002ca2800 Implicit null exception at 0x0000000003763e43 to 0x0000000003765af9
Event: 11.011 Thread 0x0000000002ca2800 Exception <a 'java/lang/ClassNotFoundException': com/sun/tools/javac/api/JavacTool> (0x000000076e5963d8) thrown at [C:\re\workspace\8-2-build-windows-amd64-cygwin\jdk8u191\11896\hotspot\src\share\vm\classfile\systemDictionary.cpp, line 210]
Event: 19.074 Thread 0x0000000002ca2800 Exception <a 'java/io/FileNotFoundException'> (0x000000076c082670) thrown at [C:\re\workspace\8-2-build-windows-amd64-cygwin\jdk8u191\11896\hotspot\src\share\vm\prims\jni.cpp, line 709]
Event: 19.775 Thread 0x0000000002ca2800 Exception <a 'java/io/FileNotFoundException'> (0x000000076c0b6d50) thrown at [C:\re\workspace\8-2-build-windows-amd64-cygwin\jdk8u191\11896\hotspot\src\share\vm\prims\jni.cpp, line 709]
Event: 20.855 Thread 0x0000000002ca2800 Exception <a 'java/io/FileNotFoundException'> (0x000000076c6ed850) thrown at [C:\re\workspace\8-2-build-windows-amd64-cygwin\jdk8u191\11896\hotspot\src\share\vm\prims\jni.cpp, line 709]
Event: 22.162 Thread 0x0000000029a1c000 Implicit null exception at 0x00000000038a4532 to 0x00000000038a5249
Event: 22.205 Thread 0x0000000029a1c000 Implicit null exception at 0x00000000030eb3d9 to 0x00000000030eb8d1
Event: 22.205 Thread 0x0000000029a1c000 Implicit null exception at 0x0000000002fda7d6 to 0x0000000002fdac8d
Event: 22.358 Thread 0x0000000029a1c000 Implicit null exception at 0x00000000037c45d7 to 0x00000000037c4c69

Events (10 events):
Event: 22.651 Thread 0x0000000029a1c000 DEOPT UNPACKING pc=0x0000000002de7890 sp=0x0000000025f1e8b0 mode 0
Event: 22.670 Thread 0x0000000029a1c000 DEOPT PACKING pc=0x0000000003cf7e01 sp=0x0000000025f1e820
Event: 22.670 Thread 0x0000000029a1c000 DEOPT UNPACKING pc=0x0000000002de7890 sp=0x0000000025f1e560 mode 0
Event: 22.688 Thread 0x0000000029a1c000 DEOPT PACKING pc=0x0000000003cf7e01 sp=0x0000000025f1eb70
Event: 22.688 Thread 0x0000000029a1c000 DEOPT UNPACKING pc=0x0000000002de7890 sp=0x0000000025f1e8b0 mode 0
Event: 22.697 Thread 0x0000000029a1c000 DEOPT PACKING pc=0x0000000003cf7e01 sp=0x0000000025f1eb70
Event: 22.697 Thread 0x0000000029a1c000 DEOPT UNPACKING pc=0x0000000002de7890 sp=0x0000000025f1e8b0 mode 0
Event: 22.728 Thread 0x0000000029a1c000 Uncommon trap: trap_request=0xffffff65 fr.pc=0x000000000342dce0
Event: 22.728 Thread 0x0000000029a1c000 DEOPT PACKING pc=0x000000000342dce0 sp=0x0000000025f1e9a0
Event: 22.728 Thread 0x0000000029a1c000 DEOPT UNPACKING pc=0x0000000002de583b sp=0x0000000025f1e930 mode 2


Dynamic libraries:
0x00007ff754140000 - 0x00007ff754177000 	C:\java\JDK\bin\java.exe
0x00007ff9d5a20000 - 0x00007ff9d5c0d000 	C:\Windows\SYSTEM32\ntdll.dll
0x00007ff9d3690000 - 0x00007ff9d3743000 	C:\Windows\System32\KERNEL32.DLL
0x00007ff9d2070000 - 0x00007ff9d2303000 	C:\Windows\System32\KERNELBASE.dll
0x00007ff9d5930000 - 0x00007ff9d59d3000 	C:\Windows\System32\ADVAPI32.dll
0x00007ff9d35f0000 - 0x00007ff9d368e000 	C:\Windows\System32\msvcrt.dll
0x00007ff9d5020000 - 0x00007ff9d50be000 	C:\Windows\System32\sechost.dll
0x00007ff9d4ec0000 - 0x00007ff9d4fe2000 	C:\Windows\System32\RPCRT4.dll
0x00007ff9d4d20000 - 0x00007ff9d4eb7000 	C:\Windows\System32\USER32.dll
0x00007ff9d1bf0000 - 0x00007ff9d1c10000 	C:\Windows\System32\win32u.dll
0x00007ff9d56e0000 - 0x00007ff9d5709000 	C:\Windows\System32\GDI32.dll
0x00007ff9d1ed0000 - 0x00007ff9d2069000 	C:\Windows\System32\gdi32full.dll
0x00007ff9d2bb0000 - 0x00007ff9d2c50000 	C:\Windows\System32\msvcp_win.dll
0x00007ff9d1af0000 - 0x00007ff9d1bea000 	C:\Windows\System32\ucrtbase.dll
0x00007ff9c22c0000 - 0x00007ff9c2539000 	C:\Windows\WinSxS\amd64_microsoft.windows.common-controls_6595b64144ccf1df_6.0.17763.615_none_05b4414a072024d4\COMCTL32.dll
0x00007ff9d31e0000 - 0x00007ff9d350c000 	C:\Windows\System32\combase.dll
0x00007ff9d1e50000 - 0x00007ff9d1ece000 	C:\Windows\System32\bcryptPrimitives.dll
0x00007ff9d4ff0000 - 0x00007ff9d501e000 	C:\Windows\System32\IMM32.DLL
0x000000006acd0000 - 0x000000006ada2000 	C:\java\JDK\jre\bin\msvcr100.dll
0x0000000068aa0000 - 0x0000000069344000 	C:\java\JDK\jre\bin\server\jvm.dll
0x00007ff9d59e0000 - 0x00007ff9d59e8000 	C:\Windows\System32\PSAPI.DLL
0x00007ff9bcba0000 - 0x00007ff9bcba9000 	C:\Windows\SYSTEM32\WSOCK32.dll
0x00007ff9cbff0000 - 0x00007ff9cbffa000 	C:\Windows\SYSTEM32\VERSION.dll
0x00007ff9cf880000 - 0x00007ff9cf8a4000 	C:\Windows\SYSTEM32\WINMM.dll
0x00007ff9d50c0000 - 0x00007ff9d512d000 	C:\Windows\System32\WS2_32.dll
0x00007ff9cf7f0000 - 0x00007ff9cf81d000 	C:\Windows\SYSTEM32\winmmbase.dll
0x00007ff9d2360000 - 0x00007ff9d23aa000 	C:\Windows\System32\cfgmgr32.dll
0x000000006c740000 - 0x000000006c74f000 	C:\java\JDK\jre\bin\verify.dll
0x000000006aca0000 - 0x000000006acc9000 	C:\java\JDK\jre\bin\java.dll
0x000000006ac60000 - 0x000000006ac95000 	C:\java\JDK\jre\bin\jdwp.dll
0x000000006ac50000 - 0x000000006ac58000 	C:\java\JDK\jre\bin\npt.dll
0x000000006ac20000 - 0x000000006ac43000 	C:\java\JDK\jre\bin\instrument.dll
0x000000006ac00000 - 0x000000006ac16000 	C:\java\JDK\jre\bin\zip.dll
0x00007ff9d3830000 - 0x00007ff9d4d20000 	C:\Windows\System32\SHELL32.dll
0x00007ff9d2c50000 - 0x00007ff9d2cf8000 	C:\Windows\System32\shcore.dll
0x00007ff9d2460000 - 0x00007ff9d2baa000 	C:\Windows\System32\windows.storage.dll
0x00007ff9d1a40000 - 0x00007ff9d1a64000 	C:\Windows\System32\profapi.dll
0x00007ff9d1a90000 - 0x00007ff9d1aed000 	C:\Windows\System32\powrprof.dll
0x00007ff9d3750000 - 0x00007ff9d37a2000 	C:\Windows\System32\shlwapi.dll
0x00007ff9d1a70000 - 0x00007ff9d1a81000 	C:\Windows\System32\kernel.appcore.dll
0x00007ff9d2340000 - 0x00007ff9d2357000 	C:\Windows\System32\cryptsp.dll
0x000000006abf0000 - 0x000000006abf9000 	C:\java\JDK\jre\bin\dt_socket.dll
0x00007ff9d1290000 - 0x00007ff9d12f7000 	C:\Windows\system32\mswsock.dll
0x000000006abd0000 - 0x000000006abea000 	C:\java\JDK\jre\bin\net.dll
0x000000006abb0000 - 0x000000006abc1000 	C:\java\JDK\jre\bin\nio.dll
0x00007ff9d0df0000 - 0x00007ff9d0e23000 	C:\Windows\system32\rsaenh.dll
0x00007ff9d2310000 - 0x00007ff9d2336000 	C:\Windows\System32\bcrypt.dll
0x00007ff9d1950000 - 0x00007ff9d1978000 	C:\Windows\SYSTEM32\USERENV.dll
0x00007ff9d1460000 - 0x00007ff9d146c000 	C:\Windows\SYSTEM32\CRYPTBASE.dll
0x00007ff9d0ff0000 - 0x00007ff9d102d000 	C:\Windows\SYSTEM32\IPHLPAPI.DLL
0x00007ff9d5920000 - 0x00007ff9d5928000 	C:\Windows\System32\NSI.dll
0x00007ff9ca8e0000 - 0x00007ff9ca8f6000 	C:\Windows\SYSTEM32\dhcpcsvc6.DLL
0x00007ff9ca830000 - 0x00007ff9ca84c000 	C:\Windows\SYSTEM32\dhcpcsvc.DLL
0x00007ff9d1030000 - 0x00007ff9d10f6000 	C:\Windows\SYSTEM32\DNSAPI.dll
0x000000006aba0000 - 0x000000006abad000 	C:\java\JDK\jre\bin\management.dll

VM Arguments:
jvm_args: -agentlib:jdwp=transport=dt_socket,address=127.0.0.1:56634,suspend=y,server=n -Dmaven.multiModuleProjectDirectory=D:\IdeaProjects\HealthProject\Health_Parent\Health_mobile -DarchetypeCatalog=internal -Dmaven.home=D:\software\DevelopTools\Maven\apache-maven-3.3.9 -Dclassworlds.conf=D:\software\DevelopTools\Maven\apache-maven-3.3.9\bin\m2.conf -javaagent:C:\Users\32993\.IntelliJIdea2017.3\system\captureAgent\debugger-agent.jar=C:\Users\32993\AppData\Local\Temp\capture6910.props -Dfile.encoding=UTF-8 
java_command: org.codehaus.classworlds.Launcher -Didea.version=2017.3.2 -s D:\software\DevelopTools\Maven\apache-maven-3.3.9\conf\settings.xml -Dmaven.repo.local=D:\software\DevelopTools\repository_boot tomcat7:run
java_class_path (initial): D:\software\DevelopTools\Maven\apache-maven-3.3.9\boot\plexus-classworlds-2.5.2.jar;D:\software\DevelopTools\IntelliJ IDEA 2017.3.2\lib\idea_rt.jar;C:\Users\32993\.IntelliJIdea2017.3\system\captureAgent\debugger-agent.jar
Launcher Type: SUN_STANDARD

Environment Variables:
JAVA_HOME=C:\java\JDK
PATH=C:\Program Files (x86)\Common Files\Oracle\Java\javapath;C:\ProgramData\Oracle\Java\javapath;D:\software\DevelopTools\Xshell\;D:\software\DevelopTools\Xftp\;C:\java\JDK\bin;C:\Windows\system32;C:\Windows;C:\Windows\System32\Wbem;C:\Windows\System32\WindowsPowerShell\v1.0\;C:\Windows\System32\OpenSSH\;C:\Program Files\Intel\WiFi\bin\;C:\Program Files\Common Files\Intel\WirelessCommon\;C:\Program Files (x86)\NVIDIA Corporation\PhysX\Common;C:\Program Files\NVIDIA Corporation\NVIDIA NvDLISR;C:\Program Files (x86)\Intel\Intel(R) Management Engine Components\DAL;C:\Program Files\Intel\Intel(R) Management Engine Components\DAL;D:\software\bin;D:\software\Mysql\bin;C:\Program Files (x86)\MySQL\MySQL Server 5.5\bin;D:\software\DevelopTools\Tomcat\apache-tomcat-8.5.5\bin;D:\software\DevelopTools\Maven\apache-maven-3.3.9\\bin;D:\software\DevelopTools\Node.js\;D:\software\DevelopTools\Git\Git\cmd;C:\Users\32993\AppData\Local\Microsoft\WindowsApps;C:\Users\32993\AppData\Roaming\npm;C:\Users\32993\AppData\Local\GitHubDesktop\bin
USERNAME=32993
OS=Windows_NT
PROCESSOR_IDENTIFIER=Intel64 Family 6 Model 142 Stepping 10, GenuineIntel



---------------  S Y S T E M  ---------------

OS: Windows 10.0 , 64 bit Build 17763 (10.0.17763.475)

CPU:total 8 (initial active 8) (4 cores per cpu, 2 threads per core) family 6 model 142 stepping 10, cmov, cx8, fxsr, mmx, sse, sse2, sse3, ssse3, sse4.1, sse4.2, popcnt, avx, avx2, aes, clmul, erms, 3dnowpref, lzcnt, ht, tsc, tscinvbit, bmi1, bmi2, adx

Memory: 4k page, physical 16658152k(8348948k free), swap 27143908k(5384k free)

vm_info: Java HotSpot(TM) 64-Bit Server VM (25.191-b12) for windows-amd64 JRE (1.8.0_191-b12), built on Oct  6 2018 09:29:03 by "java_re" with MS VC++ 10.0 (VS2010)

time: Fri Jul 19 18:29:21 2019
elapsed time: 22 seconds (0d 0h 0m 22s)

