#
# There is insufficient memory for the Java Runtime Environment to continue.
# Native memory allocation (malloc) failed to allocate 921216 bytes for Chunk::new
# Possible reasons:
#   The system is out of physical RAM or swap space
#   In 32 bit mode, the process size limit was hit
# Possible solutions:
#   Reduce memory load on the system
#   Increase physical memory or swap space
#   Check if swap backing store is full
#   Use 64 bit Java on a 64 bit OS
#   Decrease Java heap size (-Xmx/-Xms)
#   Decrease number of Java threads
#   Decrease Java thread stack sizes (-Xss)
#   Set larger code cache with -XX:ReservedCodeCacheSize=
# This output file may be truncated or incomplete.
#
#  Out of Memory Error (allocation.cpp:390), pid=6624, tid=0x00000000000017b0
#
# JRE version: Java(TM) SE Runtime Environment (8.0_191-b12) (build 1.8.0_191-b12)
# Java VM: Java HotSpot(TM) 64-Bit Server VM (25.191-b12 mixed mode windows-amd64 compressed oops)
# Failed to write core dump. Minidumps are not enabled by default on client versions of Windows
#

---------------  T H R E A D  ---------------

Current thread (0x000000001ea47800):  JavaThread "C2 CompilerThread1" daemon [_thread_in_native, id=6064, stack(0x000000001f5e0000,0x000000001f6e0000)]

Stack: [0x000000001f5e0000,0x000000001f6e0000]
[error occurred during error reporting (printing stack bounds), id 0xc0000005]

Native frames: (J=compiled Java code, j=interpreted, Vv=VM code, C=native code)


Current CompileTask:
C2:   8958 4190       4       org.apache.catalina.startup.ContextConfig::populateJavaClassCache (79 bytes)


---------------  P R O C E S S  ---------------

Java Threads: ( => current thread )
  0x000000001ec5a000 JavaThread "localhost-startStop-1" daemon [_thread_in_Java, id=13764, stack(0x0000000022c30000,0x0000000022d30000)]
  0x0000000021a92800 JavaThread "Tomcat-startStop-1" daemon [_thread_blocked, id=13768, stack(0x0000000022b30000,0x0000000022c30000)]
  0x000000001eadc000 JavaThread "Service Thread" daemon [_thread_blocked, id=6192, stack(0x000000001f8e0000,0x000000001f9e0000)]
  0x000000001ea4a000 JavaThread "C1 CompilerThread3" daemon [_thread_blocked, id=8300, stack(0x000000001f7e0000,0x000000001f8e0000)]
  0x000000001ea49800 JavaThread "C2 CompilerThread2" daemon [_thread_in_native, id=412, stack(0x000000001f6e0000,0x000000001f7e0000)]
=>0x000000001ea47800 JavaThread "C2 CompilerThread1" daemon [_thread_in_native, id=6064, stack(0x000000001f5e0000,0x000000001f6e0000)]
  0x000000001ea3e800 JavaThread "C2 CompilerThread0" daemon [_thread_in_native, id=3436, stack(0x000000001f4e0000,0x000000001f5e0000)]
  0x000000001ea32800 JavaThread "JDWP Command Reader" daemon [_thread_in_native, id=13864, stack(0x000000001f3e0000,0x000000001f4e0000)]
  0x000000001ea26000 JavaThread "JDWP Event Helper Thread" daemon [_thread_blocked, id=10212, stack(0x000000001f2e0000,0x000000001f3e0000)]
  0x000000001ea15800 JavaThread "JDWP Transport Listener: dt_socket" daemon [_thread_blocked, id=9800, stack(0x000000001f1e0000,0x000000001f2e0000)]
  0x000000001ea10000 JavaThread "Attach Listener" daemon [_thread_blocked, id=13120, stack(0x000000001f0e0000,0x000000001f1e0000)]
  0x000000001ea0f800 JavaThread "Signal Dispatcher" daemon [_thread_blocked, id=1096, stack(0x000000001efe0000,0x000000001f0e0000)]
  0x000000001e9a0800 JavaThread "Finalizer" daemon [_thread_blocked, id=11616, stack(0x000000001ee80000,0x000000001ef80000)]
  0x0000000003168000 JavaThread "Reference Handler" daemon [_thread_blocked, id=2944, stack(0x000000001ed80000,0x000000001ee80000)]
  0x0000000003072800 JavaThread "main" [_thread_blocked, id=1424, stack(0x0000000002b70000,0x0000000002c70000)]

Other Threads:
  0x000000001cb87800 VMThread [stack: 0x000000001e880000,0x000000001e980000] [id=5836]
  0x000000001eb2b800 WatcherThread [stack: 0x000000001f9e0000,0x000000001fae0000] [id=9496]

VM state:not at safepoint (normal execution)

VM Mutex/Monitor currently owned by a thread: None

Heap:
 PSYoungGen      total 125952K, used 86016K [0x000000076b400000, 0x0000000778d00000, 0x00000007c0000000)
  eden space 109568K, 63% used [0x000000076b400000,0x000000076f802568,0x0000000771f00000)
  from space 16384K, 99% used [0x0000000771f00000,0x0000000772efdd20,0x0000000772f00000)
  to   space 21504K, 0% used [0x0000000777800000,0x0000000777800000,0x0000000778d00000)
 ParOldGen       total 116736K, used 23784K [0x00000006c1c00000, 0x00000006c8e00000, 0x000000076b400000)
  object space 116736K, 20% used [0x00000006c1c00000,0x00000006c333a3a0,0x00000006c8e00000)
 Metaspace       used 23856K, capacity 24386K, committed 24496K, reserved 1071104K
  class space    used 2759K, capacity 2932K, committed 2992K, reserved 1048576K

Card table byte_map: [0x0000000012530000,0x0000000012d30000] byte_map_base: 0x000000000ef22000

Marking Bits: (ParMarkBitMap*) 0x0000000063453e30
 Begin Bits: [0x0000000013a80000, 0x0000000017a10000)
 End Bits:   [0x0000000017a10000, 0x000000001b9a0000)

Polling page: 0x0000000000bf0000

CodeCache: size=245760Kb used=13521Kb max_used=13536Kb free=232239Kb
 bounds [0x0000000003170000, 0x0000000003ed0000, 0x0000000012170000]
 total_blobs=4020 nmethods=3636 adapters=304
 compilation: enabled

Compilation events (10 events):
Event: 8.705 Thread 0x000000001ea4a000 4191       2       org.apache.tomcat.util.bcel.classfile.JavaClass::getAnnotationEntries (121 bytes)
Event: 8.706 Thread 0x000000001ea4a000 nmethod 4191 0x0000000003ea8310 code [0x0000000003ea84c0, 0x0000000003ea8b18]
Event: 8.712 Thread 0x000000001ea47800 nmethod 4185 0x0000000003eae490 code [0x0000000003eae900, 0x0000000003eb24d0]
Event: 8.713 Thread 0x000000001ea47800 4192       4       org.apache.tomcat.util.bcel.classfile.JavaClass::getAnnotationEntries (121 bytes)
Event: 8.736 Thread 0x000000001ea47800 nmethod 4192 0x0000000003eaa950 code [0x0000000003eaaae0, 0x0000000003eab7b8]
Event: 8.736 Thread 0x000000001ea47800 4193       4       org.apache.tomcat.util.bcel.classfile.Attribute::readAttribute (527 bytes)
Event: 8.855 Thread 0x000000001ea47800 nmethod 4193 0x0000000003ebb690 code [0x0000000003ebbc60, 0x0000000003ebefe0]
Event: 8.855 Thread 0x000000001ea47800 4190       4       org.apache.catalina.startup.ContextConfig::populateJavaClassCache (79 bytes)
Event: 8.879 Thread 0x000000001ea4a000 4195       3       org.apache.tomcat.util.bcel.classfile.RuntimeInvisibleAnnotations::<init> (12 bytes)
Event: 8.879 Thread 0x000000001ea4a000 nmethod 4195 0x0000000003e8d710 code [0x0000000003e8d880, 0x0000000003e8da48]

GC Heap History (10 events):
Event: 6.328 GC heap before
{Heap before GC invocations=4 (full 0):
 PSYoungGen      total 76288K, used 38131K [0x000000076b400000, 0x0000000774900000, 0x00000007c0000000)
  eden space 65536K, 41% used [0x000000076b400000,0x000000076cebe1a8,0x000000076f400000)
  from space 10752K, 99% used [0x000000076f400000,0x000000076fe7eb90,0x000000076fe80000)
  to   space 10752K, 0% used [0x0000000773e80000,0x0000000773e80000,0x0000000774900000)
 ParOldGen       total 175104K, used 1410K [0x00000006c1c00000, 0x00000006cc700000, 0x000000076b400000)
  object space 175104K, 0% used [0x00000006c1c00000,0x00000006c1d60a28,0x00000006cc700000)
 Metaspace       used 20689K, capacity 21182K, committed 21296K, reserved 1069056K
  class space    used 2421K, capacity 2589K, committed 2608K, reserved 1048576K
Event: 6.342 GC heap after
Heap after GC invocations=4 (full 0):
 PSYoungGen      total 76288K, used 10744K [0x000000076b400000, 0x0000000774900000, 0x00000007c0000000)
  eden space 65536K, 0% used [0x000000076b400000,0x000000076b400000,0x000000076f400000)
  from space 10752K, 99% used [0x0000000773e80000,0x00000007748fe030,0x0000000774900000)
  to   space 10752K, 0% used [0x000000076f400000,0x000000076f400000,0x000000076fe80000)
 ParOldGen       total 175104K, used 4598K [0x00000006c1c00000, 0x00000006cc700000, 0x000000076b400000)
  object space 175104K, 2% used [0x00000006c1c00000,0x00000006c207dbd0,0x00000006cc700000)
 Metaspace       used 20689K, capacity 21182K, committed 21296K, reserved 1069056K
  class space    used 2421K, capacity 2589K, committed 2608K, reserved 1048576K
}
Event: 6.342 GC heap before
{Heap before GC invocations=5 (full 1):
 PSYoungGen      total 76288K, used 10744K [0x000000076b400000, 0x0000000774900000, 0x00000007c0000000)
  eden space 65536K, 0% used [0x000000076b400000,0x000000076b400000,0x000000076f400000)
  from space 10752K, 99% used [0x0000000773e80000,0x00000007748fe030,0x0000000774900000)
  to   space 10752K, 0% used [0x000000076f400000,0x000000076f400000,0x000000076fe80000)
 ParOldGen       total 175104K, used 4598K [0x00000006c1c00000, 0x00000006cc700000, 0x000000076b400000)
  object space 175104K, 2% used [0x00000006c1c00000,0x00000006c207dbd0,0x00000006cc700000)
 Metaspace       used 20689K, capacity 21182K, committed 21296K, reserved 1069056K
  class space    used 2421K, capacity 2589K, committed 2608K, reserved 1048576K
Event: 6.407 GC heap after
Heap after GC invocations=5 (full 1):
 PSYoungGen      total 76288K, used 0K [0x000000076b400000, 0x0000000774900000, 0x00000007c0000000)
  eden space 65536K, 0% used [0x000000076b400000,0x000000076b400000,0x000000076f400000)
  from space 10752K, 0% used [0x0000000773e80000,0x0000000773e80000,0x0000000774900000)
  to   space 10752K, 0% used [0x000000076f400000,0x000000076f400000,0x000000076fe80000)
 ParOldGen       total 116736K, used 13729K [0x00000006c1c00000, 0x00000006c8e00000, 0x000000076b400000)
  object space 116736K, 11% used [0x00000006c1c00000,0x00000006c29686c0,0x00000006c8e00000)
 Metaspace       used 20689K, capacity 21182K, committed 21296K, reserved 1069056K
  class space    used 2421K, capacity 2589K, committed 2608K, reserved 1048576K
}
Event: 7.441 GC heap before
{Heap before GC invocations=6 (full 1):
 PSYoungGen      total 76288K, used 65536K [0x000000076b400000, 0x0000000774900000, 0x00000007c0000000)
  eden space 65536K, 100% used [0x000000076b400000,0x000000076f400000,0x000000076f400000)
  from space 10752K, 0% used [0x0000000773e80000,0x0000000773e80000,0x0000000774900000)
  to   space 10752K, 0% used [0x000000076f400000,0x000000076f400000,0x000000076fe80000)
 ParOldGen       total 116736K, used 13729K [0x00000006c1c00000, 0x00000006c8e00000, 0x000000076b400000)
  object space 116736K, 11% used [0x00000006c1c00000,0x00000006c29686c0,0x00000006c8e00000)
 Metaspace       used 23827K, capacity 24354K, committed 24496K, reserved 1071104K
  class space    used 2757K, capacity 2900K, committed 2992K, reserved 1048576K
Event: 7.454 GC heap after
Heap after GC invocations=6 (full 1):
 PSYoungGen      total 76288K, used 10730K [0x000000076b400000, 0x0000000773f00000, 0x00000007c0000000)
  eden space 65536K, 0% used [0x000000076b400000,0x000000076b400000,0x000000076f400000)
  from space 10752K, 99% used [0x000000076f400000,0x000000076fe7abf8,0x000000076fe80000)
  to   space 14336K, 0% used [0x0000000773100000,0x0000000773100000,0x0000000773f00000)
 ParOldGen       total 116736K, used 14773K [0x00000006c1c00000, 0x00000006c8e00000, 0x000000076b400000)
  object space 116736K, 12% used [0x00000006c1c00000,0x00000006c2a6d578,0x00000006c8e00000)
 Metaspace       used 23827K, capacity 24354K, committed 24496K, reserved 1071104K
  class space    used 2757K, capacity 2900K, committed 2992K, reserved 1048576K
}
Event: 7.919 GC heap before
{Heap before GC invocations=7 (full 1):
 PSYoungGen      total 76288K, used 76266K [0x000000076b400000, 0x0000000773f00000, 0x00000007c0000000)
  eden space 65536K, 100% used [0x000000076b400000,0x000000076f400000,0x000000076f400000)
  from space 10752K, 99% used [0x000000076f400000,0x000000076fe7abf8,0x000000076fe80000)
  to   space 14336K, 0% used [0x0000000773100000,0x0000000773100000,0x0000000773f00000)
 ParOldGen       total 116736K, used 14773K [0x00000006c1c00000, 0x00000006c8e00000, 0x000000076b400000)
  object space 116736K, 12% used [0x00000006c1c00000,0x00000006c2a6d578,0x00000006c8e00000)
 Metaspace       used 23838K, capacity 24354K, committed 24496K, reserved 1071104K
  class space    used 2757K, capacity 2900K, committed 2992K, reserved 1048576K
Event: 7.933 GC heap after
Heap after GC invocations=7 (full 1):
 PSYoungGen      total 118784K, used 14328K [0x000000076b400000, 0x0000000773f00000, 0x00000007c0000000)
  eden space 104448K, 0% used [0x000000076b400000,0x000000076b400000,0x0000000771a00000)
  from space 14336K, 99% used [0x0000000773100000,0x0000000773efe0e0,0x0000000773f00000)
  to   space 16384K, 0% used [0x0000000771f00000,0x0000000771f00000,0x0000000772f00000)
 ParOldGen       total 116736K, used 16337K [0x00000006c1c00000, 0x00000006c8e00000, 0x000000076b400000)
  object space 116736K, 13% used [0x00000006c1c00000,0x00000006c2bf4488,0x00000006c8e00000)
 Metaspace       used 23838K, capacity 24354K, committed 24496K, reserved 1071104K
  class space    used 2757K, capacity 2900K, committed 2992K, reserved 1048576K
}
Event: 8.521 GC heap before
{Heap before GC invocations=8 (full 1):
 PSYoungGen      total 118784K, used 118776K [0x000000076b400000, 0x0000000773f00000, 0x00000007c0000000)
  eden space 104448K, 100% used [0x000000076b400000,0x0000000771a00000,0x0000000771a00000)
  from space 14336K, 99% used [0x0000000773100000,0x0000000773efe0e0,0x0000000773f00000)
  to   space 16384K, 0% used [0x0000000771f00000,0x0000000771f00000,0x0000000772f00000)
 ParOldGen       total 116736K, used 16337K [0x00000006c1c00000, 0x00000006c8e00000, 0x000000076b400000)
  object space 116736K, 13% used [0x00000006c1c00000,0x00000006c2bf4488,0x00000006c8e00000)
 Metaspace       used 23839K, capacity 24354K, committed 24496K, reserved 1071104K
  class space    used 2757K, capacity 2900K, committed 2992K, reserved 1048576K
Event: 8.557 GC heap after
Heap after GC invocations=8 (full 1):
 PSYoungGen      total 125952K, used 16375K [0x000000076b400000, 0x0000000778d00000, 0x00000007c0000000)
  eden space 109568K, 0% used [0x000000076b400000,0x000000076b400000,0x0000000771f00000)
  from space 16384K, 99% used [0x0000000771f00000,0x0000000772efdd20,0x0000000772f00000)
  to   space 21504K, 0% used [0x0000000777800000,0x0000000777800000,0x0000000778d00000)
 ParOldGen       total 116736K, used 23784K [0x00000006c1c00000, 0x00000006c8e00000, 0x000000076b400000)
  object space 116736K, 20% used [0x00000006c1c00000,0x00000006c333a3a0,0x00000006c8e00000)
 Metaspace       used 23839K, capacity 24354K, committed 24496K, reserved 1071104K
  class space    used 2757K, capacity 2900K, committed 2992K, reserved 1048576K
}

Deoptimization events (10 events):
Event: 7.515 Thread 0x000000001ec5a000 Uncommon trap: reason=unstable_if action=reinterpret pc=0x0000000003cc5c20 method=org.apache.tomcat.util.bcel.classfile.ConstantUtf8$1.removeEldestEntry(Ljava/util/Map$Entry;)Z @ 7
Event: 7.678 Thread 0x000000001ec5a000 Uncommon trap: reason=unstable_if action=reinterpret pc=0x00000000033b5d1c method=java.util.HashMap.removeNode(ILjava/lang/Object;Ljava/lang/Object;ZZ)Ljava/util/HashMap$Node; @ 71
Event: 7.690 Thread 0x000000001ec5a000 Uncommon trap: reason=unloaded action=reinterpret pc=0x0000000003e76078 method=org.apache.tomcat.util.bcel.classfile.Attribute.readAttribute(Ljava/io/DataInputStream;Lorg/apache/tomcat/util/bcel/classfile/ConstantPool;)Lorg/apache/tomcat/util/bcel/classfi
Event: 8.352 Thread 0x000000001ec5a000 Uncommon trap: reason=unstable_if action=reinterpret pc=0x00000000035b93dc method=org.codehaus.plexus.classworlds.realm.Entry.matches(Ljava/lang/String;)Z @ 209
Event: 8.652 Thread 0x000000001ec5a000 Uncommon trap: reason=unstable_if action=reinterpret pc=0x0000000003e84234 method=org.apache.catalina.startup.ContextConfig.getSCIsForClass(Ljava/lang/String;)Ljava/util/Set; @ 62
Event: 8.695 Thread 0x000000001ec5a000 Uncommon trap: reason=unloaded action=reinterpret pc=0x0000000003e87b9c method=org.apache.tomcat.util.bcel.classfile.Attribute.readAttribute(Ljava/io/DataInputStream;Lorg/apache/tomcat/util/bcel/classfile/ConstantPool;)Lorg/apache/tomcat/util/bcel/classfi
Event: 8.703 Thread 0x000000001ec5a000 Uncommon trap: reason=class_check action=maybe_recompile pc=0x0000000003e8f070 method=org.apache.tomcat.util.bcel.classfile.JavaClass.getAnnotationEntries()[Lorg/apache/tomcat/util/bcel/classfile/AnnotationEntry; @ 43
Event: 8.703 Thread 0x000000001ec5a000 Uncommon trap: reason=class_check action=maybe_recompile pc=0x0000000003e8f070 method=org.apache.tomcat.util.bcel.classfile.JavaClass.getAnnotationEntries()[Lorg/apache/tomcat/util/bcel/classfile/AnnotationEntry; @ 43
Event: 8.704 Thread 0x000000001ec5a000 Uncommon trap: reason=class_check action=maybe_recompile pc=0x0000000003e8f070 method=org.apache.tomcat.util.bcel.classfile.JavaClass.getAnnotationEntries()[Lorg/apache/tomcat/util/bcel/classfile/AnnotationEntry; @ 43
Event: 8.705 Thread 0x000000001ec5a000 Uncommon trap: reason=class_check action=maybe_recompile pc=0x0000000003e8f070 method=org.apache.tomcat.util.bcel.classfile.JavaClass.getAnnotationEntries()[Lorg/apache/tomcat/util/bcel/classfile/AnnotationEntry; @ 43

Classes redefined (0 events):
No events

Internal exceptions (10 events):
Event: 2.891 Thread 0x0000000003072800 Implicit null exception at 0x000000000352cc94 to 0x000000000352cf29
Event: 2.891 Thread 0x0000000003072800 Implicit null exception at 0x000000000360032f to 0x000000000360039d
Event: 2.921 Thread 0x0000000003072800 Implicit null exception at 0x0000000003780d0b to 0x0000000003780e45
Event: 2.921 Thread 0x0000000003072800 Implicit null exception at 0x00000000035fffd8 to 0x0000000003600066
Event: 2.953 Thread 0x0000000003072800 Implicit null exception at 0x00000000038261db to 0x0000000003826881
Event: 4.014 Thread 0x0000000003072800 Implicit null exception at 0x0000000003b3c9e7 to 0x0000000003b3e659
Event: 4.707 Thread 0x0000000003072800 Exception <a 'java/io/FileNotFoundException'> (0x000000076c21a8f0) thrown at [C:\re\workspace\8-2-build-windows-amd64-cygwin\jdk8u191\11896\hotspot\src\share\vm\prims\jni.cpp, line 709]
Event: 6.893 Thread 0x000000001ec5a000 Implicit null exception at 0x0000000003438699 to 0x0000000003438b91
Event: 6.893 Thread 0x000000001ec5a000 Implicit null exception at 0x0000000003396716 to 0x0000000003396bcd
Event: 7.038 Thread 0x000000001ec5a000 Implicit null exception at 0x0000000003bcf797 to 0x0000000003bcfe29

Events (10 events):
Event: 8.703 Thread 0x000000001ec5a000 DEOPT UNPACKING pc=0x00000000031b583b sp=0x0000000022d2e970 mode 2
Event: 8.703 Thread 0x000000001ec5a000 Uncommon trap: trap_request=0xffffffde fr.pc=0x0000000003e8f070
Event: 8.703 Thread 0x000000001ec5a000 DEOPT PACKING pc=0x0000000003e8f070 sp=0x0000000022d2e940
Event: 8.703 Thread 0x000000001ec5a000 DEOPT UNPACKING pc=0x00000000031b583b sp=0x0000000022d2e970 mode 2
Event: 8.704 Thread 0x000000001ec5a000 Uncommon trap: trap_request=0xffffffde fr.pc=0x0000000003e8f070
Event: 8.704 Thread 0x000000001ec5a000 DEOPT PACKING pc=0x0000000003e8f070 sp=0x0000000022d2e940
Event: 8.704 Thread 0x000000001ec5a000 DEOPT UNPACKING pc=0x00000000031b583b sp=0x0000000022d2e970 mode 2
Event: 8.705 Thread 0x000000001ec5a000 Uncommon trap: trap_request=0xffffffde fr.pc=0x0000000003e8f070
Event: 8.705 Thread 0x000000001ec5a000 DEOPT PACKING pc=0x0000000003e8f070 sp=0x0000000022d2e940
Event: 8.705 Thread 0x000000001ec5a000 DEOPT UNPACKING pc=0x00000000031b583b sp=0x0000000022d2e970 mode 2


Dynamic libraries:
0x00007ff6d85f0000 - 0x00007ff6d8627000 	C:\java\JDK\bin\java.exe
0x00007ff913a50000 - 0x00007ff913c3d000 	C:\Windows\SYSTEM32\ntdll.dll
0x00007ff913960000 - 0x00007ff913a13000 	C:\Windows\System32\KERNEL32.DLL
0x00007ff9108b0000 - 0x00007ff910b43000 	C:\Windows\System32\KERNELBASE.dll
0x00007ff911bb0000 - 0x00007ff911c53000 	C:\Windows\System32\ADVAPI32.dll
0x00007ff910cb0000 - 0x00007ff910d4e000 	C:\Windows\System32\msvcrt.dll
0x00007ff9132f0000 - 0x00007ff91338e000 	C:\Windows\System32\sechost.dll
0x00007ff910db0000 - 0x00007ff910ed2000 	C:\Windows\System32\RPCRT4.dll
0x00007ff9137c0000 - 0x00007ff913957000 	C:\Windows\System32\USER32.dll
0x00007ff9105f0000 - 0x00007ff910610000 	C:\Windows\System32\win32u.dll
0x00007ff910c80000 - 0x00007ff910ca9000 	C:\Windows\System32\GDI32.dll
0x00007ff910710000 - 0x00007ff9108a9000 	C:\Windows\System32\gdi32full.dll
0x00007ff910be0000 - 0x00007ff910c80000 	C:\Windows\System32\msvcp_win.dll
0x00007ff910610000 - 0x00007ff91070a000 	C:\Windows\System32\ucrtbase.dll
0x00007ff902ba0000 - 0x00007ff902e19000 	C:\Windows\WinSxS\amd64_microsoft.windows.common-controls_6595b64144ccf1df_6.0.17763.615_none_05b4414a072024d4\COMCTL32.dll
0x00007ff910f40000 - 0x00007ff91126c000 	C:\Windows\System32\combase.dll
0x00007ff910570000 - 0x00007ff9105ee000 	C:\Windows\System32\bcryptPrimitives.dll
0x00007ff913290000 - 0x00007ff9132be000 	C:\Windows\System32\IMM32.DLL
0x00000000645a0000 - 0x0000000064672000 	C:\java\JDK\jre\bin\msvcr100.dll
0x0000000062c30000 - 0x00000000634d4000 	C:\java\JDK\jre\bin\server\jvm.dll
0x00007ff9134f0000 - 0x00007ff9134f8000 	C:\Windows\System32\PSAPI.DLL
0x00007ff8fac10000 - 0x00007ff8fac19000 	C:\Windows\SYSTEM32\WSOCK32.dll
0x00007ff9115e0000 - 0x00007ff91164d000 	C:\Windows\System32\WS2_32.dll
0x00007ff90dbb0000 - 0x00007ff90dbd4000 	C:\Windows\SYSTEM32\WINMM.dll
0x00007ff90a4c0000 - 0x00007ff90a4ca000 	C:\Windows\SYSTEM32\VERSION.dll
0x00007ff90da90000 - 0x00007ff90dabd000 	C:\Windows\SYSTEM32\WINMMBASE.dll
0x00007ff910320000 - 0x00007ff91036a000 	C:\Windows\System32\cfgmgr32.dll
0x0000000064590000 - 0x000000006459f000 	C:\java\JDK\jre\bin\verify.dll
0x0000000064560000 - 0x0000000064589000 	C:\java\JDK\jre\bin\java.dll
0x0000000066720000 - 0x0000000066755000 	C:\java\JDK\jre\bin\jdwp.dll
0x0000000066710000 - 0x0000000066718000 	C:\java\JDK\jre\bin\npt.dll
0x00000000644c0000 - 0x00000000644d6000 	C:\java\JDK\jre\bin\zip.dll
0x00007ff911da0000 - 0x00007ff913290000 	C:\Windows\System32\SHELL32.dll
0x00007ff9136b0000 - 0x00007ff913758000 	C:\Windows\System32\shcore.dll
0x00007ff90fbd0000 - 0x00007ff91031a000 	C:\Windows\System32\windows.storage.dll
0x00007ff90fa70000 - 0x00007ff90fa94000 	C:\Windows\System32\profapi.dll
0x00007ff90fac0000 - 0x00007ff90fb1d000 	C:\Windows\System32\powrprof.dll
0x00007ff910d50000 - 0x00007ff910da2000 	C:\Windows\System32\shlwapi.dll
0x00007ff90fa50000 - 0x00007ff90fa61000 	C:\Windows\System32\kernel.appcore.dll
0x00007ff910550000 - 0x00007ff910567000 	C:\Windows\System32\cryptsp.dll
0x00000000666d0000 - 0x00000000666d9000 	C:\java\JDK\jre\bin\dt_socket.dll
0x00007ff90f2c0000 - 0x00007ff90f327000 	C:\Windows\system32\mswsock.dll
0x0000000064490000 - 0x00000000644aa000 	C:\java\JDK\jre\bin\net.dll
0x0000000064470000 - 0x0000000064481000 	C:\java\JDK\jre\bin\nio.dll
0x00007ff90ee20000 - 0x00007ff90ee53000 	C:\Windows\system32\rsaenh.dll
0x00007ff910bb0000 - 0x00007ff910bd6000 	C:\Windows\System32\bcrypt.dll
0x00007ff90f980000 - 0x00007ff90f9a8000 	C:\Windows\SYSTEM32\USERENV.dll
0x00007ff90f490000 - 0x00007ff90f49c000 	C:\Windows\SYSTEM32\CRYPTBASE.dll
0x00007ff90f020000 - 0x00007ff90f05d000 	C:\Windows\SYSTEM32\IPHLPAPI.DLL
0x00007ff911d90000 - 0x00007ff911d98000 	C:\Windows\System32\NSI.dll
0x00007ff9015f0000 - 0x00007ff901606000 	C:\Windows\SYSTEM32\dhcpcsvc6.DLL
0x00007ff9015d0000 - 0x00007ff9015ec000 	C:\Windows\SYSTEM32\dhcpcsvc.DLL
0x00007ff90f060000 - 0x00007ff90f126000 	C:\Windows\SYSTEM32\DNSAPI.dll
0x0000000064460000 - 0x000000006446d000 	C:\java\JDK\jre\bin\management.dll

VM Arguments:
jvm_args: -agentlib:jdwp=transport=dt_socket,address=127.0.0.1:59276,suspend=y,server=n -Dmaven.multiModuleProjectDirectory=D:\IdeaProjects\GITÏîÄ¿\Groupprojects\Health_Parent\Health_Backend -DarchetypeCatalog=internal -Dmaven.home=D:\software\DevelopTools\Maven\apache-maven-3.3.9 -Dclassworlds.conf=D:\software\DevelopTools\Maven\apache-maven-3.3.9\bin\m2.conf -Dfile.encoding=UTF-8 
java_command: org.codehaus.classworlds.Launcher -Didea.version=2017.3.2 -s D:\software\DevelopTools\Maven\apache-maven-3.3.9\conf\settings.xml -Dmaven.repo.local=D:\software\DevelopTools\repository_boot tomcat7:run
java_class_path (initial): D:\software\DevelopTools\Maven\apache-maven-3.3.9\boot\plexus-classworlds-2.5.2.jar;D:\software\DevelopTools\IntelliJ IDEA 2017.3.2\lib\idea_rt.jar
Launcher Type: SUN_STANDARD

Environment Variables:
JAVA_HOME=C:\java\JDK
PATH=C:\Program Files (x86)\Common Files\Oracle\Java\javapath;C:\ProgramData\Oracle\Java\javapath;D:\software\DevelopTools\Xshell\;D:\software\DevelopTools\Xftp\;C:\java\JDK\bin;C:\Windows\system32;C:\Windows;C:\Windows\System32\Wbem;C:\Windows\System32\WindowsPowerShell\v1.0\;C:\Windows\System32\OpenSSH\;C:\Program Files\Intel\WiFi\bin\;C:\Program Files\Common Files\Intel\WirelessCommon\;C:\Program Files (x86)\NVIDIA Corporation\PhysX\Common;C:\Program Files\NVIDIA Corporation\NVIDIA NvDLISR;C:\Program Files (x86)\Intel\Intel(R) Management Engine Components\DAL;C:\Program Files\Intel\Intel(R) Management Engine Components\DAL;D:\software\bin;D:\software\Mysql\bin;C:\Program Files (x86)\MySQL\MySQL Server 5.5\bin;D:\software\DevelopTools\Tomcat\apache-tomcat-8.5.5\bin;D:\software\DevelopTools\Maven\apache-maven-3.3.9\\bin;D:\software\DevelopTools\Node.js\;D:\software\DevelopTools\Git\Git\cmd;C:\Program Files\TortoiseGit\bin;C:\Users\32993\AppData\Local\Microsoft\WindowsApps;C:\Users\32993\AppData\Roaming\npm;C:\Users\32993\AppData\Local\GitHubDesktop\bin
USERNAME=32993
OS=Windows_NT
PROCESSOR_IDENTIFIER=Intel64 Family 6 Model 142 Stepping 10, GenuineIntel



---------------  S Y S T E M  ---------------

OS: Windows 10.0 , 64 bit Build 17763 (10.0.17763.475)

CPU:total 8 (initial active 8) (4 cores per cpu, 2 threads per core) family 6 model 142 stepping 10, cmov, cx8, fxsr, mmx, sse, sse2, sse3, ssse3, sse4.1, sse4.2, popcnt, avx, avx2, aes, clmul, erms, 3dnowpref, lzcnt, ht, tsc, tscinvbit, bmi1, bmi2, adx

Memory: 4k page, physical 16658152k(8605376k free), swap 27143908k(3348k free)

vm_info: Java HotSpot(TM) 64-Bit Server VM (25.191-b12) for windows-amd64 JRE (1.8.0_191-b12), built on Oct  6 2018 09:29:03 by "java_re" with MS VC++ 10.0 (VS2010)

time: Sun Jul 21 19:50:01 2019
elapsed time: 8 seconds (0d 0h 0m 8s)

