#
# There is insufficient memory for the Java Runtime Environment to continue.
# Native memory allocation (malloc) failed to allocate 3046256 bytes for Chunk::new
# Possible reasons:
#   The system is out of physical RAM or swap space
#   In 32 bit mode, the process size limit was hit
# Possible solutions:
#   Reduce memory load on the system
#   Increase physical memory or swap space
#   Check if swap backing store is full
#   Use 64 bit Java on a 64 bit OS
#   Decrease Java heap size (-Xmx/-Xms)
#   Decrease number of Java threads
#   Decrease Java thread stack sizes (-Xss)
#   Set larger code cache with -XX:ReservedCodeCacheSize=
# This output file may be truncated or incomplete.
#
#  Out of Memory Error (allocation.cpp:390), pid=10228, tid=0x00000000000013ec
#
# JRE version: Java(TM) SE Runtime Environment (8.0_191-b12) (build 1.8.0_191-b12)
# Java VM: Java HotSpot(TM) 64-Bit Server VM (25.191-b12 mixed mode windows-amd64 compressed oops)
# Failed to write core dump. Minidumps are not enabled by default on client versions of Windows
#

---------------  T H R E A D  ---------------

Current thread (0x000000001e0e7000):  JavaThread "C2 CompilerThread2" daemon [_thread_in_native, id=5100, stack(0x000000001ed30000,0x000000001ee30000)]

Stack: [0x000000001ed30000,0x000000001ee30000]
[error occurred during error reporting (printing stack bounds), id 0xc0000005]

Native frames: (J=compiled Java code, j=interpreted, Vv=VM code, C=native code)


Current CompileTask:
C2:   3926 3367       4       java.net.URLClassLoader$1::run (5 bytes)


---------------  P R O C E S S  ---------------

Java Threads: ( => current thread )
  0x000000001e0ec800 JavaThread "Service Thread" daemon [_thread_blocked, id=12676, stack(0x000000001ef30000,0x000000001f030000)]
  0x000000001e0e8000 JavaThread "C1 CompilerThread3" daemon [_thread_blocked, id=11804, stack(0x000000001ee30000,0x000000001ef30000)]
=>0x000000001e0e7000 JavaThread "C2 CompilerThread2" daemon [_thread_in_native, id=5100, stack(0x000000001ed30000,0x000000001ee30000)]
  0x000000001e08b000 JavaThread "C2 CompilerThread1" daemon [_thread_in_native, id=2188, stack(0x000000001ec30000,0x000000001ed30000)]
  0x000000001e087800 JavaThread "C2 CompilerThread0" daemon [_thread_blocked, id=11464, stack(0x000000001eb30000,0x000000001ec30000)]
  0x000000001e076800 JavaThread "JDWP Command Reader" daemon [_thread_in_native, id=5396, stack(0x000000001ea30000,0x000000001eb30000)]
  0x000000001e075800 JavaThread "JDWP Event Helper Thread" daemon [_thread_blocked, id=4324, stack(0x000000001e930000,0x000000001ea30000)]
  0x000000001e069000 JavaThread "JDWP Transport Listener: dt_socket" daemon [_thread_blocked, id=11948, stack(0x000000001e830000,0x000000001e930000)]
  0x000000001e05e000 JavaThread "Attach Listener" daemon [_thread_blocked, id=7260, stack(0x000000001e730000,0x000000001e830000)]
  0x000000001e05d000 JavaThread "Signal Dispatcher" daemon [_thread_blocked, id=1440, stack(0x000000001e630000,0x000000001e730000)]
  0x000000001dff0800 JavaThread "Finalizer" daemon [_thread_blocked, id=7552, stack(0x000000001e4d0000,0x000000001e5d0000)]
  0x00000000027d8000 JavaThread "Reference Handler" daemon [_thread_blocked, id=5968, stack(0x000000001e3d0000,0x000000001e4d0000)]
  0x00000000026e2800 JavaThread "main" [_thread_in_native, id=6280, stack(0x00000000025a0000,0x00000000026a0000)]

Other Threads:
  0x000000001c1f7800 VMThread [stack: 0x000000001ded0000,0x000000001dfd0000] [id=14148]
  0x000000001e136800 WatcherThread [stack: 0x000000001f030000,0x000000001f130000] [id=3536]

VM state:not at safepoint (normal execution)

VM Mutex/Monitor currently owned by a thread: None

Heap:
 PSYoungGen      total 76288K, used 26542K [0x000000076b400000, 0x0000000770900000, 0x00000007c0000000)
  eden space 65536K, 24% used [0x000000076b400000,0x000000076c370fe8,0x000000076f400000)
  from space 10752K, 99% used [0x000000076f400000,0x000000076fe7ab80,0x000000076fe80000)
  to   space 10752K, 0% used [0x000000076fe80000,0x000000076fe80000,0x0000000770900000)
 ParOldGen       total 175104K, used 1352K [0x00000006c1c00000, 0x00000006cc700000, 0x000000076b400000)
  object space 175104K, 0% used [0x00000006c1c00000,0x00000006c1d52208,0x00000006cc700000)
 Metaspace       used 18421K, capacity 18878K, committed 19072K, reserved 1067008K
  class space    used 2167K, capacity 2333K, committed 2432K, reserved 1048576K

Card table byte_map: [0x0000000011ba0000,0x00000000123a0000] byte_map_base: 0x000000000e592000

Marking Bits: (ParMarkBitMap*) 0x0000000064243e30
 Begin Bits: [0x00000000130f0000, 0x0000000017080000)
 End Bits:   [0x0000000017080000, 0x000000001b010000)

Polling page: 0x00000000004d0000

CodeCache: size=245760Kb used=12769Kb max_used=12790Kb free=232990Kb
 bounds [0x00000000027e0000, 0x0000000003470000, 0x00000000117e0000]
 total_blobs=3724 nmethods=3381 adapters=263
 compilation: enabled

Compilation events (10 events):
Event: 3.564 Thread 0x000000001e0e8000 nmethod 3396 0x00000000028f0e90 code [0x00000000028f0fe0, 0x00000000028f10f0]
Event: 3.576 Thread 0x000000001e0e8000 3397       3       sun.nio.cs.UTF_8$Encoder::encode (359 bytes)
Event: 3.577 Thread 0x000000001e0e8000 nmethod 3397 0x000000000290e910 code [0x000000000290eb00, 0x000000000290f698]
Event: 3.577 Thread 0x000000001e0e8000 3399       3       java.lang.Integer::reverseBytes (26 bytes)
Event: 3.577 Thread 0x000000001e0e8000 nmethod 3399 0x00000000028ea5d0 code [0x00000000028ea720, 0x00000000028ea870]
Event: 3.728 Thread 0x000000001e087800 nmethod 3340 0x000000000345a310 code [0x000000000345a900, 0x00000000034604f8]
Event: 3.728 Thread 0x000000001e087800 3379       4       org.eclipse.sisu.bean.DeclaredMembers$MemberIterator::hasNext (96 bytes)
Event: 3.799 Thread 0x000000001e087800 nmethod 3379 0x0000000003466410 code [0x0000000003466720, 0x0000000003469150]
Event: 3.799 Thread 0x000000001e087800 3373       4       com.google.inject.internal.Errors::throwIfNewErrors (14 bytes)
Event: 3.800 Thread 0x000000001e087800 nmethod 3373 0x00000000028ea1d0 code [0x00000000028ea320, 0x00000000028ea3f8]

GC Heap History (6 events):
Event: 1.442 GC heap before
{Heap before GC invocations=1 (full 0):
 PSYoungGen      total 76288K, used 65536K [0x000000076b400000, 0x0000000770900000, 0x00000007c0000000)
  eden space 65536K, 100% used [0x000000076b400000,0x000000076f400000,0x000000076f400000)
  from space 10752K, 0% used [0x000000076fe80000,0x000000076fe80000,0x0000000770900000)
  to   space 10752K, 0% used [0x000000076f400000,0x000000076f400000,0x000000076fe80000)
 ParOldGen       total 175104K, used 0K [0x00000006c1c00000, 0x00000006cc700000, 0x000000076b400000)
  object space 175104K, 0% used [0x00000006c1c00000,0x00000006c1c00000,0x00000006cc700000)
 Metaspace       used 11980K, capacity 12154K, committed 12416K, reserved 1060864K
  class space    used 1507K, capacity 1577K, committed 1664K, reserved 1048576K
Event: 1.450 GC heap after
Heap after GC invocations=1 (full 0):
 PSYoungGen      total 76288K, used 10624K [0x000000076b400000, 0x0000000770900000, 0x00000007c0000000)
  eden space 65536K, 0% used [0x000000076b400000,0x000000076b400000,0x000000076f400000)
  from space 10752K, 98% used [0x000000076f400000,0x000000076fe601b8,0x000000076fe80000)
  to   space 10752K, 0% used [0x000000076fe80000,0x000000076fe80000,0x0000000770900000)
 ParOldGen       total 175104K, used 16K [0x00000006c1c00000, 0x00000006cc700000, 0x000000076b400000)
  object space 175104K, 0% used [0x00000006c1c00000,0x00000006c1c04000,0x00000006cc700000)
 Metaspace       used 11980K, capacity 12154K, committed 12416K, reserved 1060864K
  class space    used 1507K, capacity 1577K, committed 1664K, reserved 1048576K
}
Event: 2.674 GC heap before
{Heap before GC invocations=2 (full 0):
 PSYoungGen      total 76288K, used 76160K [0x000000076b400000, 0x0000000770900000, 0x00000007c0000000)
  eden space 65536K, 100% used [0x000000076b400000,0x000000076f400000,0x000000076f400000)
  from space 10752K, 98% used [0x000000076f400000,0x000000076fe601b8,0x000000076fe80000)
  to   space 10752K, 0% used [0x000000076fe80000,0x000000076fe80000,0x0000000770900000)
 ParOldGen       total 175104K, used 16K [0x00000006c1c00000, 0x00000006cc700000, 0x000000076b400000)
  object space 175104K, 0% used [0x00000006c1c00000,0x00000006c1c04000,0x00000006cc700000)
 Metaspace       used 15673K, capacity 15936K, committed 16128K, reserved 1062912K
  class space    used 1864K, capacity 1946K, committed 2048K, reserved 1048576K
Event: 2.687 GC heap after
Heap after GC invocations=2 (full 0):
 PSYoungGen      total 76288K, used 9738K [0x000000076b400000, 0x0000000770900000, 0x00000007c0000000)
  eden space 65536K, 0% used [0x000000076b400000,0x000000076b400000,0x000000076f400000)
  from space 10752K, 90% used [0x000000076fe80000,0x00000007708028e0,0x0000000770900000)
  to   space 10752K, 0% used [0x000000076f400000,0x000000076f400000,0x000000076fe80000)
 ParOldGen       total 175104K, used 24K [0x00000006c1c00000, 0x00000006cc700000, 0x000000076b400000)
  object space 175104K, 0% used [0x00000006c1c00000,0x00000006c1c06000,0x00000006cc700000)
 Metaspace       used 15673K, capacity 15936K, committed 16128K, reserved 1062912K
  class space    used 1864K, capacity 1946K, committed 2048K, reserved 1048576K
}
Event: 3.345 GC heap before
{Heap before GC invocations=3 (full 0):
 PSYoungGen      total 76288K, used 75274K [0x000000076b400000, 0x0000000770900000, 0x00000007c0000000)
  eden space 65536K, 100% used [0x000000076b400000,0x000000076f400000,0x000000076f400000)
  from space 10752K, 90% used [0x000000076fe80000,0x00000007708028e0,0x0000000770900000)
  to   space 10752K, 0% used [0x000000076f400000,0x000000076f400000,0x000000076fe80000)
 ParOldGen       total 175104K, used 24K [0x00000006c1c00000, 0x00000006cc700000, 0x000000076b400000)
  object space 175104K, 0% used [0x00000006c1c00000,0x00000006c1c06000,0x00000006cc700000)
 Metaspace       used 17224K, capacity 17734K, committed 18048K, reserved 1064960K
  class space    used 1998K, capacity 2165K, committed 2176K, reserved 1048576K
Event: 3.357 GC heap after
Heap after GC invocations=3 (full 0):
 PSYoungGen      total 76288K, used 10730K [0x000000076b400000, 0x0000000770900000, 0x00000007c0000000)
  eden space 65536K, 0% used [0x000000076b400000,0x000000076b400000,0x000000076f400000)
  from space 10752K, 99% used [0x000000076f400000,0x000000076fe7ab80,0x000000076fe80000)
  to   space 10752K, 0% used [0x000000076fe80000,0x000000076fe80000,0x0000000770900000)
 ParOldGen       total 175104K, used 1352K [0x00000006c1c00000, 0x00000006cc700000, 0x000000076b400000)
  object space 175104K, 0% used [0x00000006c1c00000,0x00000006c1d52208,0x00000006cc700000)
 Metaspace       used 17224K, capacity 17734K, committed 18048K, reserved 1064960K
  class space    used 1998K, capacity 2165K, committed 2176K, reserved 1048576K
}

Deoptimization events (10 events):
Event: 3.522 Thread 0x00000000026e2800 Uncommon trap: reason=unstable_if action=reinterpret pc=0x00000000032e0d40 method=java.util.Properties.load0(Ljava/util/Properties$LineReader;)V @ 80
Event: 3.523 Thread 0x00000000026e2800 Uncommon trap: reason=unstable_if action=reinterpret pc=0x00000000032a6668 method=org.codehaus.plexus.classworlds.realm.Entry.matches(Ljava/lang/String;)Z @ 20
Event: 3.548 Thread 0x00000000026e2800 Uncommon trap: reason=unstable_if action=reinterpret pc=0x00000000030d42f0 method=java.util.Properties$LineReader.readLine()I @ 200
Event: 3.548 Thread 0x00000000026e2800 Uncommon trap: reason=unstable_if action=reinterpret pc=0x0000000003083c24 method=java.util.Properties$LineReader.readLine()I @ 323
Event: 3.562 Thread 0x00000000026e2800 Uncommon trap: reason=bimorphic action=maybe_recompile pc=0x000000000326ead0 method=java.util.LinkedHashMap.afterNodeInsertion(Z)V @ 15
Event: 3.562 Thread 0x00000000026e2800 Uncommon trap: reason=unstable_if action=reinterpret pc=0x0000000002d80234 method=java.util.LinkedHashMap.get(Ljava/lang/Object;)Ljava/lang/Object; @ 20
Event: 3.566 Thread 0x00000000026e2800 Uncommon trap: reason=bimorphic action=maybe_recompile pc=0x000000000326ead0 method=java.util.LinkedHashMap.afterNodeInsertion(Z)V @ 15
Event: 3.570 Thread 0x00000000026e2800 Uncommon trap: reason=unstable_if action=reinterpret pc=0x000000000321e5c0 method=java.io.WinNTFileSystem.normalize(Ljava/lang/String;)Ljava/lang/String; @ 128
Event: 3.570 Thread 0x00000000026e2800 Uncommon trap: reason=class_check action=maybe_recompile pc=0x00000000032ba06c method=java.util.AbstractList$Itr.hasNext()Z @ 8
Event: 3.575 Thread 0x00000000026e2800 Uncommon trap: reason=unstable_if action=reinterpret pc=0x000000000294e5b4 method=sun.nio.cs.UTF_8$Encoder.encode([CII[B)I @ 33

Classes redefined (0 events):
No events

Internal exceptions (10 events):
Event: 1.695 Thread 0x00000000026e2800 Exception <a 'java/lang/NullPointerException'> (0x000000076bea48d0) thrown at [C:\re\workspace\8-2-build-windows-amd64-cygwin\jdk8u191\11896\hotspot\src\share\vm\interpreter\linkResolver.cpp, line 1185]
Event: 1.695 Thread 0x00000000026e2800 Exception <a 'java/lang/NullPointerException'> (0x000000076bea4ae8) thrown at [C:\re\workspace\8-2-build-windows-amd64-cygwin\jdk8u191\11896\hotspot\src\share\vm\interpreter\linkResolver.cpp, line 1185]
Event: 2.028 Thread 0x00000000026e2800 Implicit null exception at 0x0000000002b86bd4 to 0x0000000002b86e69
Event: 2.028 Thread 0x00000000026e2800 Implicit null exception at 0x0000000002b79c6f to 0x0000000002b79cdd
Event: 2.031 Thread 0x00000000026e2800 Implicit null exception at 0x0000000002e4e019 to 0x0000000002e4e825
Event: 2.067 Thread 0x00000000026e2800 Implicit null exception at 0x0000000002dda9cb to 0x0000000002ddab05
Event: 2.067 Thread 0x00000000026e2800 Implicit null exception at 0x0000000002c5f3d8 to 0x0000000002c5f466
Event: 2.786 Thread 0x00000000026e2800 Implicit null exception at 0x00000000031238cb to 0x00000000031254ad
Event: 3.075 Thread 0x00000000026e2800 Implicit null exception at 0x0000000003261b6f to 0x000000000326381a
Event: 3.537 Thread 0x00000000026e2800 Exception <a 'java/io/FileNotFoundException'> (0x000000076c1d7f90) thrown at [C:\re\workspace\8-2-build-windows-amd64-cygwin\jdk8u191\11896\hotspot\src\share\vm\prims\jni.cpp, line 709]

Events (10 events):
Event: 3.575 Thread 0x00000000026e2800 DEOPT PACKING pc=0x000000000294e5b4 sp=0x000000000269c210
Event: 3.575 Thread 0x00000000026e2800 DEOPT UNPACKING pc=0x000000000282583b sp=0x000000000269c190 mode 2
Event: 3.577 loading class java/net/NetworkInterface
Event: 3.578 loading class java/net/NetworkInterface done
Event: 3.578 loading class java/net/NetworkInterface$1
Event: 3.578 loading class java/net/NetworkInterface$1 done
Event: 3.579 loading class java/net/InterfaceAddress
Event: 3.579 loading class java/net/InterfaceAddress done
Event: 3.579 loading class java/net/DefaultInterface
Event: 3.579 loading class java/net/DefaultInterface done


Dynamic libraries:
0x00007ff6d85f0000 - 0x00007ff6d8627000 	C:\java\JDK\bin\java.exe
0x00007ff913a50000 - 0x00007ff913c3d000 	C:\Windows\SYSTEM32\ntdll.dll
0x00007ff913960000 - 0x00007ff913a13000 	C:\Windows\System32\KERNEL32.DLL
0x00007ff9108b0000 - 0x00007ff910b43000 	C:\Windows\System32\KERNELBASE.dll
0x00007ff911bb0000 - 0x00007ff911c53000 	C:\Windows\System32\ADVAPI32.dll
0x00007ff910cb0000 - 0x00007ff910d4e000 	C:\Windows\System32\msvcrt.dll
0x00007ff9132f0000 - 0x00007ff91338e000 	C:\Windows\System32\sechost.dll
0x00007ff910db0000 - 0x00007ff910ed2000 	C:\Windows\System32\RPCRT4.dll
0x00007ff9137c0000 - 0x00007ff913957000 	C:\Windows\System32\USER32.dll
0x00007ff9105f0000 - 0x00007ff910610000 	C:\Windows\System32\win32u.dll
0x00007ff910c80000 - 0x00007ff910ca9000 	C:\Windows\System32\GDI32.dll
0x00007ff910710000 - 0x00007ff9108a9000 	C:\Windows\System32\gdi32full.dll
0x00007ff910be0000 - 0x00007ff910c80000 	C:\Windows\System32\msvcp_win.dll
0x00007ff910610000 - 0x00007ff91070a000 	C:\Windows\System32\ucrtbase.dll
0x00007ff902ba0000 - 0x00007ff902e19000 	C:\Windows\WinSxS\amd64_microsoft.windows.common-controls_6595b64144ccf1df_6.0.17763.615_none_05b4414a072024d4\COMCTL32.dll
0x00007ff910f40000 - 0x00007ff91126c000 	C:\Windows\System32\combase.dll
0x00007ff910570000 - 0x00007ff9105ee000 	C:\Windows\System32\bcryptPrimitives.dll
0x00007ff913290000 - 0x00007ff9132be000 	C:\Windows\System32\IMM32.DLL
0x0000000066840000 - 0x0000000066912000 	C:\java\JDK\jre\bin\msvcr100.dll
0x0000000063a20000 - 0x00000000642c4000 	C:\java\JDK\jre\bin\server\jvm.dll
0x00007ff9134f0000 - 0x00007ff9134f8000 	C:\Windows\System32\PSAPI.DLL
0x00007ff8fac10000 - 0x00007ff8fac19000 	C:\Windows\SYSTEM32\WSOCK32.dll
0x00007ff90a4c0000 - 0x00007ff90a4ca000 	C:\Windows\SYSTEM32\VERSION.dll
0x00007ff9115e0000 - 0x00007ff91164d000 	C:\Windows\System32\WS2_32.dll
0x00007ff90dbb0000 - 0x00007ff90dbd4000 	C:\Windows\SYSTEM32\WINMM.dll
0x00007ff90da90000 - 0x00007ff90dabd000 	C:\Windows\SYSTEM32\WINMMBASE.dll
0x00007ff910320000 - 0x00007ff91036a000 	C:\Windows\System32\cfgmgr32.dll
0x0000000066830000 - 0x000000006683f000 	C:\java\JDK\jre\bin\verify.dll
0x0000000066800000 - 0x0000000066829000 	C:\java\JDK\jre\bin\java.dll
0x00000000655d0000 - 0x0000000065605000 	C:\java\JDK\jre\bin\jdwp.dll
0x00000000655c0000 - 0x00000000655c8000 	C:\java\JDK\jre\bin\npt.dll
0x00000000667e0000 - 0x00000000667f6000 	C:\java\JDK\jre\bin\zip.dll
0x00007ff911da0000 - 0x00007ff913290000 	C:\Windows\System32\SHELL32.dll
0x00007ff9136b0000 - 0x00007ff913758000 	C:\Windows\System32\shcore.dll
0x00007ff90fbd0000 - 0x00007ff91031a000 	C:\Windows\System32\windows.storage.dll
0x00007ff90fa70000 - 0x00007ff90fa94000 	C:\Windows\System32\profapi.dll
0x00007ff90fac0000 - 0x00007ff90fb1d000 	C:\Windows\System32\powrprof.dll
0x00007ff910d50000 - 0x00007ff910da2000 	C:\Windows\System32\shlwapi.dll
0x00007ff90fa50000 - 0x00007ff90fa61000 	C:\Windows\System32\kernel.appcore.dll
0x00007ff910550000 - 0x00007ff910567000 	C:\Windows\System32\cryptsp.dll
0x0000000065580000 - 0x0000000065589000 	C:\java\JDK\jre\bin\dt_socket.dll
0x00007ff90f2c0000 - 0x00007ff90f327000 	C:\Windows\system32\mswsock.dll
0x00000000667c0000 - 0x00000000667da000 	C:\java\JDK\jre\bin\net.dll
0x0000000066790000 - 0x00000000667a1000 	C:\java\JDK\jre\bin\nio.dll
0x00007ff90ee20000 - 0x00007ff90ee53000 	C:\Windows\system32\rsaenh.dll
0x00007ff910bb0000 - 0x00007ff910bd6000 	C:\Windows\System32\bcrypt.dll
0x00007ff90f980000 - 0x00007ff90f9a8000 	C:\Windows\SYSTEM32\USERENV.dll
0x00007ff90f490000 - 0x00007ff90f49c000 	C:\Windows\SYSTEM32\CRYPTBASE.dll
0x00007ff90f020000 - 0x00007ff90f05d000 	C:\Windows\SYSTEM32\IPHLPAPI.DLL
0x00007ff911d90000 - 0x00007ff911d98000 	C:\Windows\System32\NSI.dll
0x00007ff9015f0000 - 0x00007ff901606000 	C:\Windows\SYSTEM32\dhcpcsvc6.DLL
0x00007ff9015d0000 - 0x00007ff9015ec000 	C:\Windows\SYSTEM32\dhcpcsvc.DLL
0x00007ff90f060000 - 0x00007ff90f126000 	C:\Windows\SYSTEM32\DNSAPI.dll

VM Arguments:
jvm_args: -agentlib:jdwp=transport=dt_socket,address=127.0.0.1:61488,suspend=y,server=n -Dmaven.multiModuleProjectDirectory=D:\IdeaProjects\GITÏîÄ¿\Groupprojects\Health_Parent\Health_Backend -DarchetypeCatalog=internal -Dmaven.home=D:\software\DevelopTools\Maven\apache-maven-3.3.9 -Dclassworlds.conf=D:\software\DevelopTools\Maven\apache-maven-3.3.9\bin\m2.conf -Dfile.encoding=UTF-8 
java_command: org.codehaus.classworlds.Launcher -Didea.version=2017.3.2 -s D:\software\DevelopTools\Maven\apache-maven-3.3.9\conf\settings.xml -Dmaven.repo.local=D:\software\DevelopTools\repository_boot tomcat7:run
java_class_path (initial): D:\software\DevelopTools\Maven\apache-maven-3.3.9\boot\plexus-classworlds-2.5.2.jar;D:\software\DevelopTools\IntelliJ IDEA 2017.3.2\lib\idea_rt.jar
Launcher Type: SUN_STANDARD

Environment Variables:
JAVA_HOME=C:\java\JDK
PATH=C:\Program Files (x86)\Common Files\Oracle\Java\javapath;C:\ProgramData\Oracle\Java\javapath;D:\software\DevelopTools\Xshell\;D:\software\DevelopTools\Xftp\;C:\java\JDK\bin;C:\Windows\system32;C:\Windows;C:\Windows\System32\Wbem;C:\Windows\System32\WindowsPowerShell\v1.0\;C:\Windows\System32\OpenSSH\;C:\Program Files\Intel\WiFi\bin\;C:\Program Files\Common Files\Intel\WirelessCommon\;C:\Program Files (x86)\NVIDIA Corporation\PhysX\Common;C:\Program Files\NVIDIA Corporation\NVIDIA NvDLISR;C:\Program Files (x86)\Intel\Intel(R) Management Engine Components\DAL;C:\Program Files\Intel\Intel(R) Management Engine Components\DAL;D:\software\bin;D:\software\Mysql\bin;C:\Program Files (x86)\MySQL\MySQL Server 5.5\bin;D:\software\DevelopTools\Tomcat\apache-tomcat-8.5.5\bin;D:\software\DevelopTools\Maven\apache-maven-3.3.9\\bin;D:\software\DevelopTools\Node.js\;D:\software\DevelopTools\Git\Git\cmd;C:\Program Files\TortoiseGit\bin;C:\Users\32993\AppData\Local\Microsoft\WindowsApps;C:\Users\32993\AppData\Roaming\npm;C:\Users\32993\AppData\Local\GitHubDesktop\bin
USERNAME=32993
OS=Windows_NT
PROCESSOR_IDENTIFIER=Intel64 Family 6 Model 142 Stepping 10, GenuineIntel



---------------  S Y S T E M  ---------------

OS: Windows 10.0 , 64 bit Build 17763 (10.0.17763.475)

CPU:total 8 (initial active 8) (4 cores per cpu, 2 threads per core) family 6 model 142 stepping 10, cmov, cx8, fxsr, mmx, sse, sse2, sse3, ssse3, sse4.1, sse4.2, popcnt, avx, avx2, aes, clmul, erms, 3dnowpref, lzcnt, ht, tsc, tscinvbit, bmi1, bmi2, adx

Memory: 4k page, physical 16658152k(8633348k free), swap 27143908k(5124k free)

vm_info: Java HotSpot(TM) 64-Bit Server VM (25.191-b12) for windows-amd64 JRE (1.8.0_191-b12), built on Oct  6 2018 09:29:03 by "java_re" with MS VC++ 10.0 (VS2010)

time: Sun Jul 21 21:24:31 2019
elapsed time: 3 seconds (0d 0h 0m 3s)

