#
# There is insufficient memory for the Java Runtime Environment to continue.
# Native memory allocation (malloc) failed to allocate 744976 bytes for Chunk::new
# Possible reasons:
#   The system is out of physical RAM or swap space
#   In 32 bit mode, the process size limit was hit
# Possible solutions:
#   Reduce memory load on the system
#   Increase physical memory or swap space
#   Check if swap backing store is full
#   Use 64 bit Java on a 64 bit OS
#   Decrease Java heap size (-Xmx/-Xms)
#   Decrease number of Java threads
#   Decrease Java thread stack sizes (-Xss)
#   Set larger code cache with -XX:ReservedCodeCacheSize=
# This output file may be truncated or incomplete.
#
#  Out of Memory Error (allocation.cpp:390), pid=3516, tid=0x0000000000000ad0
#
# JRE version: Java(TM) SE Runtime Environment (8.0_191-b12) (build 1.8.0_191-b12)
# Java VM: Java HotSpot(TM) 64-Bit Server VM (25.191-b12 mixed mode windows-amd64 compressed oops)
# Failed to write core dump. Minidumps are not enabled by default on client versions of Windows
#

---------------  T H R E A D  ---------------

Current thread (0x000000001e355000):  JavaThread "C2 CompilerThread1" daemon [_thread_in_native, id=2768, stack(0x000000001ee90000,0x000000001ef90000)]

Stack: [0x000000001ee90000,0x000000001ef90000]
[error occurred during error reporting (printing stack bounds), id 0xc0000005]

Native frames: (J=compiled Java code, j=interpreted, Vv=VM code, C=native code)


Current CompileTask:
C2:   8459 4248       4       java.net.URL::openConnection (9 bytes)


---------------  P R O C E S S  ---------------

Java Threads: ( => current thread )
  0x0000000021337000 JavaThread "localhost-startStop-1" daemon [_thread_in_vm, id=9372, stack(0x0000000028170000,0x0000000028270000)]
  0x00000000238b0800 JavaThread "Tomcat-startStop-1" daemon [_thread_blocked, id=2940, stack(0x0000000024650000,0x0000000024750000)]
  0x000000001e3e3000 JavaThread "Service Thread" daemon [_thread_blocked, id=2612, stack(0x000000001f190000,0x000000001f290000)]
  0x000000001e350000 JavaThread "C1 CompilerThread3" daemon [_thread_blocked, id=2420, stack(0x000000001f090000,0x000000001f190000)]
  0x000000001e35a000 JavaThread "C2 CompilerThread2" daemon [_thread_blocked, id=8696, stack(0x000000001ef90000,0x000000001f090000)]
=>0x000000001e355000 JavaThread "C2 CompilerThread1" daemon [_thread_in_native, id=2768, stack(0x000000001ee90000,0x000000001ef90000)]
  0x000000001e354000 JavaThread "C2 CompilerThread0" daemon [_thread_in_native, id=11688, stack(0x000000001ed90000,0x000000001ee90000)]
  0x000000001e2d9000 JavaThread "JDWP Command Reader" daemon [_thread_in_native, id=11444, stack(0x000000001ec90000,0x000000001ed90000)]
  0x000000001e2d8000 JavaThread "JDWP Event Helper Thread" daemon [_thread_blocked, id=4468, stack(0x000000001eb90000,0x000000001ec90000)]
  0x000000001e2cb000 JavaThread "JDWP Transport Listener: dt_socket" daemon [_thread_blocked, id=492, stack(0x000000001ea90000,0x000000001eb90000)]
  0x000000001e26a800 JavaThread "Attach Listener" daemon [_thread_blocked, id=4320, stack(0x000000001e990000,0x000000001ea90000)]
  0x000000001e269800 JavaThread "Signal Dispatcher" daemon [_thread_blocked, id=14320, stack(0x000000001e890000,0x000000001e990000)]
  0x000000001e250800 JavaThread "Finalizer" daemon [_thread_blocked, id=1136, stack(0x000000001e730000,0x000000001e830000)]
  0x000000001c43d000 JavaThread "Reference Handler" daemon [_thread_blocked, id=556, stack(0x000000001e630000,0x000000001e730000)]
  0x0000000002922800 JavaThread "main" [_thread_blocked, id=12560, stack(0x0000000002720000,0x0000000002820000)]

Other Threads:
  0x000000001c437000 VMThread [stack: 0x000000001e130000,0x000000001e230000] [id=10296]
  0x000000001e414000 WatcherThread [stack: 0x000000001f290000,0x000000001f390000] [id=12796]

VM state:not at safepoint (normal execution)

VM Mutex/Monitor currently owned by a thread: None

Heap:
 PSYoungGen      total 305664K, used 275464K [0x000000076b400000, 0x0000000782500000, 0x00000007c0000000)
  eden space 262144K, 88% used [0x000000076b400000,0x0000000779687ea0,0x000000077b400000)
  from space 43520K, 99% used [0x000000077b400000,0x000000077de7a330,0x000000077de80000)
  to   space 35328K, 0% used [0x000000077de80000,0x000000077de80000,0x0000000780100000)
 ParOldGen       total 122368K, used 52436K [0x00000006c1c00000, 0x00000006c9380000, 0x000000076b400000)
  object space 122368K, 42% used [0x00000006c1c00000,0x00000006c4f35190,0x00000006c9380000)
 Metaspace       used 25086K, capacity 25690K, committed 25856K, reserved 1073152K
  class space    used 2896K, capacity 3067K, committed 3072K, reserved 1048576K

Card table byte_map: [0x0000000011de0000,0x00000000125e0000] byte_map_base: 0x000000000e7d2000

Marking Bits: (ParMarkBitMap*) 0x0000000063453e30
 Begin Bits: [0x0000000013330000, 0x00000000172c0000)
 End Bits:   [0x00000000172c0000, 0x000000001b250000)

Polling page: 0x0000000000c00000

CodeCache: size=245760Kb used=13950Kb max_used=16345Kb free=231809Kb
 bounds [0x0000000002a20000, 0x0000000003a40000, 0x0000000011a20000]
 total_blobs=3981 nmethods=3592 adapters=309
 compilation: enabled

Compilation events (10 events):
Event: 8.428 Thread 0x000000001e35a000 nmethod 4252 0x0000000002cd6890 code [0x0000000002cd69e0, 0x0000000002cd6f38]
Event: 8.441 Thread 0x000000001e350000 4253  s    3       java.util.Hashtable::put (104 bytes)
Event: 8.441 Thread 0x000000001e350000 nmethod 4253 0x0000000002c31690 code [0x0000000002c31860, 0x0000000002c32038]
Event: 8.451 Thread 0x000000001e350000 4254   !   3       com.intellij.rt.debugger.agent.CaptureAgent$CaptureTransformer::transform (202 bytes)
Event: 8.454 Thread 0x000000001e350000 nmethod 4254 0x0000000002c18f90 code [0x0000000002c19380, 0x0000000002c1b528]
Event: 8.454 Thread 0x000000001e354000 4255       4       java.util.Properties::loadConvert (505 bytes)
Event: 8.457 Thread 0x000000001e350000 4256   !   3       java.util.ResourceBundle$CacheKey::clone (57 bytes)
Event: 8.457 Thread 0x000000001e350000 nmethod 4256 0x0000000002b53f50 code [0x0000000002b54120, 0x0000000002b54958]
Event: 8.457 Thread 0x000000001e350000 4257       1       java.util.ResourceBundle$CacheKey::getCause (5 bytes)
Event: 8.457 Thread 0x000000001e350000 nmethod 4257 0x00000000030969d0 code [0x0000000003096b20, 0x0000000003096c30]

GC Heap History (10 events):
Event: 4.477 GC heap before
{Heap before GC invocations=6 (full 1):
 PSYoungGen      total 141824K, used 131072K [0x000000076b400000, 0x0000000774900000, 0x00000007c0000000)
  eden space 131072K, 100% used [0x000000076b400000,0x0000000773400000,0x0000000773400000)
  from space 10752K, 0% used [0x0000000773e80000,0x0000000773e80000,0x0000000774900000)
  to   space 10752K, 0% used [0x0000000773400000,0x0000000773400000,0x0000000773e80000)
 ParOldGen       total 122368K, used 13938K [0x00000006c1c00000, 0x00000006c9380000, 0x000000076b400000)
  object space 122368K, 11% used [0x00000006c1c00000,0x00000006c299cbf8,0x00000006c9380000)
 Metaspace       used 24202K, capacity 24770K, committed 24960K, reserved 1071104K
  class space    used 2796K, capacity 2932K, committed 2944K, reserved 1048576K
Event: 4.500 GC heap after
Heap after GC invocations=6 (full 1):
 PSYoungGen      total 141824K, used 10748K [0x000000076b400000, 0x0000000779180000, 0x00000007c0000000)
  eden space 131072K, 0% used [0x000000076b400000,0x000000076b400000,0x0000000773400000)
  from space 10752K, 99% used [0x0000000773400000,0x0000000773e7f0c8,0x0000000773e80000)
  to   space 20480K, 0% used [0x0000000777d80000,0x0000000777d80000,0x0000000779180000)
 ParOldGen       total 122368K, used 23562K [0x00000006c1c00000, 0x00000006c9380000, 0x000000076b400000)
  object space 122368K, 19% used [0x00000006c1c00000,0x00000006c3302900,0x00000006c9380000)
 Metaspace       used 24202K, capacity 24770K, committed 24960K, reserved 1071104K
  class space    used 2796K, capacity 2932K, committed 2944K, reserved 1048576K
}
Event: 5.331 GC heap before
{Heap before GC invocations=7 (full 1):
 PSYoungGen      total 141824K, used 141820K [0x000000076b400000, 0x0000000779180000, 0x00000007c0000000)
  eden space 131072K, 100% used [0x000000076b400000,0x0000000773400000,0x0000000773400000)
  from space 10752K, 99% used [0x0000000773400000,0x0000000773e7f0c8,0x0000000773e80000)
  to   space 20480K, 0% used [0x0000000777d80000,0x0000000777d80000,0x0000000779180000)
 ParOldGen       total 122368K, used 23562K [0x00000006c1c00000, 0x00000006c9380000, 0x000000076b400000)
  object space 122368K, 19% used [0x00000006c1c00000,0x00000006c3302900,0x00000006c9380000)
 Metaspace       used 24234K, capacity 24848K, committed 24960K, reserved 1071104K
  class space    used 2799K, capacity 2934K, committed 2944K, reserved 1048576K
Event: 5.358 GC heap after
Heap after GC invocations=7 (full 1):
 PSYoungGen      total 200704K, used 20467K [0x000000076b400000, 0x000000077a500000, 0x00000007c0000000)
  eden space 180224K, 0% used [0x000000076b400000,0x000000076b400000,0x0000000776400000)
  from space 20480K, 99% used [0x0000000777d80000,0x000000077917cc00,0x0000000779180000)
  to   space 26112K, 0% used [0x0000000776400000,0x0000000776400000,0x0000000777d80000)
 ParOldGen       total 122368K, used 28446K [0x00000006c1c00000, 0x00000006c9380000, 0x000000076b400000)
  object space 122368K, 23% used [0x00000006c1c00000,0x00000006c37c7ab0,0x00000006c9380000)
 Metaspace       used 24234K, capacity 24848K, committed 24960K, reserved 1071104K
  class space    used 2799K, capacity 2934K, committed 2944K, reserved 1048576K
}
Event: 6.216 GC heap before
{Heap before GC invocations=8 (full 1):
 PSYoungGen      total 200704K, used 200691K [0x000000076b400000, 0x000000077a500000, 0x00000007c0000000)
  eden space 180224K, 100% used [0x000000076b400000,0x0000000776400000,0x0000000776400000)
  from space 20480K, 99% used [0x0000000777d80000,0x000000077917cc00,0x0000000779180000)
  to   space 26112K, 0% used [0x0000000776400000,0x0000000776400000,0x0000000777d80000)
 ParOldGen       total 122368K, used 28446K [0x00000006c1c00000, 0x00000006c9380000, 0x000000076b400000)
  object space 122368K, 23% used [0x00000006c1c00000,0x00000006c37c7ab0,0x00000006c9380000)
 Metaspace       used 24252K, capacity 24882K, committed 25088K, reserved 1071104K
  class space    used 2802K, capacity 2968K, committed 3072K, reserved 1048576K
Event: 6.237 GC heap after
Heap after GC invocations=8 (full 1):
 PSYoungGen      total 206336K, used 26083K [0x000000076b400000, 0x0000000780100000, 0x00000007c0000000)
  eden space 180224K, 0% used [0x000000076b400000,0x000000076b400000,0x0000000776400000)
  from space 26112K, 99% used [0x0000000776400000,0x0000000777d78e00,0x0000000777d80000)
  to   space 35328K, 0% used [0x000000077de80000,0x000000077de80000,0x0000000780100000)
 ParOldGen       total 122368K, used 38800K [0x00000006c1c00000, 0x00000006c9380000, 0x000000076b400000)
  object space 122368K, 31% used [0x00000006c1c00000,0x00000006c41e40a0,0x00000006c9380000)
 Metaspace       used 24252K, capacity 24882K, committed 25088K, reserved 1071104K
  class space    used 2802K, capacity 2968K, committed 3072K, reserved 1048576K
}
Event: 6.768 GC heap before
{Heap before GC invocations=9 (full 1):
 PSYoungGen      total 206336K, used 206307K [0x000000076b400000, 0x0000000780100000, 0x00000007c0000000)
  eden space 180224K, 100% used [0x000000076b400000,0x0000000776400000,0x0000000776400000)
  from space 26112K, 99% used [0x0000000776400000,0x0000000777d78e00,0x0000000777d80000)
  to   space 35328K, 0% used [0x000000077de80000,0x000000077de80000,0x0000000780100000)
 ParOldGen       total 122368K, used 38800K [0x00000006c1c00000, 0x00000006c9380000, 0x000000076b400000)
  object space 122368K, 31% used [0x00000006c1c00000,0x00000006c41e40a0,0x00000006c9380000)
 Metaspace       used 24256K, capacity 24882K, committed 25088K, reserved 1071104K
  class space    used 2803K, capacity 2968K, committed 3072K, reserved 1048576K
Event: 6.806 GC heap after
Heap after GC invocations=9 (full 1):
 PSYoungGen      total 297472K, used 35319K [0x000000076b400000, 0x0000000782500000, 0x00000007c0000000)
  eden space 262144K, 0% used [0x000000076b400000,0x000000076b400000,0x000000077b400000)
  from space 35328K, 99% used [0x000000077de80000,0x00000007800fdfc8,0x0000000780100000)
  to   space 43520K, 0% used [0x000000077b400000,0x000000077b400000,0x000000077de80000)
 ParOldGen       total 122368K, used 44527K [0x00000006c1c00000, 0x00000006c9380000, 0x000000076b400000)
  object space 122368K, 36% used [0x00000006c1c00000,0x00000006c477bf70,0x00000006c9380000)
 Metaspace       used 24256K, capacity 24882K, committed 25088K, reserved 1071104K
  class space    used 2803K, capacity 2968K, committed 3072K, reserved 1048576K
}
Event: 7.730 GC heap before
{Heap before GC invocations=10 (full 1):
 PSYoungGen      total 297472K, used 297463K [0x000000076b400000, 0x0000000782500000, 0x00000007c0000000)
  eden space 262144K, 100% used [0x000000076b400000,0x000000077b400000,0x000000077b400000)
  from space 35328K, 99% used [0x000000077de80000,0x00000007800fdfc8,0x0000000780100000)
  to   space 43520K, 0% used [0x000000077b400000,0x000000077b400000,0x000000077de80000)
 ParOldGen       total 122368K, used 44527K [0x00000006c1c00000, 0x00000006c9380000, 0x000000076b400000)
  object space 122368K, 36% used [0x00000006c1c00000,0x00000006c477bf70,0x00000006c9380000)
 Metaspace       used 24261K, capacity 24882K, committed 25088K, reserved 1071104K
  class space    used 2803K, capacity 2968K, committed 3072K, reserved 1048576K
Event: 7.769 GC heap after
Heap after GC invocations=10 (full 1):
 PSYoungGen      total 305664K, used 43496K [0x000000076b400000, 0x0000000782500000, 0x00000007c0000000)
  eden space 262144K, 0% used [0x000000076b400000,0x000000076b400000,0x000000077b400000)
  from space 43520K, 99% used [0x000000077b400000,0x000000077de7a330,0x000000077de80000)
  to   space 35328K, 0% used [0x000000077de80000,0x000000077de80000,0x0000000780100000)
 ParOldGen       total 122368K, used 52436K [0x00000006c1c00000, 0x00000006c9380000, 0x000000076b400000)
  object space 122368K, 42% used [0x00000006c1c00000,0x00000006c4f35190,0x00000006c9380000)
 Metaspace       used 24261K, capacity 24882K, committed 25088K, reserved 1071104K
  class space    used 2803K, capacity 2968K, committed 3072K, reserved 1048576K
}

Deoptimization events (10 events):
Event: 6.043 Thread 0x0000000021337000 Uncommon trap: reason=class_check action=maybe_recompile pc=0x00000000034ba524 method=org.apache.catalina.startup.ContextConfig.checkHandlesTypes(Lorg/apache/tomcat/util/bcel/classfile/JavaClass;)V @ 178
Event: 6.044 Thread 0x0000000021337000 Uncommon trap: reason=class_check action=maybe_recompile pc=0x00000000034ba524 method=org.apache.catalina.startup.ContextConfig.checkHandlesTypes(Lorg/apache/tomcat/util/bcel/classfile/JavaClass;)V @ 178
Event: 6.250 Thread 0x0000000021337000 Uncommon trap: reason=unstable_if action=reinterpret pc=0x0000000002d6a744 method=org.apache.tomcat.util.bcel.classfile.JavaClass.<init>(IILjava/lang/String;IIILorg/apache/tomcat/util/bcel/classfile/ConstantPool;[I[Lorg/apache/tomcat/util/bcel/classfile/F
Event: 6.251 Thread 0x0000000021337000 Uncommon trap: reason=unstable_if action=reinterpret pc=0x0000000002e13b08 method=org.apache.tomcat.util.bcel.classfile.JavaClass.<init>(IILjava/lang/String;IIILorg/apache/tomcat/util/bcel/classfile/ConstantPool;[I[Lorg/apache/tomcat/util/bcel/classfile/F
Event: 6.262 Thread 0x0000000021337000 Uncommon trap: reason=unstable_if action=reinterpret pc=0x000000000305b838 method=org.apache.tomcat.util.bcel.classfile.JavaClass.<init>(IILjava/lang/String;IIILorg/apache/tomcat/util/bcel/classfile/ConstantPool;[I[Lorg/apache/tomcat/util/bcel/classfile/F
Event: 6.265 Thread 0x0000000021337000 Uncommon trap: reason=unstable_if action=reinterpret pc=0x00000000034b10f0 method=org.apache.tomcat.util.bcel.classfile.JavaClass.<init>(IILjava/lang/String;IIILorg/apache/tomcat/util/bcel/classfile/ConstantPool;[I[Lorg/apache/tomcat/util/bcel/classfile/F
Event: 8.332 Thread 0x0000000021337000 Uncommon trap: reason=predicate action=maybe_recompile pc=0x0000000002da77cc method=sun.net.www.ParseUtil.encodePath(Ljava/lang/String;Z)Ljava/lang/String; @ 36
Event: 8.332 Thread 0x0000000021337000 Uncommon trap: reason=unstable_if action=reinterpret pc=0x00000000036fd304 method=java.lang.ClassLoader.getPackage(Ljava/lang/String;)Ljava/lang/Package; @ 60
Event: 8.372 Thread 0x0000000021337000 Uncommon trap: reason=unstable_if action=reinterpret pc=0x00000000038c43a8 method=org.apache.tomcat.util.file.Matcher.isAbsolutePath(Ljava/lang/String;)Z @ 6
Event: 8.429 Thread 0x0000000021337000 Uncommon trap: reason=bimorphic action=maybe_recompile pc=0x00000000038138ec method=java.util.Hashtable.put(Ljava/lang/Object;Ljava/lang/Object;)Ljava/lang/Object; @ 18

Classes redefined (0 events):
No events

Internal exceptions (10 events):
Event: 1.360 Thread 0x0000000002922800 Implicit null exception at 0x0000000002dbbc54 to 0x0000000002dbbf01
Event: 1.360 Thread 0x0000000002922800 Implicit null exception at 0x0000000002d1da2f to 0x0000000002d1da9d
Event: 1.374 Thread 0x0000000002922800 Implicit null exception at 0x000000000300a8cb to 0x000000000300aa05
Event: 1.374 Thread 0x0000000002922800 Implicit null exception at 0x0000000002eae9d8 to 0x0000000002eaea66
Event: 1.401 Thread 0x0000000002922800 Implicit null exception at 0x00000000030c9b1b to 0x00000000030ca1bd
Event: 2.504 Thread 0x0000000002922800 Exception <a 'java/io/FileNotFoundException'> (0x000000076cf9cd48) thrown at [C:\re\workspace\8-2-build-windows-amd64-cygwin\jdk8u191\11896\hotspot\src\share\vm\prims\jni.cpp, line 709]
Event: 3.636 Thread 0x0000000021337000 Implicit null exception at 0x0000000002d7d359 to 0x0000000002d7d851
Event: 3.636 Thread 0x0000000021337000 Implicit null exception at 0x0000000002c59116 to 0x0000000002c595cd
Event: 3.794 Thread 0x0000000021337000 Implicit null exception at 0x0000000003599e17 to 0x000000000359a4a9
Event: 5.772 Thread 0x0000000021337000 Implicit null exception at 0x000000000392e21f to 0x000000000392e8fd

Events (10 events):
Event: 8.458 Thread 0x0000000021337000 DEOPT PACKING pc=0x0000000002f1aa70 sp=0x000000002826d540
Event: 8.458 Thread 0x0000000021337000 DEOPT UNPACKING pc=0x0000000002a67890 sp=0x000000002826d2e0 mode 1
Event: 8.458 Thread 0x0000000021337000 DEOPT PACKING pc=0x000000000380772c sp=0x000000002826d650
Event: 8.458 Thread 0x0000000021337000 DEOPT UNPACKING pc=0x0000000002a67890 sp=0x000000002826d3a8 mode 1
Event: 8.458 Thread 0x0000000021337000 DEOPT PACKING pc=0x0000000003432e3c sp=0x000000002826d520
Event: 8.458 Thread 0x0000000021337000 DEOPT UNPACKING pc=0x0000000002a67890 sp=0x000000002826d258 mode 1
Event: 8.458 Thread 0x0000000021337000 DEOPT PACKING pc=0x000000000333fd84 sp=0x000000002826d5a0
Event: 8.458 Thread 0x0000000021337000 DEOPT UNPACKING pc=0x0000000002a67890 sp=0x000000002826d338 mode 1
Event: 8.458 Thread 0x0000000021337000 DEOPT PACKING pc=0x000000000333f7cc sp=0x000000002826d7b0
Event: 8.458 Thread 0x0000000021337000 DEOPT UNPACKING pc=0x0000000002a67890 sp=0x000000002826d4d8 mode 1


Dynamic libraries:
0x00007ff6d85f0000 - 0x00007ff6d8627000 	C:\java\JDK\bin\java.exe
0x00007ff913a50000 - 0x00007ff913c3d000 	C:\Windows\SYSTEM32\ntdll.dll
0x00007ff913960000 - 0x00007ff913a13000 	C:\Windows\System32\KERNEL32.DLL
0x00007ff9108b0000 - 0x00007ff910b43000 	C:\Windows\System32\KERNELBASE.dll
0x00007ff911bb0000 - 0x00007ff911c53000 	C:\Windows\System32\ADVAPI32.dll
0x00007ff910cb0000 - 0x00007ff910d4e000 	C:\Windows\System32\msvcrt.dll
0x00007ff9132f0000 - 0x00007ff91338e000 	C:\Windows\System32\sechost.dll
0x00007ff910db0000 - 0x00007ff910ed2000 	C:\Windows\System32\RPCRT4.dll
0x00007ff9137c0000 - 0x00007ff913957000 	C:\Windows\System32\USER32.dll
0x00007ff9105f0000 - 0x00007ff910610000 	C:\Windows\System32\win32u.dll
0x00007ff910c80000 - 0x00007ff910ca9000 	C:\Windows\System32\GDI32.dll
0x00007ff910710000 - 0x00007ff9108a9000 	C:\Windows\System32\gdi32full.dll
0x00007ff910be0000 - 0x00007ff910c80000 	C:\Windows\System32\msvcp_win.dll
0x00007ff910610000 - 0x00007ff91070a000 	C:\Windows\System32\ucrtbase.dll
0x00007ff902ba0000 - 0x00007ff902e19000 	C:\Windows\WinSxS\amd64_microsoft.windows.common-controls_6595b64144ccf1df_6.0.17763.615_none_05b4414a072024d4\COMCTL32.dll
0x00007ff910f40000 - 0x00007ff91126c000 	C:\Windows\System32\combase.dll
0x00007ff910570000 - 0x00007ff9105ee000 	C:\Windows\System32\bcryptPrimitives.dll
0x00007ff913290000 - 0x00007ff9132be000 	C:\Windows\System32\IMM32.DLL
0x00000000645a0000 - 0x0000000064672000 	C:\java\JDK\jre\bin\msvcr100.dll
0x0000000062c30000 - 0x00000000634d4000 	C:\java\JDK\jre\bin\server\jvm.dll
0x00007ff9134f0000 - 0x00007ff9134f8000 	C:\Windows\System32\PSAPI.DLL
0x00007ff90dbb0000 - 0x00007ff90dbd4000 	C:\Windows\SYSTEM32\WINMM.dll
0x00007ff8fac10000 - 0x00007ff8fac19000 	C:\Windows\SYSTEM32\WSOCK32.dll
0x00007ff90a4c0000 - 0x00007ff90a4ca000 	C:\Windows\SYSTEM32\VERSION.dll
0x00007ff9115e0000 - 0x00007ff91164d000 	C:\Windows\System32\WS2_32.dll
0x00007ff90da90000 - 0x00007ff90dabd000 	C:\Windows\SYSTEM32\WINMMBASE.dll
0x00007ff910320000 - 0x00007ff91036a000 	C:\Windows\System32\cfgmgr32.dll
0x0000000064590000 - 0x000000006459f000 	C:\java\JDK\jre\bin\verify.dll
0x0000000064560000 - 0x0000000064589000 	C:\java\JDK\jre\bin\java.dll
0x0000000064680000 - 0x00000000646b5000 	C:\java\JDK\jre\bin\jdwp.dll
0x0000000064550000 - 0x0000000064558000 	C:\java\JDK\jre\bin\npt.dll
0x0000000064520000 - 0x0000000064543000 	C:\java\JDK\jre\bin\instrument.dll
0x00000000644c0000 - 0x00000000644d6000 	C:\java\JDK\jre\bin\zip.dll
0x00007ff911da0000 - 0x00007ff913290000 	C:\Windows\System32\SHELL32.dll
0x00007ff9136b0000 - 0x00007ff913758000 	C:\Windows\System32\shcore.dll
0x00007ff90fbd0000 - 0x00007ff91031a000 	C:\Windows\System32\windows.storage.dll
0x00007ff90fa70000 - 0x00007ff90fa94000 	C:\Windows\System32\profapi.dll
0x00007ff90fac0000 - 0x00007ff90fb1d000 	C:\Windows\System32\powrprof.dll
0x00007ff910d50000 - 0x00007ff910da2000 	C:\Windows\System32\shlwapi.dll
0x00007ff90fa50000 - 0x00007ff90fa61000 	C:\Windows\System32\kernel.appcore.dll
0x00007ff910550000 - 0x00007ff910567000 	C:\Windows\System32\cryptsp.dll
0x0000000064510000 - 0x0000000064519000 	C:\java\JDK\jre\bin\dt_socket.dll
0x00007ff90f2c0000 - 0x00007ff90f327000 	C:\Windows\system32\mswsock.dll
0x0000000064490000 - 0x00000000644aa000 	C:\java\JDK\jre\bin\net.dll
0x0000000064470000 - 0x0000000064481000 	C:\java\JDK\jre\bin\nio.dll
0x00007ff90ee20000 - 0x00007ff90ee53000 	C:\Windows\system32\rsaenh.dll
0x00007ff910bb0000 - 0x00007ff910bd6000 	C:\Windows\System32\bcrypt.dll
0x00007ff90f980000 - 0x00007ff90f9a8000 	C:\Windows\SYSTEM32\USERENV.dll
0x00007ff90f490000 - 0x00007ff90f49c000 	C:\Windows\SYSTEM32\CRYPTBASE.dll
0x00007ff90f020000 - 0x00007ff90f05d000 	C:\Windows\SYSTEM32\IPHLPAPI.DLL
0x00007ff911d90000 - 0x00007ff911d98000 	C:\Windows\System32\NSI.dll
0x00007ff9015f0000 - 0x00007ff901606000 	C:\Windows\SYSTEM32\dhcpcsvc6.DLL
0x00007ff9015d0000 - 0x00007ff9015ec000 	C:\Windows\SYSTEM32\dhcpcsvc.DLL
0x00007ff90f060000 - 0x00007ff90f126000 	C:\Windows\SYSTEM32\DNSAPI.dll
0x0000000064460000 - 0x000000006446d000 	C:\java\JDK\jre\bin\management.dll

VM Arguments:
jvm_args: -agentlib:jdwp=transport=dt_socket,address=127.0.0.1:58245,suspend=y,server=n -Dmaven.multiModuleProjectDirectory=D:\IdeaProjects\GITÏîÄ¿\Groupprojects\Health_Parent\Health_Backend -DarchetypeCatalog=internal -Dmaven.home=D:\software\DevelopTools\Maven\apache-maven-3.3.9 -Dclassworlds.conf=D:\software\DevelopTools\Maven\apache-maven-3.3.9\bin\m2.conf -javaagent:C:\Users\32993\.IntelliJIdea2017.3\system\captureAgent\debugger-agent.jar=C:\Users\32993\AppData\Local\Temp\capture7204.props -Dfile.encoding=UTF-8 
java_command: org.codehaus.classworlds.Launcher -Didea.version=2017.3.2 -s D:\software\DevelopTools\Maven\apache-maven-3.3.9\conf\settings.xml -Dmaven.repo.local=D:\software\DevelopTools\repository_boot tomcat7:run
java_class_path (initial): D:\software\DevelopTools\Maven\apache-maven-3.3.9\boot\plexus-classworlds-2.5.2.jar;D:\software\DevelopTools\IntelliJ IDEA 2017.3.2\lib\idea_rt.jar;C:\Users\32993\.IntelliJIdea2017.3\system\captureAgent\debugger-agent.jar
Launcher Type: SUN_STANDARD

Environment Variables:
JAVA_HOME=C:\java\JDK
PATH=C:\Program Files (x86)\Common Files\Oracle\Java\javapath;C:\ProgramData\Oracle\Java\javapath;D:\software\DevelopTools\Xshell\;D:\software\DevelopTools\Xftp\;C:\java\JDK\bin;C:\Windows\system32;C:\Windows;C:\Windows\System32\Wbem;C:\Windows\System32\WindowsPowerShell\v1.0\;C:\Windows\System32\OpenSSH\;C:\Program Files\Intel\WiFi\bin\;C:\Program Files\Common Files\Intel\WirelessCommon\;C:\Program Files (x86)\NVIDIA Corporation\PhysX\Common;C:\Program Files\NVIDIA Corporation\NVIDIA NvDLISR;C:\Program Files (x86)\Intel\Intel(R) Management Engine Components\DAL;C:\Program Files\Intel\Intel(R) Management Engine Components\DAL;D:\software\bin;D:\software\Mysql\bin;C:\Program Files (x86)\MySQL\MySQL Server 5.5\bin;D:\software\DevelopTools\Tomcat\apache-tomcat-8.5.5\bin;D:\software\DevelopTools\Maven\apache-maven-3.3.9\\bin;D:\software\DevelopTools\Node.js\;D:\software\DevelopTools\Git\Git\cmd;C:\Program Files\TortoiseGit\bin;C:\Users\32993\AppData\Local\Microsoft\WindowsApps;C:\Users\32993\AppData\Roaming\npm;C:\Users\32993\AppData\Local\GitHubDesktop\bin
USERNAME=32993
OS=Windows_NT
PROCESSOR_IDENTIFIER=Intel64 Family 6 Model 142 Stepping 10, GenuineIntel



---------------  S Y S T E M  ---------------

OS: Windows 10.0 , 64 bit Build 17763 (10.0.17763.475)

CPU:total 8 (initial active 8) (4 cores per cpu, 2 threads per core) family 6 model 142 stepping 10, cmov, cx8, fxsr, mmx, sse, sse2, sse3, ssse3, sse4.1, sse4.2, popcnt, avx, avx2, aes, clmul, erms, 3dnowpref, lzcnt, ht, tsc, tscinvbit, bmi1, bmi2, adx

Memory: 4k page, physical 16658152k(8424720k free), swap 27143908k(5200k free)

vm_info: Java HotSpot(TM) 64-Bit Server VM (25.191-b12) for windows-amd64 JRE (1.8.0_191-b12), built on Oct  6 2018 09:29:03 by "java_re" with MS VC++ 10.0 (VS2010)

time: Sun Jul 21 17:27:43 2019
elapsed time: 8 seconds (0d 0h 0m 8s)

