#
# There is insufficient memory for the Java Runtime Environment to continue.
# Native memory allocation (malloc) failed to allocate 1048576 bytes for AllocateHeap
# Possible reasons:
#   The system is out of physical RAM or swap space
#   In 32 bit mode, the process size limit was hit
# Possible solutions:
#   Reduce memory load on the system
#   Increase physical memory or swap space
#   Check if swap backing store is full
#   Use 64 bit Java on a 64 bit OS
#   Decrease Java heap size (-Xmx/-Xms)
#   Decrease number of Java threads
#   Decrease Java thread stack sizes (-Xss)
#   Set larger code cache with -XX:ReservedCodeCacheSize=
# This output file may be truncated or incomplete.
#
#  Out of Memory Error (memory/allocation.inline.hpp:61), pid=9208, tid=0x0000000000001280
#
# JRE version:  (8.0_191-b12) (build )
# Java VM: Java HotSpot(TM) 64-Bit Server VM (25.191-b12 mixed mode windows-amd64 compressed oops)
# Failed to write core dump. Minidumps are not enabled by default on client versions of Windows
#

---------------  T H R E A D  ---------------

Current thread (0x00000000027c2800):  JavaThread "Unknown thread" [_thread_in_vm, id=4736, stack(0x0000000002510000,0x0000000002610000)]

Stack: [0x0000000002510000,0x0000000002610000]
[error occurred during error reporting (printing stack bounds), id 0xc0000005]

Native frames: (J=compiled Java code, j=interpreted, Vv=VM code, C=native code)


---------------  P R O C E S S  ---------------

Java Threads: ( => current thread )

Other Threads:

=>0x00000000027c2800 (exited) JavaThread "Unknown thread" [_thread_in_vm, id=4736, stack(0x0000000002510000,0x0000000002610000)]

VM state:not at safepoint (normal execution)

VM Mutex/Monitor currently owned by a thread: None

Heap:
 PSYoungGen      total 76288K, used 1310K [0x000000076b400000, 0x0000000770900000, 0x00000007c0000000)
  eden space 65536K, 2% used [0x000000076b400000,0x000000076b547af0,0x000000076f400000)
  from space 10752K, 0% used [0x000000076fe80000,0x000000076fe80000,0x0000000770900000)
  to   space 10752K, 0% used [0x000000076f400000,0x000000076f400000,0x000000076fe80000)
 ParOldGen       total 175104K, used 0K [0x00000006c1c00000, 0x00000006cc700000, 0x000000076b400000)
  object space 175104K, 0% used [0x00000006c1c00000,0x00000006c1c00000,0x00000006cc700000)
 Metaspace       used 786K, capacity 4480K, committed 4480K, reserved 1056768K
  class space    used 76K, capacity 384K, committed 384K, reserved 1048576K

Card table byte_map: [0x0000000011c80000,0x0000000012480000] byte_map_base: 0x000000000e672000

Marking Bits: (ParMarkBitMap*) 0x0000000066713e30
 Begin Bits: [0x00000000131d0000, 0x0000000017160000)
 End Bits:   [0x0000000017160000, 0x000000001b0f0000)

Polling page: 0x0000000002130000

CodeCache: size=245760Kb used=328Kb max_used=328Kb free=245431Kb
 bounds [0x00000000028c0000, 0x0000000002b30000, 0x00000000118c0000]
 total_blobs=58 nmethods=0 adapters=38
 compilation: enabled

Compilation events (0 events):
No events

GC Heap History (0 events):
No events

Deoptimization events (0 events):
No events

Classes redefined (0 events):
No events

Internal exceptions (0 events):
No events

Events (10 events):
Event: 0.023 loading class java/lang/Short
Event: 0.024 loading class java/lang/Short done
Event: 0.024 loading class java/lang/Integer
Event: 0.024 loading class java/lang/Integer done
Event: 0.024 loading class java/lang/Long
Event: 0.024 loading class java/lang/Long done
Event: 0.024 loading class java/lang/NullPointerException
Event: 0.024 loading class java/lang/NullPointerException done
Event: 0.024 loading class java/lang/ArithmeticException
Event: 0.024 loading class java/lang/ArithmeticException done


Dynamic libraries:
0x00007ff72e7f0000 - 0x00007ff72e827000 	C:\java\JDK\bin\java.exe
0x00007fffa8ed0000 - 0x00007fffa90bd000 	C:\Windows\SYSTEM32\ntdll.dll
0x00007fffa6280000 - 0x00007fffa6333000 	C:\Windows\System32\KERNEL32.DLL
0x00007fffa5940000 - 0x00007fffa5bd3000 	C:\Windows\System32\KERNELBASE.dll
0x00007fffa8900000 - 0x00007fffa89a3000 	C:\Windows\System32\ADVAPI32.dll
0x00007fffa6a90000 - 0x00007fffa6b2e000 	C:\Windows\System32\msvcrt.dll
0x00007fffa6cc0000 - 0x00007fffa6d5e000 	C:\Windows\System32\sechost.dll
0x00007fffa89d0000 - 0x00007fffa8af2000 	C:\Windows\System32\RPCRT4.dll
0x00007fffa6710000 - 0x00007fffa68a7000 	C:\Windows\System32\USER32.dll
0x00007fffa4fd0000 - 0x00007fffa4ff0000 	C:\Windows\System32\win32u.dll
0x00007fffa6680000 - 0x00007fffa66a9000 	C:\Windows\System32\GDI32.dll
0x00007fffa5ce0000 - 0x00007fffa5e79000 	C:\Windows\System32\gdi32full.dll
0x00007fffa6010000 - 0x00007fffa60b0000 	C:\Windows\System32\msvcp_win.dll
0x00007fffa5be0000 - 0x00007fffa5cda000 	C:\Windows\System32\ucrtbase.dll
0x00007fff97170000 - 0x00007fff973e9000 	C:\Windows\WinSxS\amd64_microsoft.windows.common-controls_6595b64144ccf1df_6.0.17763.615_none_05b4414a072024d4\COMCTL32.dll
0x00007fffa8b70000 - 0x00007fffa8e9c000 	C:\Windows\System32\combase.dll
0x00007fffa5e80000 - 0x00007fffa5efe000 	C:\Windows\System32\bcryptPrimitives.dll
0x00007fffa68b0000 - 0x00007fffa68de000 	C:\Windows\System32\IMM32.DLL
0x0000000067fc0000 - 0x0000000068092000 	C:\java\JDK\jre\bin\msvcr100.dll
0x0000000065ef0000 - 0x0000000066794000 	C:\java\JDK\jre\bin\server\jvm.dll
0x00007fffa6e10000 - 0x00007fffa6e18000 	C:\Windows\System32\PSAPI.DLL
0x00007fff8f2b0000 - 0x00007fff8f2b9000 	C:\Windows\SYSTEM32\WSOCK32.dll
0x00007fffa32b0000 - 0x00007fffa32d4000 	C:\Windows\SYSTEM32\WINMM.dll
0x00007fff9f8e0000 - 0x00007fff9f8ea000 	C:\Windows\SYSTEM32\VERSION.dll
0x00007fffa8b00000 - 0x00007fffa8b6d000 	C:\Windows\System32\WS2_32.dll
0x00007fffa3120000 - 0x00007fffa314d000 	C:\Windows\SYSTEM32\WINMMBASE.dll
0x00007fffa60b0000 - 0x00007fffa60fa000 	C:\Windows\System32\cfgmgr32.dll
0x0000000069db0000 - 0x0000000069dbf000 	C:\java\JDK\jre\bin\verify.dll
0x00000000695d0000 - 0x00000000695f9000 	C:\java\JDK\jre\bin\java.dll
0x0000000068140000 - 0x0000000068175000 	C:\java\JDK\jre\bin\jdwp.dll
0x0000000068130000 - 0x0000000068138000 	C:\java\JDK\jre\bin\npt.dll
0x0000000068100000 - 0x0000000068123000 	C:\java\JDK\jre\bin\instrument.dll
0x0000000067fa0000 - 0x0000000067fb6000 	C:\java\JDK\jre\bin\zip.dll

VM Arguments:
jvm_args: -agentlib:jdwp=transport=dt_socket,address=127.0.0.1:56226,suspend=y,server=n -Dmaven.multiModuleProjectDirectory=D:\IdeaProjects\HealthProject\Health_Parent\Health_Backend -DarchetypeCatalog=internal -Dmaven.home=D:\software\DevelopTools\Maven\apache-maven-3.3.9 -Dclassworlds.conf=D:\software\DevelopTools\Maven\apache-maven-3.3.9\bin\m2.conf -javaagent:C:\Users\32993\.IntelliJIdea2017.3\system\captureAgent\debugger-agent.jar=C:\Users\32993\AppData\Local\Temp\capture5795.props -Dfile.encoding=UTF-8 
java_command: org.codehaus.classworlds.Launcher -Didea.version=2017.3.2 -s D:\software\DevelopTools\Maven\apache-maven-3.3.9\conf\settings.xml -Dmaven.repo.local=D:\software\DevelopTools\repository_boot tomcat7:run
java_class_path (initial): D:\software\DevelopTools\Maven\apache-maven-3.3.9\boot\plexus-classworlds-2.5.2.jar;D:\software\DevelopTools\IntelliJ IDEA 2017.3.2\lib\idea_rt.jar;C:\Users\32993\.IntelliJIdea2017.3\system\captureAgent\debugger-agent.jar
Launcher Type: SUN_STANDARD

Environment Variables:
JAVA_HOME=C:\java\JDK
PATH=C:\Program Files (x86)\Common Files\Oracle\Java\javapath;C:\ProgramData\Oracle\Java\javapath;D:\software\DevelopTools\Xshell\;D:\software\DevelopTools\Xftp\;C:\java\JDK\bin;C:\Windows\system32;C:\Windows;C:\Windows\System32\Wbem;C:\Windows\System32\WindowsPowerShell\v1.0\;C:\Windows\System32\OpenSSH\;C:\Program Files\Intel\WiFi\bin\;C:\Program Files\Common Files\Intel\WirelessCommon\;C:\Program Files (x86)\NVIDIA Corporation\PhysX\Common;C:\Program Files\NVIDIA Corporation\NVIDIA NvDLISR;C:\Program Files (x86)\Intel\Intel(R) Management Engine Components\DAL;C:\Program Files\Intel\Intel(R) Management Engine Components\DAL;D:\software\bin;D:\software\Mysql\bin;C:\Program Files (x86)\MySQL\MySQL Server 5.5\bin;D:\software\DevelopTools\Tomcat\apache-tomcat-8.5.5\bin;D:\software\DevelopTools\Maven\apache-maven-3.3.9\\bin;D:\software\DevelopTools\Node.js\;C:\Users\32993\AppData\Local\Microsoft\WindowsApps;C:\Users\32993\AppData\Roaming\npm
USERNAME=32993
OS=Windows_NT
PROCESSOR_IDENTIFIER=Intel64 Family 6 Model 142 Stepping 10, GenuineIntel



---------------  S Y S T E M  ---------------

OS: Windows 10.0 , 64 bit Build 17763 (10.0.17763.475)

CPU:total 8 (initial active 8) (4 cores per cpu, 2 threads per core) family 6 model 142 stepping 10, cmov, cx8, fxsr, mmx, sse, sse2, sse3, ssse3, sse4.1, sse4.2, popcnt, avx, avx2, aes, clmul, erms, 3dnowpref, lzcnt, ht, tsc, tscinvbit, bmi1, bmi2, adx

Memory: 4k page, physical 16658152k(8367416k free), swap 27143908k(5540k free)

vm_info: Java HotSpot(TM) 64-Bit Server VM (25.191-b12) for windows-amd64 JRE (1.8.0_191-b12), built on Oct  6 2018 09:29:03 by "java_re" with MS VC++ 10.0 (VS2010)

time: Tue Jul 16 19:28:43 2019
elapsed time: 0 seconds (0d 0h 0m 0s)

