#
# There is insufficient memory for the Java Runtime Environment to continue.
# Native memory allocation (malloc) failed to allocate 1069216 bytes for Chunk::new
# Possible reasons:
#   The system is out of physical RAM or swap space
#   In 32 bit mode, the process size limit was hit
# Possible solutions:
#   Reduce memory load on the system
#   Increase physical memory or swap space
#   Check if swap backing store is full
#   Use 64 bit Java on a 64 bit OS
#   Decrease Java heap size (-Xmx/-Xms)
#   Decrease number of Java threads
#   Decrease Java thread stack sizes (-Xss)
#   Set larger code cache with -XX:ReservedCodeCacheSize=
# This output file may be truncated or incomplete.
#
#  Out of Memory Error (allocation.cpp:390), pid=12232, tid=0x0000000000002da8
#
# JRE version: Java(TM) SE Runtime Environment (8.0_191-b12) (build 1.8.0_191-b12)
# Java VM: Java HotSpot(TM) 64-Bit Server VM (25.191-b12 mixed mode windows-amd64 compressed oops)
# Failed to write core dump. Minidumps are not enabled by default on client versions of Windows
#

---------------  T H R E A D  ---------------

Current thread (0x000000001e9ab000):  JavaThread "C2 CompilerThread2" daemon [_thread_in_native, id=11688, stack(0x000000001f630000,0x000000001f730000)]

Stack: [0x000000001f630000,0x000000001f730000]
[error occurred during error reporting (printing stack bounds), id 0xc0000005]

Native frames: (J=compiled Java code, j=interpreted, Vv=VM code, C=native code)


Current CompileTask:
C2:   2557 3357       4       java.net.URLClassLoader$1::run (5 bytes)


---------------  P R O C E S S  ---------------

Java Threads: ( => current thread )
  0x000000001e9ba000 JavaThread "Service Thread" daemon [_thread_blocked, id=2420, stack(0x000000001f830000,0x000000001f930000)]
  0x000000001e9ad800 JavaThread "C1 CompilerThread3" daemon [_thread_blocked, id=8696, stack(0x000000001f730000,0x000000001f830000)]
=>0x000000001e9ab000 JavaThread "C2 CompilerThread2" daemon [_thread_in_native, id=11688, stack(0x000000001f630000,0x000000001f730000)]
  0x000000001e99e000 JavaThread "C2 CompilerThread1" daemon [_thread_in_native, id=4468, stack(0x000000001f530000,0x000000001f630000)]
  0x000000001e9a8800 JavaThread "C2 CompilerThread0" daemon [_thread_in_native, id=11444, stack(0x000000001f430000,0x000000001f530000)]
  0x000000001e97a000 JavaThread "JDWP Command Reader" daemon [_thread_in_native, id=492, stack(0x000000001f330000,0x000000001f430000)]
  0x000000001e979000 JavaThread "JDWP Event Helper Thread" daemon [_thread_blocked, id=14320, stack(0x000000001f230000,0x000000001f330000)]
  0x000000001e96b800 JavaThread "JDWP Transport Listener: dt_socket" daemon [_thread_blocked, id=556, stack(0x000000001f130000,0x000000001f230000)]
  0x000000001e90b000 JavaThread "Attach Listener" daemon [_thread_blocked, id=10296, stack(0x000000001f030000,0x000000001f130000)]
  0x000000001e90a000 JavaThread "Signal Dispatcher" daemon [_thread_blocked, id=1408, stack(0x000000001ef30000,0x000000001f030000)]
  0x000000001e8f1800 JavaThread "Finalizer" daemon [_thread_blocked, id=8788, stack(0x000000001edd0000,0x000000001eed0000)]
  0x00000000030c9000 JavaThread "Reference Handler" daemon [_thread_blocked, id=12848, stack(0x000000001ecd0000,0x000000001edd0000)]
  0x0000000002fd2800 JavaThread "main" [_thread_in_native, id=4500, stack(0x0000000002ea0000,0x0000000002fa0000)]

Other Threads:
  0x000000001cae7800 VMThread [stack: 0x000000001e7d0000,0x000000001e8d0000] [id=12736]
  0x000000001e9ab800 WatcherThread [stack: 0x000000001f930000,0x000000001fa30000] [id=2612]

VM state:not at safepoint (normal execution)

VM Mutex/Monitor currently owned by a thread: None

Heap:
 PSYoungGen      total 76288K, used 25204K [0x000000076b400000, 0x0000000770900000, 0x00000007c0000000)
  eden space 65536K, 22% used [0x000000076b400000,0x000000076c2233d8,0x000000076f400000)
  from space 10752K, 99% used [0x000000076f400000,0x000000076fe7a020,0x000000076fe80000)
  to   space 10752K, 0% used [0x000000076fe80000,0x000000076fe80000,0x0000000770900000)
 ParOldGen       total 175104K, used 1498K [0x00000006c1c00000, 0x00000006cc700000, 0x000000076b400000)
  object space 175104K, 0% used [0x00000006c1c00000,0x00000006c1d769b8,0x00000006cc700000)
 Metaspace       used 18391K, capacity 18878K, committed 19072K, reserved 1067008K
  class space    used 2167K, capacity 2333K, committed 2432K, reserved 1048576K

Card table byte_map: [0x0000000012490000,0x0000000012c90000] byte_map_base: 0x000000000ee82000

Marking Bits: (ParMarkBitMap*) 0x0000000063453e30
 Begin Bits: [0x00000000139e0000, 0x0000000017970000)
 End Bits:   [0x0000000017970000, 0x000000001b900000)

Polling page: 0x0000000001430000

CodeCache: size=245760Kb used=12531Kb max_used=12531Kb free=233228Kb
 bounds [0x00000000030d0000, 0x0000000003d20000, 0x00000000120d0000]
 total_blobs=3714 nmethods=3371 adapters=263
 compilation: enabled

Compilation events (10 events):
Event: 2.518 Thread 0x000000001e9ad800 3382       3       sun.net.www.MessageHeader::grow (92 bytes)
Event: 2.518 Thread 0x000000001e9ad800 nmethod 3382 0x0000000003d15cd0 code [0x0000000003d15e60, 0x0000000003d163b8]
Event: 2.518 Thread 0x000000001e9ad800 3384       3       sun.misc.URLClassPath::findResource (47 bytes)
Event: 2.518 Thread 0x000000001e9ad800 nmethod 3384 0x0000000003d16890 code [0x0000000003d16a20, 0x0000000003d16de8]
Event: 2.518 Thread 0x000000001e9ad800 3386       1       java.util.logging.Logger::getName (5 bytes)
Event: 2.519 Thread 0x000000001e9ad800 nmethod 3386 0x0000000003d16f90 code [0x0000000003d170e0, 0x0000000003d171f0]
Event: 2.526 Thread 0x000000001e9ad800 3387       3       sun.nio.cs.UTF_8$Encoder::encode (359 bytes)
Event: 2.527 Thread 0x000000001e9ad800 nmethod 3387 0x0000000003d17610 code [0x0000000003d17800, 0x0000000003d18398]
Event: 2.527 Thread 0x000000001e9ad800 3389       3       java.lang.Integer::reverseBytes (26 bytes)
Event: 2.527 Thread 0x000000001e9ad800 nmethod 3389 0x0000000003d18ad0 code [0x0000000003d18c20, 0x0000000003d18d70]

GC Heap History (6 events):
Event: 1.076 GC heap before
{Heap before GC invocations=1 (full 0):
 PSYoungGen      total 76288K, used 65536K [0x000000076b400000, 0x0000000770900000, 0x00000007c0000000)
  eden space 65536K, 100% used [0x000000076b400000,0x000000076f400000,0x000000076f400000)
  from space 10752K, 0% used [0x000000076fe80000,0x000000076fe80000,0x0000000770900000)
  to   space 10752K, 0% used [0x000000076f400000,0x000000076f400000,0x000000076fe80000)
 ParOldGen       total 175104K, used 0K [0x00000006c1c00000, 0x00000006cc700000, 0x000000076b400000)
  object space 175104K, 0% used [0x00000006c1c00000,0x00000006c1c00000,0x00000006cc700000)
 Metaspace       used 11980K, capacity 12154K, committed 12416K, reserved 1060864K
  class space    used 1507K, capacity 1577K, committed 1664K, reserved 1048576K
Event: 1.088 GC heap after
Heap after GC invocations=1 (full 0):
 PSYoungGen      total 76288K, used 10655K [0x000000076b400000, 0x0000000770900000, 0x00000007c0000000)
  eden space 65536K, 0% used [0x000000076b400000,0x000000076b400000,0x000000076f400000)
  from space 10752K, 99% used [0x000000076f400000,0x000000076fe67e80,0x000000076fe80000)
  to   space 10752K, 0% used [0x000000076fe80000,0x000000076fe80000,0x0000000770900000)
 ParOldGen       total 175104K, used 16K [0x00000006c1c00000, 0x00000006cc700000, 0x000000076b400000)
  object space 175104K, 0% used [0x00000006c1c00000,0x00000006c1c04000,0x00000006cc700000)
 Metaspace       used 11980K, capacity 12154K, committed 12416K, reserved 1060864K
  class space    used 1507K, capacity 1577K, committed 1664K, reserved 1048576K
}
Event: 1.805 GC heap before
{Heap before GC invocations=2 (full 0):
 PSYoungGen      total 76288K, used 76191K [0x000000076b400000, 0x0000000770900000, 0x00000007c0000000)
  eden space 65536K, 100% used [0x000000076b400000,0x000000076f400000,0x000000076f400000)
  from space 10752K, 99% used [0x000000076f400000,0x000000076fe67e80,0x000000076fe80000)
  to   space 10752K, 0% used [0x000000076fe80000,0x000000076fe80000,0x0000000770900000)
 ParOldGen       total 175104K, used 16K [0x00000006c1c00000, 0x00000006cc700000, 0x000000076b400000)
  object space 175104K, 0% used [0x00000006c1c00000,0x00000006c1c04000,0x00000006cc700000)
 Metaspace       used 15619K, capacity 15872K, committed 16128K, reserved 1062912K
  class space    used 1864K, capacity 1946K, committed 2048K, reserved 1048576K
Event: 1.813 GC heap after
Heap after GC invocations=2 (full 0):
 PSYoungGen      total 76288K, used 9850K [0x000000076b400000, 0x0000000770900000, 0x00000007c0000000)
  eden space 65536K, 0% used [0x000000076b400000,0x000000076b400000,0x000000076f400000)
  from space 10752K, 91% used [0x000000076fe80000,0x000000077081e8f0,0x0000000770900000)
  to   space 10752K, 0% used [0x000000076f400000,0x000000076f400000,0x000000076fe80000)
 ParOldGen       total 175104K, used 32K [0x00000006c1c00000, 0x00000006cc700000, 0x000000076b400000)
  object space 175104K, 0% used [0x00000006c1c00000,0x00000006c1c08000,0x00000006cc700000)
 Metaspace       used 15619K, capacity 15872K, committed 16128K, reserved 1062912K
  class space    used 1864K, capacity 1946K, committed 2048K, reserved 1048576K
}
Event: 2.352 GC heap before
{Heap before GC invocations=3 (full 0):
 PSYoungGen      total 76288K, used 75386K [0x000000076b400000, 0x0000000770900000, 0x00000007c0000000)
  eden space 65536K, 100% used [0x000000076b400000,0x000000076f400000,0x000000076f400000)
  from space 10752K, 91% used [0x000000076fe80000,0x000000077081e8f0,0x0000000770900000)
  to   space 10752K, 0% used [0x000000076f400000,0x000000076f400000,0x000000076fe80000)
 ParOldGen       total 175104K, used 32K [0x00000006c1c00000, 0x00000006cc700000, 0x000000076b400000)
  object space 175104K, 0% used [0x00000006c1c00000,0x00000006c1c08000,0x00000006cc700000)
 Metaspace       used 17201K, capacity 17734K, committed 18048K, reserved 1064960K
  class space    used 1998K, capacity 2165K, committed 2176K, reserved 1048576K
Event: 2.360 GC heap after
Heap after GC invocations=3 (full 0):
 PSYoungGen      total 76288K, used 10728K [0x000000076b400000, 0x0000000770900000, 0x00000007c0000000)
  eden space 65536K, 0% used [0x000000076b400000,0x000000076b400000,0x000000076f400000)
  from space 10752K, 99% used [0x000000076f400000,0x000000076fe7a020,0x000000076fe80000)
  to   space 10752K, 0% used [0x000000076fe80000,0x000000076fe80000,0x0000000770900000)
 ParOldGen       total 175104K, used 1498K [0x00000006c1c00000, 0x00000006cc700000, 0x000000076b400000)
  object space 175104K, 0% used [0x00000006c1c00000,0x00000006c1d769b8,0x00000006cc700000)
 Metaspace       used 17201K, capacity 17734K, committed 18048K, reserved 1064960K
  class space    used 1998K, capacity 2165K, committed 2176K, reserved 1048576K
}

Deoptimization events (10 events):
Event: 2.508 Thread 0x0000000002fd2800 Uncommon trap: reason=unstable_if action=reinterpret pc=0x000000000393ab24 method=java.util.Properties$LineReader.readLine()I @ 323
Event: 2.508 Thread 0x0000000002fd2800 Uncommon trap: reason=unstable_if action=reinterpret pc=0x0000000003923574 method=java.util.Properties.loadConvert([CII[C)Ljava/lang/String; @ 4
Event: 2.518 Thread 0x0000000002fd2800 Uncommon trap: reason=bimorphic action=maybe_recompile pc=0x0000000003a72fb0 method=java.util.LinkedHashMap.afterNodeInsertion(Z)V @ 15
Event: 2.518 Thread 0x0000000002fd2800 Uncommon trap: reason=unstable_if action=reinterpret pc=0x000000000366a9b4 method=java.util.LinkedHashMap.get(Ljava/lang/Object;)Ljava/lang/Object; @ 20
Event: 2.521 Thread 0x0000000002fd2800 Uncommon trap: reason=bimorphic action=maybe_recompile pc=0x0000000003a72fb0 method=java.util.LinkedHashMap.afterNodeInsertion(Z)V @ 15
Event: 2.523 Thread 0x0000000002fd2800 Uncommon trap: reason=unstable_if action=reinterpret pc=0x0000000003abb5fc method=java.io.WinNTFileSystem.normalize(Ljava/lang/String;)Ljava/lang/String; @ 128
Event: 2.523 Thread 0x0000000002fd2800 Uncommon trap: reason=class_check action=maybe_recompile pc=0x0000000003acfb6c method=java.util.AbstractList$Itr.hasNext()Z @ 8
Event: 2.523 Thread 0x0000000002fd2800 Uncommon trap: reason=class_check action=maybe_recompile pc=0x0000000003c61938 method=java.util.AbstractList$Itr.next()Ljava/lang/Object; @ 14
Event: 2.526 Thread 0x0000000002fd2800 Uncommon trap: reason=unstable_if action=reinterpret pc=0x0000000003238d74 method=sun.nio.cs.UTF_8$Encoder.encode([CII[B)I @ 33
Event: 2.528 Thread 0x0000000002fd2800 Uncommon trap: reason=unstable_if action=reinterpret pc=0x00000000037cdfd4 method=java.nio.charset.CharsetDecoder.decode(Ljava/nio/ByteBuffer;Ljava/nio/CharBuffer;Z)Ljava/nio/charset/CoderResult; @ 1

Classes redefined (0 events):
No events

Internal exceptions (10 events):
Event: 1.264 Thread 0x0000000002fd2800 Exception <a 'java/lang/NullPointerException'> (0x000000076bd4de88) thrown at [C:\re\workspace\8-2-build-windows-amd64-cygwin\jdk8u191\11896\hotspot\src\share\vm\interpreter\linkResolver.cpp, line 1185]
Event: 1.265 Thread 0x0000000002fd2800 Exception <a 'java/lang/NullPointerException'> (0x000000076bd5e120) thrown at [C:\re\workspace\8-2-build-windows-amd64-cygwin\jdk8u191\11896\hotspot\src\share\vm\interpreter\linkResolver.cpp, line 1185]
Event: 1.265 Thread 0x0000000002fd2800 Exception <a 'java/lang/NullPointerException'> (0x000000076bd5e338) thrown at [C:\re\workspace\8-2-build-windows-amd64-cygwin\jdk8u191\11896\hotspot\src\share\vm\interpreter\linkResolver.cpp, line 1185]
Event: 1.265 Thread 0x0000000002fd2800 Exception <a 'java/lang/NullPointerException'> (0x000000076bd5e550) thrown at [C:\re\workspace\8-2-build-windows-amd64-cygwin\jdk8u191\11896\hotspot\src\share\vm\interpreter\linkResolver.cpp, line 1185]
Event: 1.442 Thread 0x0000000002fd2800 Implicit null exception at 0x00000000034a4354 to 0x00000000034a45e9
Event: 1.442 Thread 0x0000000002fd2800 Implicit null exception at 0x0000000003405a2f to 0x0000000003405a9d
Event: 1.446 Thread 0x0000000002fd2800 Implicit null exception at 0x000000000373e8c5 to 0x000000000373edd1
Event: 1.462 Thread 0x0000000002fd2800 Implicit null exception at 0x000000000355c17e to 0x000000000355c9a1
Event: 2.134 Thread 0x0000000002fd2800 Implicit null exception at 0x0000000003aa0650 to 0x0000000003aa2105
Event: 2.499 Thread 0x0000000002fd2800 Exception <a 'java/io/FileNotFoundException'> (0x000000076c0b25e8) thrown at [C:\re\workspace\8-2-build-windows-amd64-cygwin\jdk8u191\11896\hotspot\src\share\vm\prims\jni.cpp, line 709]

Events (10 events):
Event: 2.527 loading class java/net/NetworkInterface done
Event: 2.528 loading class java/net/NetworkInterface$1
Event: 2.528 loading class java/net/NetworkInterface$1 done
Event: 2.528 Thread 0x0000000002fd2800 Uncommon trap: trap_request=0xffffff65 fr.pc=0x00000000037cdfd4
Event: 2.528 Thread 0x0000000002fd2800 DEOPT PACKING pc=0x00000000037cdfd4 sp=0x0000000002f99f70
Event: 2.528 Thread 0x0000000002fd2800 DEOPT UNPACKING pc=0x000000000311583b sp=0x0000000002f99f30 mode 2
Event: 2.528 loading class java/net/InterfaceAddress
Event: 2.528 loading class java/net/InterfaceAddress done
Event: 2.528 loading class java/net/DefaultInterface
Event: 2.528 loading class java/net/DefaultInterface done


Dynamic libraries:
0x00007ff6d85f0000 - 0x00007ff6d8627000 	C:\java\JDK\bin\java.exe
0x00007ff913a50000 - 0x00007ff913c3d000 	C:\Windows\SYSTEM32\ntdll.dll
0x00007ff913960000 - 0x00007ff913a13000 	C:\Windows\System32\KERNEL32.DLL
0x00007ff9108b0000 - 0x00007ff910b43000 	C:\Windows\System32\KERNELBASE.dll
0x00007ff911bb0000 - 0x00007ff911c53000 	C:\Windows\System32\ADVAPI32.dll
0x00007ff910cb0000 - 0x00007ff910d4e000 	C:\Windows\System32\msvcrt.dll
0x00007ff9132f0000 - 0x00007ff91338e000 	C:\Windows\System32\sechost.dll
0x00007ff910db0000 - 0x00007ff910ed2000 	C:\Windows\System32\RPCRT4.dll
0x00007ff9137c0000 - 0x00007ff913957000 	C:\Windows\System32\USER32.dll
0x00007ff9105f0000 - 0x00007ff910610000 	C:\Windows\System32\win32u.dll
0x00007ff910c80000 - 0x00007ff910ca9000 	C:\Windows\System32\GDI32.dll
0x00007ff910710000 - 0x00007ff9108a9000 	C:\Windows\System32\gdi32full.dll
0x00007ff910be0000 - 0x00007ff910c80000 	C:\Windows\System32\msvcp_win.dll
0x00007ff910610000 - 0x00007ff91070a000 	C:\Windows\System32\ucrtbase.dll
0x00007ff902ba0000 - 0x00007ff902e19000 	C:\Windows\WinSxS\amd64_microsoft.windows.common-controls_6595b64144ccf1df_6.0.17763.615_none_05b4414a072024d4\COMCTL32.dll
0x00007ff910f40000 - 0x00007ff91126c000 	C:\Windows\System32\combase.dll
0x00007ff910570000 - 0x00007ff9105ee000 	C:\Windows\System32\bcryptPrimitives.dll
0x00007ff913290000 - 0x00007ff9132be000 	C:\Windows\System32\IMM32.DLL
0x00000000645a0000 - 0x0000000064672000 	C:\java\JDK\jre\bin\msvcr100.dll
0x0000000062c30000 - 0x00000000634d4000 	C:\java\JDK\jre\bin\server\jvm.dll
0x00007ff9134f0000 - 0x00007ff9134f8000 	C:\Windows\System32\PSAPI.DLL
0x00007ff8fac10000 - 0x00007ff8fac19000 	C:\Windows\SYSTEM32\WSOCK32.dll
0x00007ff90dbb0000 - 0x00007ff90dbd4000 	C:\Windows\SYSTEM32\WINMM.dll
0x00007ff90a4c0000 - 0x00007ff90a4ca000 	C:\Windows\SYSTEM32\VERSION.dll
0x00007ff9115e0000 - 0x00007ff91164d000 	C:\Windows\System32\WS2_32.dll
0x00007ff90da90000 - 0x00007ff90dabd000 	C:\Windows\SYSTEM32\winmmbase.dll
0x00007ff910320000 - 0x00007ff91036a000 	C:\Windows\System32\cfgmgr32.dll
0x0000000064590000 - 0x000000006459f000 	C:\java\JDK\jre\bin\verify.dll
0x0000000064560000 - 0x0000000064589000 	C:\java\JDK\jre\bin\java.dll
0x0000000064680000 - 0x00000000646b5000 	C:\java\JDK\jre\bin\jdwp.dll
0x0000000064550000 - 0x0000000064558000 	C:\java\JDK\jre\bin\npt.dll
0x00000000644c0000 - 0x00000000644d6000 	C:\java\JDK\jre\bin\zip.dll
0x00007ff911da0000 - 0x00007ff913290000 	C:\Windows\System32\SHELL32.dll
0x00007ff9136b0000 - 0x00007ff913758000 	C:\Windows\System32\shcore.dll
0x00007ff90fbd0000 - 0x00007ff91031a000 	C:\Windows\System32\windows.storage.dll
0x00007ff90fa70000 - 0x00007ff90fa94000 	C:\Windows\System32\profapi.dll
0x00007ff90fac0000 - 0x00007ff90fb1d000 	C:\Windows\System32\powrprof.dll
0x00007ff910d50000 - 0x00007ff910da2000 	C:\Windows\System32\shlwapi.dll
0x00007ff90fa50000 - 0x00007ff90fa61000 	C:\Windows\System32\kernel.appcore.dll
0x00007ff910550000 - 0x00007ff910567000 	C:\Windows\System32\cryptsp.dll
0x0000000064510000 - 0x0000000064519000 	C:\java\JDK\jre\bin\dt_socket.dll
0x00007ff90f2c0000 - 0x00007ff90f327000 	C:\Windows\system32\mswsock.dll
0x0000000064490000 - 0x00000000644aa000 	C:\java\JDK\jre\bin\net.dll
0x0000000064470000 - 0x0000000064481000 	C:\java\JDK\jre\bin\nio.dll
0x00007ff90ee20000 - 0x00007ff90ee53000 	C:\Windows\system32\rsaenh.dll
0x00007ff910bb0000 - 0x00007ff910bd6000 	C:\Windows\System32\bcrypt.dll
0x00007ff90f980000 - 0x00007ff90f9a8000 	C:\Windows\SYSTEM32\USERENV.dll
0x00007ff90f490000 - 0x00007ff90f49c000 	C:\Windows\SYSTEM32\CRYPTBASE.dll
0x00007ff90f020000 - 0x00007ff90f05d000 	C:\Windows\SYSTEM32\IPHLPAPI.DLL
0x00007ff911d90000 - 0x00007ff911d98000 	C:\Windows\System32\NSI.dll
0x00007ff9015f0000 - 0x00007ff901606000 	C:\Windows\SYSTEM32\dhcpcsvc6.DLL
0x00007ff9015d0000 - 0x00007ff9015ec000 	C:\Windows\SYSTEM32\dhcpcsvc.DLL
0x00007ff90f060000 - 0x00007ff90f126000 	C:\Windows\SYSTEM32\DNSAPI.dll

VM Arguments:
jvm_args: -agentlib:jdwp=transport=dt_socket,address=127.0.0.1:58356,suspend=y,server=n -Dmaven.multiModuleProjectDirectory=D:\IdeaProjects\GITÏîÄ¿\Groupprojects\Health_Parent\Health_Backend -DarchetypeCatalog=internal -Dmaven.home=D:\software\DevelopTools\Maven\apache-maven-3.3.9 -Dclassworlds.conf=D:\software\DevelopTools\Maven\apache-maven-3.3.9\bin\m2.conf -Dfile.encoding=UTF-8 
java_command: org.codehaus.classworlds.Launcher -Didea.version=2017.3.2 -s D:\software\DevelopTools\Maven\apache-maven-3.3.9\conf\settings.xml -Dmaven.repo.local=D:\software\DevelopTools\repository_boot tomcat7:run
java_class_path (initial): D:\software\DevelopTools\Maven\apache-maven-3.3.9\boot\plexus-classworlds-2.5.2.jar;D:\software\DevelopTools\IntelliJ IDEA 2017.3.2\lib\idea_rt.jar
Launcher Type: SUN_STANDARD

Environment Variables:
JAVA_HOME=C:\java\JDK
PATH=C:\Program Files (x86)\Common Files\Oracle\Java\javapath;C:\ProgramData\Oracle\Java\javapath;D:\software\DevelopTools\Xshell\;D:\software\DevelopTools\Xftp\;C:\java\JDK\bin;C:\Windows\system32;C:\Windows;C:\Windows\System32\Wbem;C:\Windows\System32\WindowsPowerShell\v1.0\;C:\Windows\System32\OpenSSH\;C:\Program Files\Intel\WiFi\bin\;C:\Program Files\Common Files\Intel\WirelessCommon\;C:\Program Files (x86)\NVIDIA Corporation\PhysX\Common;C:\Program Files\NVIDIA Corporation\NVIDIA NvDLISR;C:\Program Files (x86)\Intel\Intel(R) Management Engine Components\DAL;C:\Program Files\Intel\Intel(R) Management Engine Components\DAL;D:\software\bin;D:\software\Mysql\bin;C:\Program Files (x86)\MySQL\MySQL Server 5.5\bin;D:\software\DevelopTools\Tomcat\apache-tomcat-8.5.5\bin;D:\software\DevelopTools\Maven\apache-maven-3.3.9\\bin;D:\software\DevelopTools\Node.js\;D:\software\DevelopTools\Git\Git\cmd;C:\Program Files\TortoiseGit\bin;C:\Users\32993\AppData\Local\Microsoft\WindowsApps;C:\Users\32993\AppData\Roaming\npm;C:\Users\32993\AppData\Local\GitHubDesktop\bin
USERNAME=32993
OS=Windows_NT
PROCESSOR_IDENTIFIER=Intel64 Family 6 Model 142 Stepping 10, GenuineIntel



---------------  S Y S T E M  ---------------

OS: Windows 10.0 , 64 bit Build 17763 (10.0.17763.475)

CPU:total 8 (initial active 8) (4 cores per cpu, 2 threads per core) family 6 model 142 stepping 10, cmov, cx8, fxsr, mmx, sse, sse2, sse3, ssse3, sse4.1, sse4.2, popcnt, avx, avx2, aes, clmul, erms, 3dnowpref, lzcnt, ht, tsc, tscinvbit, bmi1, bmi2, adx

Memory: 4k page, physical 16658152k(8556764k free), swap 27143908k(5480k free)

vm_info: Java HotSpot(TM) 64-Bit Server VM (25.191-b12) for windows-amd64 JRE (1.8.0_191-b12), built on Oct  6 2018 09:29:03 by "java_re" with MS VC++ 10.0 (VS2010)

time: Sun Jul 21 17:31:48 2019
elapsed time: 2 seconds (0d 0h 0m 2s)

