#
# There is insufficient memory for the Java Runtime Environment to continue.
# Native memory allocation (malloc) failed to allocate 269488 bytes for Chunk::new
# Possible reasons:
#   The system is out of physical RAM or swap space
#   In 32 bit mode, the process size limit was hit
# Possible solutions:
#   Reduce memory load on the system
#   Increase physical memory or swap space
#   Check if swap backing store is full
#   Use 64 bit Java on a 64 bit OS
#   Decrease Java heap size (-Xmx/-Xms)
#   Decrease number of Java threads
#   Decrease Java thread stack sizes (-Xss)
#   Set larger code cache with -XX:ReservedCodeCacheSize=
# This output file may be truncated or incomplete.
#
#  Out of Memory Error (allocation.cpp:390), pid=10288, tid=0x0000000000002640
#
# JRE version: Java(TM) SE Runtime Environment (8.0_191-b12) (build 1.8.0_191-b12)
# Java VM: Java HotSpot(TM) 64-Bit Server VM (25.191-b12 mixed mode windows-amd64 compressed oops)
# Failed to write core dump. Minidumps are not enabled by default on client versions of Windows
#

---------------  T H R E A D  ---------------

Current thread (0x000000001f049800):  JavaThread "C2 CompilerThread1" daemon [_thread_in_native, id=9792, stack(0x000000001fb80000,0x000000001fc80000)]

Stack: [0x000000001fb80000,0x000000001fc80000]
[error occurred during error reporting (printing stack bounds), id 0xc0000005]

Native frames: (J=compiled Java code, j=interpreted, Vv=VM code, C=native code)


Current CompileTask:
C2:   3120 2747   !   4       com.google.inject.internal.InjectorImpl$2::get (56 bytes)


---------------  P R O C E S S  ---------------

Java Threads: ( => current thread )
  0x000000001f0d9800 JavaThread "Service Thread" daemon [_thread_blocked, id=15756, stack(0x000000001fe80000,0x000000001ff80000)]
  0x000000001f04c000 JavaThread "C1 CompilerThread3" daemon [_thread_in_native, id=11756, stack(0x000000001fd80000,0x000000001fe80000)]
  0x000000001f04b000 JavaThread "C2 CompilerThread2" daemon [_thread_in_native, id=1552, stack(0x000000001fc80000,0x000000001fd80000)]
=>0x000000001f049800 JavaThread "C2 CompilerThread1" daemon [_thread_in_native, id=9792, stack(0x000000001fb80000,0x000000001fc80000)]
  0x000000001f03d800 JavaThread "C2 CompilerThread0" daemon [_thread_in_native, id=11852, stack(0x000000001fa80000,0x000000001fb80000)]
  0x000000001f029000 JavaThread "JDWP Command Reader" daemon [_thread_in_native, id=5076, stack(0x000000001f980000,0x000000001fa80000)]
  0x000000001f028000 JavaThread "JDWP Event Helper Thread" daemon [_thread_blocked, id=6432, stack(0x000000001f880000,0x000000001f980000)]
  0x000000001f01b000 JavaThread "JDWP Transport Listener: dt_socket" daemon [_thread_blocked, id=6852, stack(0x000000001f780000,0x000000001f880000)]
  0x000000001f00e000 JavaThread "Attach Listener" daemon [_thread_blocked, id=15372, stack(0x000000001f680000,0x000000001f780000)]
  0x000000001f00d000 JavaThread "Signal Dispatcher" daemon [_thread_blocked, id=15748, stack(0x000000001f580000,0x000000001f680000)]
  0x000000001efa0800 JavaThread "Finalizer" daemon [_thread_blocked, id=15648, stack(0x000000001f480000,0x000000001f580000)]
  0x000000001d1ac800 JavaThread "Reference Handler" daemon [_thread_blocked, id=14452, stack(0x000000001f380000,0x000000001f480000)]
  0x0000000003692800 JavaThread "main" [_thread_in_vm, id=13956, stack(0x0000000003590000,0x0000000003690000)]

Other Threads:
  0x000000001d1a8800 VMThread [stack: 0x000000001ee80000,0x000000001ef80000] [id=8172]
  0x000000001f03e000 WatcherThread [stack: 0x000000001ff80000,0x0000000020080000] [id=7072]

VM state:not at safepoint (normal execution)

VM Mutex/Monitor currently owned by a thread:  ([mutex/lock_event])
[0x000000000358d3b0] CodeCache_lock - owner thread: 0x0000000000000000

Heap:
 PSYoungGen      total 76288K, used 26848K [0x000000076b400000, 0x0000000770900000, 0x00000007c0000000)
  eden space 65536K, 26% used [0x000000076b400000,0x000000076c4b1a38,0x000000076f400000)
  from space 10752K, 90% used [0x000000076fe80000,0x0000000770806910,0x0000000770900000)
  to   space 10752K, 0% used [0x000000076f400000,0x000000076f400000,0x000000076fe80000)
 ParOldGen       total 175104K, used 24K [0x00000006c1c00000, 0x00000006cc700000, 0x000000076b400000)
  object space 175104K, 0% used [0x00000006c1c00000,0x00000006c1c06000,0x00000006cc700000)
 Metaspace       used 16412K, capacity 16760K, committed 17024K, reserved 1064960K
  class space    used 1948K, capacity 2050K, committed 2176K, reserved 1048576K

Card table byte_map: [0x0000000012b50000,0x0000000013350000] byte_map_base: 0x000000000f542000

Marking Bits: (ParMarkBitMap*) 0x00000000692c3e30
 Begin Bits: [0x00000000140a0000, 0x0000000018030000)
 End Bits:   [0x0000000018030000, 0x000000001bfc0000)

Polling page: 0x0000000001670000

CodeCache: size=245760Kb used=9976Kb max_used=9988Kb free=235783Kb
 bounds [0x0000000003790000, 0x0000000004160000, 0x0000000012790000]
 total_blobs=3144 nmethods=2802 adapters=262
 compilation: enabled

Compilation events (10 events):
Event: 3.117 Thread 0x000000001f04c000 nmethod 2795 0x0000000004153c10 code [0x0000000004153d80, 0x0000000004154068]
Event: 3.117 Thread 0x000000001f04c000 2796       3       org.eclipse.aether.internal.impl.CacheUtils::hash (13 bytes)
Event: 3.117 Thread 0x000000001f03d800 nmethod 2770 0x0000000004154190 code [0x00000000041542e0, 0x0000000004154738]
Event: 3.117 Thread 0x000000001f03d800 2797       4       java.util.StringTokenizer::setMaxDelimCodePoint (156 bytes)
Event: 3.117 Thread 0x000000001f04c000 nmethod 2796 0x0000000004153790 code [0x0000000004153900, 0x0000000004153b68]
Event: 3.117 Thread 0x000000001f04c000 2798       3       org.eclipse.aether.util.graph.selector.ExclusionDependencySelector::matches (78 bytes)
Event: 3.118 Thread 0x000000001f04c000 nmethod 2798 0x0000000004151e10 code [0x0000000004152080, 0x0000000004153298]
Event: 3.119 Thread 0x000000001f04c000 2799       1       org.apache.maven.model.building.DefaultModelBuildingRequest::getRawModel (5 bytes)
Event: 3.119 Thread 0x000000001f04c000 nmethod 2799 0x0000000004151b50 code [0x0000000004151ca0, 0x0000000004151db0]
Event: 3.119 Thread 0x000000001f04c000 2800  s    3       org.apache.maven.model.building.DefaultModelBuildingRequest::getModelSource (34 bytes)

GC Heap History (4 events):
Event: 1.514 GC heap before
{Heap before GC invocations=1 (full 0):
 PSYoungGen      total 76288K, used 65536K [0x000000076b400000, 0x0000000770900000, 0x00000007c0000000)
  eden space 65536K, 100% used [0x000000076b400000,0x000000076f400000,0x000000076f400000)
  from space 10752K, 0% used [0x000000076fe80000,0x000000076fe80000,0x0000000770900000)
  to   space 10752K, 0% used [0x000000076f400000,0x000000076f400000,0x000000076fe80000)
 ParOldGen       total 175104K, used 0K [0x00000006c1c00000, 0x00000006cc700000, 0x000000076b400000)
  object space 175104K, 0% used [0x00000006c1c00000,0x00000006c1c00000,0x00000006cc700000)
 Metaspace       used 11982K, capacity 12154K, committed 12416K, reserved 1060864K
  class space    used 1507K, capacity 1577K, committed 1664K, reserved 1048576K
Event: 1.523 GC heap after
Heap after GC invocations=1 (full 0):
 PSYoungGen      total 76288K, used 10524K [0x000000076b400000, 0x0000000770900000, 0x00000007c0000000)
  eden space 65536K, 0% used [0x000000076b400000,0x000000076b400000,0x000000076f400000)
  from space 10752K, 97% used [0x000000076f400000,0x000000076fe47228,0x000000076fe80000)
  to   space 10752K, 0% used [0x000000076fe80000,0x000000076fe80000,0x0000000770900000)
 ParOldGen       total 175104K, used 16K [0x00000006c1c00000, 0x00000006cc700000, 0x000000076b400000)
  object space 175104K, 0% used [0x00000006c1c00000,0x00000006c1c04000,0x00000006cc700000)
 Metaspace       used 11982K, capacity 12154K, committed 12416K, reserved 1060864K
  class space    used 1507K, capacity 1577K, committed 1664K, reserved 1048576K
}
Event: 2.715 GC heap before
{Heap before GC invocations=2 (full 0):
 PSYoungGen      total 76288K, used 76060K [0x000000076b400000, 0x0000000770900000, 0x00000007c0000000)
  eden space 65536K, 100% used [0x000000076b400000,0x000000076f400000,0x000000076f400000)
  from space 10752K, 97% used [0x000000076f400000,0x000000076fe47228,0x000000076fe80000)
  to   space 10752K, 0% used [0x000000076fe80000,0x000000076fe80000,0x0000000770900000)
 ParOldGen       total 175104K, used 16K [0x00000006c1c00000, 0x00000006cc700000, 0x000000076b400000)
  object space 175104K, 0% used [0x00000006c1c00000,0x00000006c1c04000,0x00000006cc700000)
 Metaspace       used 15647K, capacity 15872K, committed 16128K, reserved 1062912K
  class space    used 1863K, capacity 1946K, committed 2048K, reserved 1048576K
Event: 2.729 GC heap after
Heap after GC invocations=2 (full 0):
 PSYoungGen      total 76288K, used 9754K [0x000000076b400000, 0x0000000770900000, 0x00000007c0000000)
  eden space 65536K, 0% used [0x000000076b400000,0x000000076b400000,0x000000076f400000)
  from space 10752K, 90% used [0x000000076fe80000,0x0000000770806910,0x0000000770900000)
  to   space 10752K, 0% used [0x000000076f400000,0x000000076f400000,0x000000076fe80000)
 ParOldGen       total 175104K, used 24K [0x00000006c1c00000, 0x00000006cc700000, 0x000000076b400000)
  object space 175104K, 0% used [0x00000006c1c00000,0x00000006c1c06000,0x00000006cc700000)
 Metaspace       used 15647K, capacity 15872K, committed 16128K, reserved 1062912K
  class space    used 1863K, capacity 1946K, committed 2048K, reserved 1048576K
}

Deoptimization events (10 events):
Event: 2.373 Thread 0x0000000003692800 Uncommon trap: reason=bimorphic action=maybe_recompile pc=0x0000000003d5d6a0 method=java.util.concurrent.ConcurrentHashMap.get(Ljava/lang/Object;)Ljava/lang/Object; @ 149
Event: 2.394 Thread 0x0000000003692800 Uncommon trap: reason=bimorphic action=maybe_recompile pc=0x0000000003d5d6a0 method=java.util.concurrent.ConcurrentHashMap.get(Ljava/lang/Object;)Ljava/lang/Object; @ 149
Event: 2.400 Thread 0x0000000003692800 Uncommon trap: reason=bimorphic action=maybe_recompile pc=0x0000000003d5d6a0 method=java.util.concurrent.ConcurrentHashMap.get(Ljava/lang/Object;)Ljava/lang/Object; @ 149
Event: 2.411 Thread 0x0000000003692800 Uncommon trap: reason=unstable_if action=reinterpret pc=0x0000000003ed3a10 method=org.codehaus.plexus.util.xml.pull.MXParser.parseAttribute()C @ 762
Event: 2.559 Thread 0x0000000003692800 Uncommon trap: reason=unstable_if action=reinterpret pc=0x0000000003f81634 method=java.util.regex.Pattern$Curly.match0(Ljava/util/regex/Matcher;IILjava/lang/CharSequence;)Z @ 5
Event: 2.559 Thread 0x0000000003692800 Uncommon trap: reason=unstable_if action=reinterpret pc=0x0000000003e48e7c method=java.util.regex.Pattern$Curly.match0(Ljava/util/regex/Matcher;IILjava/lang/CharSequence;)Z @ 5
Event: 2.578 Thread 0x0000000003692800 Uncommon trap: reason=unstable_if action=reinterpret pc=0x0000000003f4db80 method=java.util.HashMap.getNode(ILjava/lang/Object;)Ljava/util/HashMap$Node; @ 53
Event: 2.578 Thread 0x0000000003692800 Uncommon trap: reason=unstable_if action=reinterpret pc=0x0000000003b393bc method=java.util.HashMap.getNode(ILjava/lang/Object;)Ljava/util/HashMap$Node; @ 53
Event: 2.683 Thread 0x0000000003692800 Uncommon trap: reason=unstable_if action=reinterpret pc=0x0000000003e1c8a4 method=java.util.LinkedHashMap.afterNodeInsertion(Z)V @ 18
Event: 2.837 Thread 0x0000000003692800 Uncommon trap: reason=bimorphic action=maybe_recompile pc=0x0000000003d3bc90 method=java.util.regex.Pattern$CharProperty.match(Ljava/util/regex/Matcher;ILjava/lang/CharSequence;)Z @ 37

Classes redefined (0 events):
No events

Internal exceptions (10 events):
Event: 1.811 Thread 0x0000000003692800 Exception <a 'java/lang/NullPointerException'> (0x000000076bd4c828) thrown at [C:\re\workspace\8-2-build-windows-amd64-cygwin\jdk8u191\11896\hotspot\src\share\vm\interpreter\linkResolver.cpp, line 1185]
Event: 1.811 Thread 0x0000000003692800 Exception <a 'java/lang/NullPointerException'> (0x000000076bd4ca40) thrown at [C:\re\workspace\8-2-build-windows-amd64-cygwin\jdk8u191\11896\hotspot\src\share\vm\interpreter\linkResolver.cpp, line 1185]
Event: 1.813 Thread 0x0000000003692800 Exception <a 'java/lang/NullPointerException'> (0x000000076bd5ccd8) thrown at [C:\re\workspace\8-2-build-windows-amd64-cygwin\jdk8u191\11896\hotspot\src\share\vm\interpreter\linkResolver.cpp, line 1185]
Event: 1.813 Thread 0x0000000003692800 Exception <a 'java/lang/NullPointerException'> (0x000000076bd5cef0) thrown at [C:\re\workspace\8-2-build-windows-amd64-cygwin\jdk8u191\11896\hotspot\src\share\vm\interpreter\linkResolver.cpp, line 1185]
Event: 1.813 Thread 0x0000000003692800 Exception <a 'java/lang/NullPointerException'> (0x000000076bd5d108) thrown at [C:\re\workspace\8-2-build-windows-amd64-cygwin\jdk8u191\11896\hotspot\src\share\vm\interpreter\linkResolver.cpp, line 1185]
Event: 2.205 Thread 0x0000000003692800 Implicit null exception at 0x0000000003b6ec94 to 0x0000000003b6ef29
Event: 2.205 Thread 0x0000000003692800 Implicit null exception at 0x0000000003ae082f to 0x0000000003ae089d
Event: 2.209 Thread 0x0000000003692800 Implicit null exception at 0x0000000003df5299 to 0x0000000003df5aa5
Event: 2.239 Thread 0x0000000003692800 Implicit null exception at 0x0000000003d926cb to 0x0000000003d92805
Event: 2.240 Thread 0x0000000003692800 Implicit null exception at 0x0000000003c0d198 to 0x0000000003c0d226

Events (10 events):
Event: 3.060 Thread 0x0000000003692800 DEOPT PACKING pc=0x00000000040d9a1c sp=0x000000000368acf0
Event: 3.060 Thread 0x0000000003692800 DEOPT UNPACKING pc=0x00000000037d7890 sp=0x000000000368a988 mode 1
Event: 3.067 Thread 0x0000000003692800 DEOPT PACKING pc=0x0000000003d623fc sp=0x000000000368d9e0
Event: 3.067 Thread 0x0000000003692800 DEOPT UNPACKING pc=0x00000000037d7890 sp=0x000000000368d840 mode 1
Event: 3.067 Thread 0x0000000003692800 DEOPT PACKING pc=0x0000000003ff7b4c sp=0x000000000368dba0
Event: 3.067 Thread 0x0000000003692800 DEOPT UNPACKING pc=0x00000000037d7890 sp=0x000000000368d920 mode 1
Event: 3.067 Thread 0x0000000003692800 DEOPT PACKING pc=0x0000000003d623fc sp=0x000000000368d9e0
Event: 3.067 Thread 0x0000000003692800 DEOPT UNPACKING pc=0x00000000037d7890 sp=0x000000000368d840 mode 1
Event: 3.067 Thread 0x0000000003692800 DEOPT PACKING pc=0x0000000003ff7b4c sp=0x000000000368dba0
Event: 3.067 Thread 0x0000000003692800 DEOPT UNPACKING pc=0x00000000037d7890 sp=0x000000000368d920 mode 1


Dynamic libraries:
0x00007ff754140000 - 0x00007ff754177000 	C:\java\JDK\bin\java.exe
0x00007ff9d5a20000 - 0x00007ff9d5c0d000 	C:\Windows\SYSTEM32\ntdll.dll
0x00007ff9d3690000 - 0x00007ff9d3743000 	C:\Windows\System32\KERNEL32.DLL
0x00007ff9d2070000 - 0x00007ff9d2303000 	C:\Windows\System32\KERNELBASE.dll
0x00007ff9d5930000 - 0x00007ff9d59d3000 	C:\Windows\System32\ADVAPI32.dll
0x00007ff9d35f0000 - 0x00007ff9d368e000 	C:\Windows\System32\msvcrt.dll
0x00007ff9d5020000 - 0x00007ff9d50be000 	C:\Windows\System32\sechost.dll
0x00007ff9d4ec0000 - 0x00007ff9d4fe2000 	C:\Windows\System32\RPCRT4.dll
0x00007ff9d4d20000 - 0x00007ff9d4eb7000 	C:\Windows\System32\USER32.dll
0x00007ff9d1bf0000 - 0x00007ff9d1c10000 	C:\Windows\System32\win32u.dll
0x00007ff9d56e0000 - 0x00007ff9d5709000 	C:\Windows\System32\GDI32.dll
0x00007ff9d1ed0000 - 0x00007ff9d2069000 	C:\Windows\System32\gdi32full.dll
0x00007ff9d2bb0000 - 0x00007ff9d2c50000 	C:\Windows\System32\msvcp_win.dll
0x00007ff9d1af0000 - 0x00007ff9d1bea000 	C:\Windows\System32\ucrtbase.dll
0x00007ff9c22c0000 - 0x00007ff9c2539000 	C:\Windows\WinSxS\amd64_microsoft.windows.common-controls_6595b64144ccf1df_6.0.17763.615_none_05b4414a072024d4\COMCTL32.dll
0x00007ff9d31e0000 - 0x00007ff9d350c000 	C:\Windows\System32\combase.dll
0x00007ff9d1e50000 - 0x00007ff9d1ece000 	C:\Windows\System32\bcryptPrimitives.dll
0x00007ff9d4ff0000 - 0x00007ff9d501e000 	C:\Windows\System32\IMM32.DLL
0x000000006acd0000 - 0x000000006ada2000 	C:\java\JDK\jre\bin\msvcr100.dll
0x0000000068aa0000 - 0x0000000069344000 	C:\java\JDK\jre\bin\server\jvm.dll
0x00007ff9d59e0000 - 0x00007ff9d59e8000 	C:\Windows\System32\PSAPI.DLL
0x00007ff9cf880000 - 0x00007ff9cf8a4000 	C:\Windows\SYSTEM32\WINMM.dll
0x00007ff9cbff0000 - 0x00007ff9cbffa000 	C:\Windows\SYSTEM32\VERSION.dll
0x00007ff9bcba0000 - 0x00007ff9bcba9000 	C:\Windows\SYSTEM32\WSOCK32.dll
0x00007ff9cf7f0000 - 0x00007ff9cf81d000 	C:\Windows\SYSTEM32\WINMMBASE.dll
0x00007ff9d50c0000 - 0x00007ff9d512d000 	C:\Windows\System32\WS2_32.dll
0x00007ff9d2360000 - 0x00007ff9d23aa000 	C:\Windows\System32\cfgmgr32.dll
0x000000006c740000 - 0x000000006c74f000 	C:\java\JDK\jre\bin\verify.dll
0x000000006aca0000 - 0x000000006acc9000 	C:\java\JDK\jre\bin\java.dll
0x000000006ac60000 - 0x000000006ac95000 	C:\java\JDK\jre\bin\jdwp.dll
0x000000006ac50000 - 0x000000006ac58000 	C:\java\JDK\jre\bin\npt.dll
0x000000006ac00000 - 0x000000006ac16000 	C:\java\JDK\jre\bin\zip.dll
0x00007ff9d3830000 - 0x00007ff9d4d20000 	C:\Windows\System32\SHELL32.dll
0x00007ff9d2c50000 - 0x00007ff9d2cf8000 	C:\Windows\System32\shcore.dll
0x00007ff9d2460000 - 0x00007ff9d2baa000 	C:\Windows\System32\windows.storage.dll
0x00007ff9d1a40000 - 0x00007ff9d1a64000 	C:\Windows\System32\profapi.dll
0x00007ff9d1a90000 - 0x00007ff9d1aed000 	C:\Windows\System32\powrprof.dll
0x00007ff9d3750000 - 0x00007ff9d37a2000 	C:\Windows\System32\shlwapi.dll
0x00007ff9d1a70000 - 0x00007ff9d1a81000 	C:\Windows\System32\kernel.appcore.dll
0x00007ff9d2340000 - 0x00007ff9d2357000 	C:\Windows\System32\cryptsp.dll
0x000000006abf0000 - 0x000000006abf9000 	C:\java\JDK\jre\bin\dt_socket.dll
0x00007ff9d1290000 - 0x00007ff9d12f7000 	C:\Windows\system32\mswsock.dll
0x000000006abd0000 - 0x000000006abea000 	C:\java\JDK\jre\bin\net.dll
0x000000006abb0000 - 0x000000006abc1000 	C:\java\JDK\jre\bin\nio.dll

VM Arguments:
jvm_args: -agentlib:jdwp=transport=dt_socket,address=127.0.0.1:56660,suspend=y,server=n -Dmaven.multiModuleProjectDirectory=D:\IdeaProjects\HealthProject\Health_Parent\Health_Service_Provider -DarchetypeCatalog=internal -Dmaven.home=D:\software\DevelopTools\Maven\apache-maven-3.3.9 -Dclassworlds.conf=D:\software\DevelopTools\Maven\apache-maven-3.3.9\bin\m2.conf -Dfile.encoding=UTF-8 
java_command: org.codehaus.classworlds.Launcher -Didea.version=2017.3.2 -s D:\software\DevelopTools\Maven\apache-maven-3.3.9\conf\settings.xml -Dmaven.repo.local=D:\software\DevelopTools\repository_boot tomcat7:run
java_class_path (initial): D:\software\DevelopTools\Maven\apache-maven-3.3.9\boot\plexus-classworlds-2.5.2.jar;D:\software\DevelopTools\IntelliJ IDEA 2017.3.2\lib\idea_rt.jar
Launcher Type: SUN_STANDARD

Environment Variables:
JAVA_HOME=C:\java\JDK
PATH=C:\Program Files (x86)\Common Files\Oracle\Java\javapath;C:\ProgramData\Oracle\Java\javapath;D:\software\DevelopTools\Xshell\;D:\software\DevelopTools\Xftp\;C:\java\JDK\bin;C:\Windows\system32;C:\Windows;C:\Windows\System32\Wbem;C:\Windows\System32\WindowsPowerShell\v1.0\;C:\Windows\System32\OpenSSH\;C:\Program Files\Intel\WiFi\bin\;C:\Program Files\Common Files\Intel\WirelessCommon\;C:\Program Files (x86)\NVIDIA Corporation\PhysX\Common;C:\Program Files\NVIDIA Corporation\NVIDIA NvDLISR;C:\Program Files (x86)\Intel\Intel(R) Management Engine Components\DAL;C:\Program Files\Intel\Intel(R) Management Engine Components\DAL;D:\software\bin;D:\software\Mysql\bin;C:\Program Files (x86)\MySQL\MySQL Server 5.5\bin;D:\software\DevelopTools\Tomcat\apache-tomcat-8.5.5\bin;D:\software\DevelopTools\Maven\apache-maven-3.3.9\\bin;D:\software\DevelopTools\Node.js\;D:\software\DevelopTools\Git\Git\cmd;C:\Users\32993\AppData\Local\Microsoft\WindowsApps;C:\Users\32993\AppData\Roaming\npm;C:\Users\32993\AppData\Local\GitHubDesktop\bin
USERNAME=32993
OS=Windows_NT
PROCESSOR_IDENTIFIER=Intel64 Family 6 Model 142 Stepping 10, GenuineIntel



---------------  S Y S T E M  ---------------

OS: Windows 10.0 , 64 bit Build 17763 (10.0.17763.475)

CPU:total 8 (initial active 8) (4 cores per cpu, 2 threads per core) family 6 model 142 stepping 10, cmov, cx8, fxsr, mmx, sse, sse2, sse3, ssse3, sse4.1, sse4.2, popcnt, avx, avx2, aes, clmul, erms, 3dnowpref, lzcnt, ht, tsc, tscinvbit, bmi1, bmi2, adx

Memory: 4k page, physical 16658152k(8480120k free), swap 27143908k(5176k free)

vm_info: Java HotSpot(TM) 64-Bit Server VM (25.191-b12) for windows-amd64 JRE (1.8.0_191-b12), built on Oct  6 2018 09:29:03 by "java_re" with MS VC++ 10.0 (VS2010)

time: Fri Jul 19 18:30:00 2019
elapsed time: 3 seconds (0d 0h 0m 3s)

