#
# There is insufficient memory for the Java Runtime Environment to continue.
# Native memory allocation (malloc) failed to allocate 920656 bytes for Chunk::new
# Possible reasons:
#   The system is out of physical RAM or swap space
#   In 32 bit mode, the process size limit was hit
# Possible solutions:
#   Reduce memory load on the system
#   Increase physical memory or swap space
#   Check if swap backing store is full
#   Use 64 bit Java on a 64 bit OS
#   Decrease Java heap size (-Xmx/-Xms)
#   Decrease number of Java threads
#   Decrease Java thread stack sizes (-Xss)
#   Set larger code cache with -XX:ReservedCodeCacheSize=
# This output file may be truncated or incomplete.
#
#  Out of Memory Error (allocation.cpp:390), pid=14064, tid=0x00000000000002b8
#
# JRE version: Java(TM) SE Runtime Environment (8.0_191-b12) (build 1.8.0_191-b12)
# Java VM: Java HotSpot(TM) 64-Bit Server VM (25.191-b12 mixed mode windows-amd64 compressed oops)
# Failed to write core dump. Minidumps are not enabled by default on client versions of Windows
#

---------------  T H R E A D  ---------------

Current thread (0x000000001e178800):  JavaThread "C2 CompilerThread2" daemon [_thread_in_native, id=696, stack(0x000000001ee10000,0x000000001ef10000)]

Stack: [0x000000001ee10000,0x000000001ef10000]
[error occurred during error reporting (printing stack bounds), id 0xc0000005]

Native frames: (J=compiled Java code, j=interpreted, Vv=VM code, C=native code)


Current CompileTask:
C2:   5818 4168   !   4       org.apache.catalina.startup.ContextConfig::checkHandlesTypes (453 bytes)


---------------  P R O C E S S  ---------------

Java Threads: ( => current thread )
  0x00000000281ad000 JavaThread "localhost-startStop-1" daemon [_thread_in_Java, id=3392, stack(0x0000000023260000,0x0000000023360000)]
  0x000000002314a800 JavaThread "Tomcat-startStop-1" daemon [_thread_blocked, id=9756, stack(0x0000000022110000,0x0000000022210000)]
  0x000000001e1b2000 JavaThread "Service Thread" daemon [_thread_blocked, id=840, stack(0x000000001f010000,0x000000001f110000)]
  0x000000001e17a000 JavaThread "C1 CompilerThread3" daemon [_thread_blocked, id=4788, stack(0x000000001ef10000,0x000000001f010000)]
=>0x000000001e178800 JavaThread "C2 CompilerThread2" daemon [_thread_in_native, id=696, stack(0x000000001ee10000,0x000000001ef10000)]
  0x000000001e177800 JavaThread "C2 CompilerThread1" daemon [_thread_blocked, id=2380, stack(0x000000001ed10000,0x000000001ee10000)]
  0x000000001e16b800 JavaThread "C2 CompilerThread0" daemon [_thread_in_native, id=3592, stack(0x000000001ec10000,0x000000001ed10000)]
  0x000000001e157000 JavaThread "JDWP Command Reader" daemon [_thread_in_native, id=12172, stack(0x000000001eb10000,0x000000001ec10000)]
  0x000000001e154000 JavaThread "JDWP Event Helper Thread" daemon [_thread_blocked, id=9428, stack(0x000000001ea10000,0x000000001eb10000)]
  0x000000001e147000 JavaThread "JDWP Transport Listener: dt_socket" daemon [_thread_blocked, id=12448, stack(0x000000001e910000,0x000000001ea10000)]
  0x000000001e0e7800 JavaThread "Attach Listener" daemon [_thread_blocked, id=7964, stack(0x000000001e810000,0x000000001e910000)]
  0x000000001e143800 JavaThread "Signal Dispatcher" daemon [_thread_blocked, id=7740, stack(0x000000001e710000,0x000000001e810000)]
  0x000000001e0d1000 JavaThread "Finalizer" daemon [_thread_blocked, id=4316, stack(0x000000001e5b0000,0x000000001e6b0000)]
  0x000000001c2cd800 JavaThread "Reference Handler" daemon [_thread_blocked, id=12404, stack(0x000000001e4b0000,0x000000001e5b0000)]
  0x00000000027b2800 JavaThread "main" [_thread_blocked, id=12676, stack(0x00000000022f0000,0x00000000023f0000)]

Other Threads:
  0x000000001c2c9000 VMThread [stack: 0x000000001dfb0000,0x000000001e0b0000] [id=12628]
  0x000000001e16c800 WatcherThread [stack: 0x000000001f110000,0x000000001f210000] [id=2692]

VM state:not at safepoint (normal execution)

VM Mutex/Monitor currently owned by a thread: None

Heap:
 PSYoungGen      total 141824K, used 72710K [0x000000076b400000, 0x0000000779f00000, 0x00000007c0000000)
  eden space 131072K, 47% used [0x000000076b400000,0x000000076f082ab0,0x0000000773400000)
  from space 10752K, 99% used [0x0000000773400000,0x0000000773e7ef60,0x0000000773e80000)
  to   space 19968K, 0% used [0x0000000778b80000,0x0000000778b80000,0x0000000779f00000)
 ParOldGen       total 113152K, used 23196K [0x00000006c1c00000, 0x00000006c8a80000, 0x000000076b400000)
  object space 113152K, 20% used [0x00000006c1c00000,0x00000006c32a7368,0x00000006c8a80000)
 Metaspace       used 23841K, capacity 24364K, committed 24496K, reserved 1071104K
  class space    used 2758K, capacity 2902K, committed 2992K, reserved 1048576K

Card table byte_map: [0x0000000011c70000,0x0000000012470000] byte_map_base: 0x000000000e662000

Marking Bits: (ParMarkBitMap*) 0x0000000063453e30
 Begin Bits: [0x00000000131c0000, 0x0000000017150000)
 End Bits:   [0x0000000017150000, 0x000000001b0e0000)

Polling page: 0x00000000005b0000

CodeCache: size=245760Kb used=13403Kb max_used=13417Kb free=232356Kb
 bounds [0x00000000028b0000, 0x00000000035e0000, 0x00000000118b0000]
 total_blobs=4006 nmethods=3622 adapters=304
 compilation: enabled

Compilation events (10 events):
Event: 5.729 Thread 0x000000001e16b800 nmethod 4154 0x00000000035d91d0 code [0x00000000035d97a0, 0x00000000035dcb80]
Event: 5.732 Thread 0x000000001e178800 4168   !   4       org.apache.catalina.startup.ContextConfig::checkHandlesTypes (453 bytes)
Event: 5.737 Thread 0x000000001e177800 nmethod 4167 0x0000000003220ed0 code [0x0000000003221060, 0x0000000003221cd8]
Event: 5.745 Thread 0x000000001e16b800 4169   !   4       org.apache.catalina.startup.ContextConfig::populateJavaClassCache (159 bytes)
Event: 5.747 Thread 0x000000001e177800 4170       4       java.io.BufferedInputStream::fill (233 bytes)
Event: 5.749 Thread 0x000000001e177800 nmethod 4170 0x0000000003220ad0 code [0x0000000003220c20, 0x0000000003220d58]
Event: 5.785 Thread 0x000000001e177800 4171   !   4       sun.net.www.ParseUtil::decode (316 bytes)
Event: 5.787 Thread 0x000000001e177800 nmethod 4171 0x00000000035d7b90 code [0x00000000035d7ce0, 0x00000000035d7e98]
Event: 5.798 Thread 0x000000001e177800 4172       4       java.io.File::<init> (47 bytes)
Event: 5.811 Thread 0x000000001e177800 nmethod 4172 0x000000000321add0 code [0x000000000321af60, 0x000000000321b8c8]

GC Heap History (10 events):
Event: 3.031 GC heap before
{Heap before GC invocations=2 (full 0):
 PSYoungGen      total 76288K, used 76082K [0x000000076b400000, 0x0000000770900000, 0x00000007c0000000)
  eden space 65536K, 100% used [0x000000076b400000,0x000000076f400000,0x000000076f400000)
  from space 10752K, 98% used [0x000000076f400000,0x000000076fe4cbc0,0x000000076fe80000)
  to   space 10752K, 0% used [0x000000076fe80000,0x000000076fe80000,0x0000000770900000)
 ParOldGen       total 175104K, used 16K [0x00000006c1c00000, 0x00000006cc700000, 0x000000076b400000)
  object space 175104K, 0% used [0x00000006c1c00000,0x00000006c1c04000,0x00000006cc700000)
 Metaspace       used 15690K, capacity 15936K, committed 16128K, reserved 1062912K
  class space    used 1864K, capacity 1946K, committed 2048K, reserved 1048576K
Event: 3.065 GC heap after
Heap after GC invocations=2 (full 0):
 PSYoungGen      total 76288K, used 9738K [0x000000076b400000, 0x0000000774900000, 0x00000007c0000000)
  eden space 65536K, 0% used [0x000000076b400000,0x000000076b400000,0x000000076f400000)
  from space 10752K, 90% used [0x000000076fe80000,0x00000007708028e0,0x0000000770900000)
  to   space 10752K, 0% used [0x000000076f400000,0x000000076f400000,0x000000076fe80000)
 ParOldGen       total 175104K, used 24K [0x00000006c1c00000, 0x00000006cc700000, 0x000000076b400000)
  object space 175104K, 0% used [0x00000006c1c00000,0x00000006c1c06000,0x00000006cc700000)
 Metaspace       used 15690K, capacity 15936K, committed 16128K, reserved 1062912K
  class space    used 1864K, capacity 1946K, committed 2048K, reserved 1048576K
}
Event: 3.760 GC heap before
{Heap before GC invocations=3 (full 0):
 PSYoungGen      total 76288K, used 75274K [0x000000076b400000, 0x0000000774900000, 0x00000007c0000000)
  eden space 65536K, 100% used [0x000000076b400000,0x000000076f400000,0x000000076f400000)
  from space 10752K, 90% used [0x000000076fe80000,0x00000007708028e0,0x0000000770900000)
  to   space 10752K, 0% used [0x000000076f400000,0x000000076f400000,0x000000076fe80000)
 ParOldGen       total 175104K, used 24K [0x00000006c1c00000, 0x00000006cc700000, 0x000000076b400000)
  object space 175104K, 0% used [0x00000006c1c00000,0x00000006c1c06000,0x00000006cc700000)
 Metaspace       used 17221K, capacity 17734K, committed 18048K, reserved 1064960K
  class space    used 1998K, capacity 2165K, committed 2176K, reserved 1048576K
Event: 3.772 GC heap after
Heap after GC invocations=3 (full 0):
 PSYoungGen      total 76288K, used 10746K [0x000000076b400000, 0x0000000774900000, 0x00000007c0000000)
  eden space 65536K, 0% used [0x000000076b400000,0x000000076b400000,0x000000076f400000)
  from space 10752K, 99% used [0x000000076f400000,0x000000076fe7eb90,0x000000076fe80000)
  to   space 10752K, 0% used [0x0000000773e80000,0x0000000773e80000,0x0000000774900000)
 ParOldGen       total 175104K, used 1422K [0x00000006c1c00000, 0x00000006cc700000, 0x000000076b400000)
  object space 175104K, 0% used [0x00000006c1c00000,0x00000006c1d63890,0x00000006cc700000)
 Metaspace       used 17221K, capacity 17734K, committed 18048K, reserved 1064960K
  class space    used 1998K, capacity 2165K, committed 2176K, reserved 1048576K
}
Event: 4.641 GC heap before
{Heap before GC invocations=4 (full 0):
 PSYoungGen      total 76288K, used 36962K [0x000000076b400000, 0x0000000774900000, 0x00000007c0000000)
  eden space 65536K, 40% used [0x000000076b400000,0x000000076cd99cf8,0x000000076f400000)
  from space 10752K, 99% used [0x000000076f400000,0x000000076fe7eb90,0x000000076fe80000)
  to   space 10752K, 0% used [0x0000000773e80000,0x0000000773e80000,0x0000000774900000)
 ParOldGen       total 175104K, used 1422K [0x00000006c1c00000, 0x00000006cc700000, 0x000000076b400000)
  object space 175104K, 0% used [0x00000006c1c00000,0x00000006c1d63890,0x00000006cc700000)
 Metaspace       used 20690K, capacity 21182K, committed 21296K, reserved 1069056K
  class space    used 2423K, capacity 2589K, committed 2608K, reserved 1048576K
Event: 4.655 GC heap after
Heap after GC invocations=4 (full 0):
 PSYoungGen      total 141824K, used 10745K [0x000000076b400000, 0x0000000774900000, 0x00000007c0000000)
  eden space 131072K, 0% used [0x000000076b400000,0x000000076b400000,0x0000000773400000)
  from space 10752K, 99% used [0x0000000773e80000,0x00000007748fe550,0x0000000774900000)
  to   space 10752K, 0% used [0x0000000773400000,0x0000000773400000,0x0000000773e80000)
 ParOldGen       total 175104K, used 4515K [0x00000006c1c00000, 0x00000006cc700000, 0x000000076b400000)
  object space 175104K, 2% used [0x00000006c1c00000,0x00000006c2068fe0,0x00000006cc700000)
 Metaspace       used 20690K, capacity 21182K, committed 21296K, reserved 1069056K
  class space    used 2423K, capacity 2589K, committed 2608K, reserved 1048576K
}
Event: 4.655 GC heap before
{Heap before GC invocations=5 (full 1):
 PSYoungGen      total 141824K, used 10745K [0x000000076b400000, 0x0000000774900000, 0x00000007c0000000)
  eden space 131072K, 0% used [0x000000076b400000,0x000000076b400000,0x0000000773400000)
  from space 10752K, 99% used [0x0000000773e80000,0x00000007748fe550,0x0000000774900000)
  to   space 10752K, 0% used [0x0000000773400000,0x0000000773400000,0x0000000773e80000)
 ParOldGen       total 175104K, used 4515K [0x00000006c1c00000, 0x00000006cc700000, 0x000000076b400000)
  object space 175104K, 2% used [0x00000006c1c00000,0x00000006c2068fe0,0x00000006cc700000)
 Metaspace       used 20690K, capacity 21182K, committed 21296K, reserved 1069056K
  class space    used 2423K, capacity 2589K, committed 2608K, reserved 1048576K
Event: 4.713 GC heap after
Heap after GC invocations=5 (full 1):
 PSYoungGen      total 141824K, used 0K [0x000000076b400000, 0x0000000774900000, 0x00000007c0000000)
  eden space 131072K, 0% used [0x000000076b400000,0x000000076b400000,0x0000000773400000)
  from space 10752K, 0% used [0x0000000773e80000,0x0000000773e80000,0x0000000774900000)
  to   space 10752K, 0% used [0x0000000773400000,0x0000000773400000,0x0000000773e80000)
 ParOldGen       total 113152K, used 13729K [0x00000006c1c00000, 0x00000006c8a80000, 0x000000076b400000)
  object space 113152K, 12% used [0x00000006c1c00000,0x00000006c2968778,0x00000006c8a80000)
 Metaspace       used 20690K, capacity 21182K, committed 21296K, reserved 1069056K
  class space    used 2423K, capacity 2589K, committed 2608K, reserved 1048576K
}
Event: 5.619 GC heap before
{Heap before GC invocations=6 (full 1):
 PSYoungGen      total 141824K, used 131072K [0x000000076b400000, 0x0000000774900000, 0x00000007c0000000)
  eden space 131072K, 100% used [0x000000076b400000,0x0000000773400000,0x0000000773400000)
  from space 10752K, 0% used [0x0000000773e80000,0x0000000773e80000,0x0000000774900000)
  to   space 10752K, 0% used [0x0000000773400000,0x0000000773400000,0x0000000773e80000)
 ParOldGen       total 113152K, used 13729K [0x00000006c1c00000, 0x00000006c8a80000, 0x000000076b400000)
  object space 113152K, 12% used [0x00000006c1c00000,0x00000006c2968778,0x00000006c8a80000)
 Metaspace       used 23832K, capacity 24358K, committed 24496K, reserved 1071104K
  class space    used 2757K, capacity 2900K, committed 2992K, reserved 1048576K
Event: 5.631 GC heap after
Heap after GC invocations=6 (full 1):
 PSYoungGen      total 141824K, used 10747K [0x000000076b400000, 0x0000000779f00000, 0x00000007c0000000)
  eden space 131072K, 0% used [0x000000076b400000,0x000000076b400000,0x0000000773400000)
  from space 10752K, 99% used [0x0000000773400000,0x0000000773e7ef60,0x0000000773e80000)
  to   space 19968K, 0% used [0x0000000778b80000,0x0000000778b80000,0x0000000779f00000)
 ParOldGen       total 113152K, used 23196K [0x00000006c1c00000, 0x00000006c8a80000, 0x000000076b400000)
  object space 113152K, 20% used [0x00000006c1c00000,0x00000006c32a7368,0x00000006c8a80000)
 Metaspace       used 23832K, capacity 24358K, committed 24496K, reserved 1071104K
  class space    used 2757K, capacity 2900K, committed 2992K, reserved 1048576K
}

Deoptimization events (10 events):
Event: 5.122 Thread 0x00000000281ad000 Uncommon trap: reason=speculate_class_check action=maybe_recompile pc=0x000000000323b254 method=java.nio.charset.CharsetDecoder.reset()Ljava/nio/charset/CharsetDecoder; @ 1
Event: 5.132 Thread 0x00000000281ad000 Uncommon trap: reason=unstable_if action=reinterpret pc=0x00000000032f5e20 method=java.util.concurrent.ConcurrentHashMap.replaceNode(Ljava/lang/Object;Ljava/lang/Object;Ljava/lang/Object;)Ljava/lang/Object; @ 47
Event: 5.211 Thread 0x00000000281ad000 Uncommon trap: reason=unstable_if action=reinterpret pc=0x0000000002a5b3e4 method=org.codehaus.plexus.classworlds.realm.Entry.matches(Ljava/lang/String;)Z @ 209
Event: 5.318 Thread 0x00000000281ad000 Uncommon trap: reason=unstable_if action=reinterpret pc=0x00000000033300b0 method=java.io.DataInputStream.readUTF(Ljava/io/DataInput;)Ljava/lang/String; @ 112
Event: 5.440 Thread 0x00000000281ad000 Uncommon trap: reason=unstable_if action=reinterpret pc=0x0000000002b34d60 method=org.apache.tomcat.util.bcel.classfile.ConstantUtf8$1.removeEldestEntry(Ljava/util/Map$Entry;)Z @ 7
Event: 5.451 Thread 0x00000000281ad000 Uncommon trap: reason=unloaded action=reinterpret pc=0x0000000002e3d650 method=org.apache.tomcat.util.bcel.classfile.Attribute.readAttribute(Ljava/io/DataInputStream;Lorg/apache/tomcat/util/bcel/classfile/ConstantPool;)Lorg/apache/tomcat/util/bcel/classfi
Event: 5.522 Thread 0x00000000281ad000 Uncommon trap: reason=unstable_if action=reinterpret pc=0x0000000002e83954 method=java.util.HashMap.removeNode(ILjava/lang/Object;Ljava/lang/Object;ZZ)Ljava/util/HashMap$Node; @ 71
Event: 5.615 Thread 0x00000000281ad000 Uncommon trap: reason=unstable_if action=reinterpret pc=0x00000000035bc734 method=org.apache.catalina.startup.ContextConfig.getSCIsForClass(Ljava/lang/String;)Ljava/util/Set; @ 62
Event: 5.656 Thread 0x00000000281ad000 Uncommon trap: reason=unloaded action=reinterpret pc=0x00000000035b0e9c method=org.apache.tomcat.util.bcel.classfile.Attribute.readAttribute(Ljava/io/DataInputStream;Lorg/apache/tomcat/util/bcel/classfile/ConstantPool;)Lorg/apache/tomcat/util/bcel/classfi
Event: 5.700 Thread 0x00000000281ad000 Uncommon trap: reason=unloaded action=reinterpret pc=0x0000000002b264c8 method=org.apache.tomcat.util.bcel.classfile.Constant.readConstant(Ljava/io/DataInputStream;)Lorg/apache/tomcat/util/bcel/classfile/Constant; @ 164

Classes redefined (0 events):
No events

Internal exceptions (10 events):
Event: 1.979 Thread 0x00000000027b2800 Exception <a 'java/lang/NullPointerException'> (0x000000076bd63370) thrown at [C:\re\workspace\8-2-build-windows-amd64-cygwin\jdk8u191\11896\hotspot\src\share\vm\interpreter\linkResolver.cpp, line 1185]
Event: 2.366 Thread 0x00000000027b2800 Implicit null exception at 0x0000000002c751d4 to 0x0000000002c75469
Event: 2.376 Thread 0x00000000027b2800 Implicit null exception at 0x0000000002f65185 to 0x0000000002f65691
Event: 2.394 Thread 0x00000000027b2800 Implicit null exception at 0x0000000002d44efe to 0x0000000002d45725
Event: 3.511 Thread 0x00000000027b2800 Implicit null exception at 0x00000000032d1ca7 to 0x00000000032d3915
Event: 3.512 Thread 0x00000000027b2800 Implicit null exception at 0x00000000032fa6d0 to 0x00000000032fc18d
Event: 3.924 Thread 0x00000000027b2800 Exception <a 'java/io/FileNotFoundException'> (0x000000076c1f76a8) thrown at [C:\re\workspace\8-2-build-windows-amd64-cygwin\jdk8u191\11896\hotspot\src\share\vm\prims\jni.cpp, line 709]
Event: 5.031 Thread 0x00000000281ad000 Implicit null exception at 0x0000000002b97b19 to 0x0000000002b98011
Event: 5.031 Thread 0x00000000281ad000 Implicit null exception at 0x0000000002ad7656 to 0x0000000002ad7b0d
Event: 5.132 Thread 0x00000000281ad000 Implicit null exception at 0x00000000032f5757 to 0x00000000032f5de9

Events (10 events):
Event: 5.656 Thread 0x00000000281ad000 DEOPT PACKING pc=0x00000000035b0e9c sp=0x000000002335e190
Event: 5.656 Thread 0x00000000281ad000 DEOPT UNPACKING pc=0x00000000028f583b sp=0x000000002335e190 mode 2
Event: 5.656 Thread 0x000000001e17a000 flushing nmethod 0x0000000002e718d0
Event: 5.664 Thread 0x000000001e177800 flushing nmethod 0x0000000003041250
Event: 5.700 Thread 0x00000000281ad000 Uncommon trap: trap_request=0x0000001d fr.pc=0x0000000002b264c8
Event: 5.700 Thread 0x00000000281ad000 DEOPT PACKING pc=0x0000000002b264c8 sp=0x000000002335e260
Event: 5.700 Thread 0x00000000281ad000 DEOPT UNPACKING pc=0x00000000028f583b sp=0x000000002335e270 mode 2
Event: 5.701 Thread 0x000000001e177800 flushing nmethod 0x000000000317a350
Event: 5.701 Thread 0x000000001e177800 flushing nmethod 0x00000000031d7150
Event: 5.702 Thread 0x000000001e177800 flushing nmethod 0x0000000003218090


Dynamic libraries:
0x00007ff6d85f0000 - 0x00007ff6d8627000 	C:\java\JDK\bin\java.exe
0x00007ff913a50000 - 0x00007ff913c3d000 	C:\Windows\SYSTEM32\ntdll.dll
0x00007ff913960000 - 0x00007ff913a13000 	C:\Windows\System32\KERNEL32.DLL
0x00007ff9108b0000 - 0x00007ff910b43000 	C:\Windows\System32\KERNELBASE.dll
0x00007ff911bb0000 - 0x00007ff911c53000 	C:\Windows\System32\ADVAPI32.dll
0x00007ff910cb0000 - 0x00007ff910d4e000 	C:\Windows\System32\msvcrt.dll
0x00007ff9132f0000 - 0x00007ff91338e000 	C:\Windows\System32\sechost.dll
0x00007ff910db0000 - 0x00007ff910ed2000 	C:\Windows\System32\RPCRT4.dll
0x00007ff9137c0000 - 0x00007ff913957000 	C:\Windows\System32\USER32.dll
0x00007ff9105f0000 - 0x00007ff910610000 	C:\Windows\System32\win32u.dll
0x00007ff910c80000 - 0x00007ff910ca9000 	C:\Windows\System32\GDI32.dll
0x00007ff910710000 - 0x00007ff9108a9000 	C:\Windows\System32\gdi32full.dll
0x00007ff910be0000 - 0x00007ff910c80000 	C:\Windows\System32\msvcp_win.dll
0x00007ff910610000 - 0x00007ff91070a000 	C:\Windows\System32\ucrtbase.dll
0x00007ff902ba0000 - 0x00007ff902e19000 	C:\Windows\WinSxS\amd64_microsoft.windows.common-controls_6595b64144ccf1df_6.0.17763.615_none_05b4414a072024d4\COMCTL32.dll
0x00007ff910f40000 - 0x00007ff91126c000 	C:\Windows\System32\combase.dll
0x00007ff910570000 - 0x00007ff9105ee000 	C:\Windows\System32\bcryptPrimitives.dll
0x00007ff913290000 - 0x00007ff9132be000 	C:\Windows\System32\IMM32.DLL
0x00000000645a0000 - 0x0000000064672000 	C:\java\JDK\jre\bin\msvcr100.dll
0x0000000062c30000 - 0x00000000634d4000 	C:\java\JDK\jre\bin\server\jvm.dll
0x00007ff9134f0000 - 0x00007ff9134f8000 	C:\Windows\System32\PSAPI.DLL
0x00007ff90a4c0000 - 0x00007ff90a4ca000 	C:\Windows\SYSTEM32\VERSION.dll
0x00007ff90dbb0000 - 0x00007ff90dbd4000 	C:\Windows\SYSTEM32\WINMM.dll
0x00007ff8fac10000 - 0x00007ff8fac19000 	C:\Windows\SYSTEM32\WSOCK32.dll
0x00007ff9115e0000 - 0x00007ff91164d000 	C:\Windows\System32\WS2_32.dll
0x00007ff90da90000 - 0x00007ff90dabd000 	C:\Windows\SYSTEM32\WINMMBASE.dll
0x00007ff910320000 - 0x00007ff91036a000 	C:\Windows\System32\cfgmgr32.dll
0x0000000064590000 - 0x000000006459f000 	C:\java\JDK\jre\bin\verify.dll
0x0000000064560000 - 0x0000000064589000 	C:\java\JDK\jre\bin\java.dll
0x0000000064680000 - 0x00000000646b5000 	C:\java\JDK\jre\bin\jdwp.dll
0x0000000064550000 - 0x0000000064558000 	C:\java\JDK\jre\bin\npt.dll
0x00000000644c0000 - 0x00000000644d6000 	C:\java\JDK\jre\bin\zip.dll
0x00007ff911da0000 - 0x00007ff913290000 	C:\Windows\System32\SHELL32.dll
0x00007ff9136b0000 - 0x00007ff913758000 	C:\Windows\System32\shcore.dll
0x00007ff90fbd0000 - 0x00007ff91031a000 	C:\Windows\System32\windows.storage.dll
0x00007ff90fa70000 - 0x00007ff90fa94000 	C:\Windows\System32\profapi.dll
0x00007ff90fac0000 - 0x00007ff90fb1d000 	C:\Windows\System32\powrprof.dll
0x00007ff910d50000 - 0x00007ff910da2000 	C:\Windows\System32\shlwapi.dll
0x00007ff90fa50000 - 0x00007ff90fa61000 	C:\Windows\System32\kernel.appcore.dll
0x00007ff910550000 - 0x00007ff910567000 	C:\Windows\System32\cryptsp.dll
0x0000000064510000 - 0x0000000064519000 	C:\java\JDK\jre\bin\dt_socket.dll
0x00007ff90f2c0000 - 0x00007ff90f327000 	C:\Windows\system32\mswsock.dll
0x0000000064490000 - 0x00000000644aa000 	C:\java\JDK\jre\bin\net.dll
0x0000000064470000 - 0x0000000064481000 	C:\java\JDK\jre\bin\nio.dll
0x00007ff90ee20000 - 0x00007ff90ee53000 	C:\Windows\system32\rsaenh.dll
0x00007ff910bb0000 - 0x00007ff910bd6000 	C:\Windows\System32\bcrypt.dll
0x00007ff90f980000 - 0x00007ff90f9a8000 	C:\Windows\SYSTEM32\USERENV.dll
0x00007ff90f490000 - 0x00007ff90f49c000 	C:\Windows\SYSTEM32\CRYPTBASE.dll
0x00007ff90f020000 - 0x00007ff90f05d000 	C:\Windows\SYSTEM32\IPHLPAPI.DLL
0x00007ff911d90000 - 0x00007ff911d98000 	C:\Windows\System32\NSI.dll
0x00007ff9015f0000 - 0x00007ff901606000 	C:\Windows\SYSTEM32\dhcpcsvc6.DLL
0x00007ff9015d0000 - 0x00007ff9015ec000 	C:\Windows\SYSTEM32\dhcpcsvc.DLL
0x00007ff90f060000 - 0x00007ff90f126000 	C:\Windows\SYSTEM32\DNSAPI.dll
0x0000000064460000 - 0x000000006446d000 	C:\java\JDK\jre\bin\management.dll

VM Arguments:
jvm_args: -agentlib:jdwp=transport=dt_socket,address=127.0.0.1:58247,suspend=y,server=n -Dmaven.multiModuleProjectDirectory=D:\IdeaProjects\GITÏîÄ¿\Groupprojects\Health_Parent\Health_Service_Provider -DarchetypeCatalog=internal -Dmaven.home=D:\software\DevelopTools\Maven\apache-maven-3.3.9 -Dclassworlds.conf=D:\software\DevelopTools\Maven\apache-maven-3.3.9\bin\m2.conf -Dfile.encoding=UTF-8 
java_command: org.codehaus.classworlds.Launcher -Didea.version=2017.3.2 -s D:\software\DevelopTools\Maven\apache-maven-3.3.9\conf\settings.xml -Dmaven.repo.local=D:\software\DevelopTools\repository_boot tomcat7:run
java_class_path (initial): D:\software\DevelopTools\Maven\apache-maven-3.3.9\boot\plexus-classworlds-2.5.2.jar;D:\software\DevelopTools\IntelliJ IDEA 2017.3.2\lib\idea_rt.jar
Launcher Type: SUN_STANDARD

Environment Variables:
JAVA_HOME=C:\java\JDK
PATH=C:\Program Files (x86)\Common Files\Oracle\Java\javapath;C:\ProgramData\Oracle\Java\javapath;D:\software\DevelopTools\Xshell\;D:\software\DevelopTools\Xftp\;C:\java\JDK\bin;C:\Windows\system32;C:\Windows;C:\Windows\System32\Wbem;C:\Windows\System32\WindowsPowerShell\v1.0\;C:\Windows\System32\OpenSSH\;C:\Program Files\Intel\WiFi\bin\;C:\Program Files\Common Files\Intel\WirelessCommon\;C:\Program Files (x86)\NVIDIA Corporation\PhysX\Common;C:\Program Files\NVIDIA Corporation\NVIDIA NvDLISR;C:\Program Files (x86)\Intel\Intel(R) Management Engine Components\DAL;C:\Program Files\Intel\Intel(R) Management Engine Components\DAL;D:\software\bin;D:\software\Mysql\bin;C:\Program Files (x86)\MySQL\MySQL Server 5.5\bin;D:\software\DevelopTools\Tomcat\apache-tomcat-8.5.5\bin;D:\software\DevelopTools\Maven\apache-maven-3.3.9\\bin;D:\software\DevelopTools\Node.js\;D:\software\DevelopTools\Git\Git\cmd;C:\Program Files\TortoiseGit\bin;C:\Users\32993\AppData\Local\Microsoft\WindowsApps;C:\Users\32993\AppData\Roaming\npm;C:\Users\32993\AppData\Local\GitHubDesktop\bin
USERNAME=32993
OS=Windows_NT
PROCESSOR_IDENTIFIER=Intel64 Family 6 Model 142 Stepping 10, GenuineIntel



---------------  S Y S T E M  ---------------

OS: Windows 10.0 , 64 bit Build 17763 (10.0.17763.475)

CPU:total 8 (initial active 8) (4 cores per cpu, 2 threads per core) family 6 model 142 stepping 10, cmov, cx8, fxsr, mmx, sse, sse2, sse3, ssse3, sse4.1, sse4.2, popcnt, avx, avx2, aes, clmul, erms, 3dnowpref, lzcnt, ht, tsc, tscinvbit, bmi1, bmi2, adx

Memory: 4k page, physical 16658152k(8424436k free), swap 27143908k(5200k free)

vm_info: Java HotSpot(TM) 64-Bit Server VM (25.191-b12) for windows-amd64 JRE (1.8.0_191-b12), built on Oct  6 2018 09:29:03 by "java_re" with MS VC++ 10.0 (VS2010)

time: Sun Jul 21 17:27:43 2019
elapsed time: 5 seconds (0d 0h 0m 5s)

