#
# There is insufficient memory for the Java Runtime Environment to continue.
# Native memory allocation (malloc) failed to allocate 778096 bytes for Chunk::new
# Possible reasons:
#   The system is out of physical RAM or swap space
#   In 32 bit mode, the process size limit was hit
# Possible solutions:
#   Reduce memory load on the system
#   Increase physical memory or swap space
#   Check if swap backing store is full
#   Use 64 bit Java on a 64 bit OS
#   Decrease Java heap size (-Xmx/-Xms)
#   Decrease number of Java threads
#   Decrease Java thread stack sizes (-Xss)
#   Set larger code cache with -XX:ReservedCodeCacheSize=
# This output file may be truncated or incomplete.
#
#  Out of Memory Error (allocation.cpp:390), pid=12120, tid=0x00000000000026cc
#
# JRE version: Java(TM) SE Runtime Environment (8.0_191-b12) (build 1.8.0_191-b12)
# Java VM: Java HotSpot(TM) 64-Bit Server VM (25.191-b12 mixed mode windows-amd64 compressed oops)
# Failed to write core dump. Minidumps are not enabled by default on client versions of Windows
#

---------------  T H R E A D  ---------------

Current thread (0x000000001e2f5800):  JavaThread "C2 CompilerThread1" daemon [_thread_in_native, id=9932, stack(0x000000001edd0000,0x000000001eed0000)]

Stack: [0x000000001edd0000,0x000000001eed0000]
[error occurred during error reporting (printing stack bounds), id 0xc0000005]

Native frames: (J=compiled Java code, j=interpreted, Vv=VM code, C=native code)


Current CompileTask:
C2:   6879 5084   !   4       org.springframework.core.annotation.AnnotatedElementUtils::searchWithFindSemantics (785 bytes)


---------------  P R O C E S S  ---------------

Java Threads: ( => current thread )
  0x00000000242e5000 JavaThread "Thread-2" daemon [_thread_in_native, id=2844, stack(0x00000000271a0000,0x00000000272a0000)]
  0x0000000024059000 JavaThread "localhost-startStop-1" daemon [_thread_in_vm, id=9140, stack(0x00000000270a0000,0x00000000271a0000)]
  0x0000000024058000 JavaThread "Tomcat-startStop-1" daemon [_thread_blocked, id=10896, stack(0x0000000025a50000,0x0000000025b50000)]
  0x000000001e385000 JavaThread "Service Thread" daemon [_thread_blocked, id=5868, stack(0x000000001f0d0000,0x000000001f1d0000)]
  0x000000001e2f7000 JavaThread "C1 CompilerThread3" daemon [_thread_blocked, id=864, stack(0x000000001efd0000,0x000000001f0d0000)]
  0x000000001e2f6000 JavaThread "C2 CompilerThread2" daemon [_thread_in_native, id=13564, stack(0x000000001eed0000,0x000000001efd0000)]
=>0x000000001e2f5800 JavaThread "C2 CompilerThread1" daemon [_thread_in_native, id=9932, stack(0x000000001edd0000,0x000000001eed0000)]
  0x000000001e2db800 JavaThread "C2 CompilerThread0" daemon [_thread_in_native, id=13884, stack(0x000000001ecd0000,0x000000001edd0000)]
  0x000000001e278000 JavaThread "JDWP Command Reader" daemon [_thread_in_native, id=2768, stack(0x000000001ebd0000,0x000000001ecd0000)]
  0x000000001e274800 JavaThread "JDWP Event Helper Thread" daemon [_thread_blocked, id=12296, stack(0x000000001ead0000,0x000000001ebd0000)]
  0x000000001e267000 JavaThread "JDWP Transport Listener: dt_socket" daemon [_thread_blocked, id=11172, stack(0x000000001e9d0000,0x000000001ead0000)]
  0x000000001e208800 JavaThread "Attach Listener" daemon [_thread_blocked, id=5500, stack(0x000000001e8d0000,0x000000001e9d0000)]
  0x000000001e207800 JavaThread "Signal Dispatcher" daemon [_thread_blocked, id=9864, stack(0x000000001e7d0000,0x000000001e8d0000)]
  0x000000001e1f0800 JavaThread "Finalizer" daemon [_thread_blocked, id=11720, stack(0x000000001e6d0000,0x000000001e7d0000)]
  0x000000001c3fd000 JavaThread "Reference Handler" daemon [_thread_blocked, id=10000, stack(0x000000001e5d0000,0x000000001e6d0000)]
  0x00000000028e2800 JavaThread "main" [_thread_blocked, id=10544, stack(0x0000000002620000,0x0000000002720000)]

Other Threads:
  0x000000001c3f9000 VMThread [stack: 0x000000001e0d0000,0x000000001e1d0000] [id=13812]
  0x000000001e3bc800 WatcherThread [stack: 0x000000001f1d0000,0x000000001f2d0000] [id=848]

VM state:not at safepoint (normal execution)

VM Mutex/Monitor currently owned by a thread: None

Heap:
 PSYoungGen      total 306688K, used 244829K [0x000000076b400000, 0x0000000781700000, 0x00000007c0000000)
  eden space 258048K, 82% used [0x000000076b400000,0x000000077831b930,0x000000077b000000)
  from space 48640K, 67% used [0x000000077e100000,0x00000007800fbe80,0x0000000781080000)
  to   space 50176K, 0% used [0x000000077b000000,0x000000077b000000,0x000000077e100000)
 ParOldGen       total 119808K, used 79084K [0x00000006c1c00000, 0x00000006c9100000, 0x000000076b400000)
  object space 119808K, 66% used [0x00000006c1c00000,0x00000006c693b038,0x00000006c9100000)
 Metaspace       used 33739K, capacity 34470K, committed 34688K, reserved 1079296K
  class space    used 3928K, capacity 4137K, committed 4224K, reserved 1048576K

Card table byte_map: [0x0000000011da0000,0x00000000125a0000] byte_map_base: 0x000000000e792000

Marking Bits: (ParMarkBitMap*) 0x0000000064243e30
 Begin Bits: [0x00000000132f0000, 0x0000000017280000)
 End Bits:   [0x0000000017280000, 0x000000001b210000)

Polling page: 0x00000000004a0000

CodeCache: size=245760Kb used=16468Kb max_used=16468Kb free=229291Kb
 bounds [0x00000000029e0000, 0x0000000003a80000, 0x00000000119e0000]
 total_blobs=4767 nmethods=4347 adapters=339
 compilation: enabled

Compilation events (10 events):
Event: 6.868 Thread 0x000000001e2f7000 5097       3       org.springframework.core.MethodParameter::getParameterType (59 bytes)
Event: 6.868 Thread 0x000000001e2f7000 nmethod 5097 0x00000000036bab10 code [0x00000000036bacc0, 0x00000000036bb368]
Event: 6.869 Thread 0x000000001e2f7000 5098       1       org.springframework.beans.PropertyValue::getValue (5 bytes)
Event: 6.869 Thread 0x000000001e2f7000 nmethod 5098 0x00000000036c0110 code [0x00000000036c0260, 0x00000000036c0370]
Event: 6.873 Thread 0x000000001e2f7000 5099       3       sun.misc.URLClassPath::access$000 (6 bytes)
Event: 6.873 Thread 0x000000001e2f7000 nmethod 5099 0x00000000036ba750 code [0x00000000036ba8c0, 0x00000000036baa48]
Event: 6.873 Thread 0x000000001e2f7000 5100       3       java.net.URLClassLoader$3$1::<init> (10 bytes)
Event: 6.873 Thread 0x000000001e2f7000 nmethod 5100 0x00000000036ba390 code [0x00000000036ba4e0, 0x00000000036ba6b0]
Event: 6.873 Thread 0x000000001e2f7000 5101       3       java.net.URLClassLoader$3$1::run (5 bytes)
Event: 6.874 Thread 0x000000001e2f7000 nmethod 5101 0x00000000036b9b90 code [0x00000000036b9d20, 0x00000000036ba1d8]

GC Heap History (10 events):
Event: 4.203 GC heap before
{Heap before GC invocations=7 (full 1):
 PSYoungGen      total 141824K, used 141792K [0x000000076b400000, 0x0000000779480000, 0x00000007c0000000)
  eden space 131072K, 100% used [0x000000076b400000,0x0000000773400000,0x0000000773400000)
  from space 10752K, 99% used [0x0000000773400000,0x0000000773e780f0,0x0000000773e80000)
  to   space 19456K, 0% used [0x0000000778180000,0x0000000778180000,0x0000000779480000)
 ParOldGen       total 119808K, used 22513K [0x00000006c1c00000, 0x00000006c9100000, 0x000000076b400000)
  object space 119808K, 18% used [0x00000006c1c00000,0x00000006c31fc648,0x00000006c9100000)
 Metaspace       used 24192K, capacity 24770K, committed 24960K, reserved 1071104K
  class space    used 2796K, capacity 2932K, committed 2944K, reserved 1048576K
Event: 4.221 GC heap after
Heap after GC invocations=7 (full 1):
 PSYoungGen      total 202240K, used 19442K [0x000000076b400000, 0x000000077b400000, 0x00000007c0000000)
  eden space 182784K, 0% used [0x000000076b400000,0x000000076b400000,0x0000000776680000)
  from space 19456K, 99% used [0x0000000778180000,0x000000077947caa0,0x0000000779480000)
  to   space 27648K, 0% used [0x0000000776680000,0x0000000776680000,0x0000000778180000)
 ParOldGen       total 119808K, used 32054K [0x00000006c1c00000, 0x00000006c9100000, 0x000000076b400000)
  object space 119808K, 26% used [0x00000006c1c00000,0x00000006c3b4d998,0x00000006c9100000)
 Metaspace       used 24192K, capacity 24770K, committed 24960K, reserved 1071104K
  class space    used 2796K, capacity 2932K, committed 2944K, reserved 1048576K
}
Event: 4.681 GC heap before
{Heap before GC invocations=8 (full 1):
 PSYoungGen      total 202240K, used 202226K [0x000000076b400000, 0x000000077b400000, 0x00000007c0000000)
  eden space 182784K, 100% used [0x000000076b400000,0x0000000776680000,0x0000000776680000)
  from space 19456K, 99% used [0x0000000778180000,0x000000077947caa0,0x0000000779480000)
  to   space 27648K, 0% used [0x0000000776680000,0x0000000776680000,0x0000000778180000)
 ParOldGen       total 119808K, used 32054K [0x00000006c1c00000, 0x00000006c9100000, 0x000000076b400000)
  object space 119808K, 26% used [0x00000006c1c00000,0x00000006c3b4d998,0x00000006c9100000)
 Metaspace       used 24209K, capacity 24780K, committed 24960K, reserved 1071104K
  class space    used 2798K, capacity 2934K, committed 2944K, reserved 1048576K
Event: 4.698 GC heap after
Heap after GC invocations=8 (full 1):
 PSYoungGen      total 210432K, used 27629K [0x000000076b400000, 0x000000077b400000, 0x00000007c0000000)
  eden space 182784K, 0% used [0x000000076b400000,0x000000076b400000,0x0000000776680000)
  from space 27648K, 99% used [0x0000000776680000,0x000000077817b7c0,0x0000000778180000)
  to   space 19456K, 0% used [0x0000000778180000,0x0000000778180000,0x0000000779480000)
 ParOldGen       total 119808K, used 38930K [0x00000006c1c00000, 0x00000006c9100000, 0x000000076b400000)
  object space 119808K, 32% used [0x00000006c1c00000,0x00000006c4204890,0x00000006c9100000)
 Metaspace       used 24209K, capacity 24780K, committed 24960K, reserved 1071104K
  class space    used 2798K, capacity 2934K, committed 2944K, reserved 1048576K
}
Event: 5.037 GC heap before
{Heap before GC invocations=9 (full 1):
 PSYoungGen      total 210432K, used 210413K [0x000000076b400000, 0x000000077b400000, 0x00000007c0000000)
  eden space 182784K, 100% used [0x000000076b400000,0x0000000776680000,0x0000000776680000)
  from space 27648K, 99% used [0x0000000776680000,0x000000077817b7c0,0x0000000778180000)
  to   space 19456K, 0% used [0x0000000778180000,0x0000000778180000,0x0000000779480000)
 ParOldGen       total 119808K, used 38930K [0x00000006c1c00000, 0x00000006c9100000, 0x000000076b400000)
  object space 119808K, 32% used [0x00000006c1c00000,0x00000006c4204890,0x00000006c9100000)
 Metaspace       used 24228K, capacity 24812K, committed 25088K, reserved 1071104K
  class space    used 2800K, capacity 2966K, committed 3072K, reserved 1048576K
Event: 5.054 GC heap after
Heap after GC invocations=9 (full 1):
 PSYoungGen      total 202240K, used 19454K [0x000000076b400000, 0x000000077b400000, 0x00000007c0000000)
  eden space 182784K, 0% used [0x000000076b400000,0x000000076b400000,0x0000000776680000)
  from space 19456K, 99% used [0x0000000778180000,0x000000077947fb28,0x0000000779480000)
  to   space 27648K, 0% used [0x0000000776680000,0x0000000776680000,0x0000000778180000)
 ParOldGen       total 119808K, used 59628K [0x00000006c1c00000, 0x00000006c9100000, 0x000000076b400000)
  object space 119808K, 49% used [0x00000006c1c00000,0x00000006c563b2b8,0x00000006c9100000)
 Metaspace       used 24228K, capacity 24812K, committed 25088K, reserved 1071104K
  class space    used 2800K, capacity 2966K, committed 3072K, reserved 1048576K
}
Event: 5.399 GC heap before
{Heap before GC invocations=10 (full 1):
 PSYoungGen      total 202240K, used 202238K [0x000000076b400000, 0x000000077b400000, 0x00000007c0000000)
  eden space 182784K, 100% used [0x000000076b400000,0x0000000776680000,0x0000000776680000)
  from space 19456K, 99% used [0x0000000778180000,0x000000077947fb28,0x0000000779480000)
  to   space 27648K, 0% used [0x0000000776680000,0x0000000776680000,0x0000000778180000)
 ParOldGen       total 119808K, used 59628K [0x00000006c1c00000, 0x00000006c9100000, 0x000000076b400000)
  object space 119808K, 49% used [0x00000006c1c00000,0x00000006c563b2b8,0x00000006c9100000)
 Metaspace       used 24238K, capacity 24880K, committed 25088K, reserved 1071104K
  class space    used 2802K, capacity 2966K, committed 3072K, reserved 1048576K
Event: 5.414 GC heap after
Heap after GC invocations=10 (full 1):
 PSYoungGen      total 210432K, used 27633K [0x000000076b400000, 0x0000000781080000, 0x00000007c0000000)
  eden space 182784K, 0% used [0x000000076b400000,0x000000076b400000,0x0000000776680000)
  from space 27648K, 99% used [0x0000000776680000,0x000000077817c638,0x0000000778180000)
  to   space 48640K, 0% used [0x000000077e100000,0x000000077e100000,0x0000000781080000)
 ParOldGen       total 119808K, used 73185K [0x00000006c1c00000, 0x00000006c9100000, 0x000000076b400000)
  object space 119808K, 61% used [0x00000006c1c00000,0x00000006c63784e0,0x00000006c9100000)
 Metaspace       used 24238K, capacity 24880K, committed 25088K, reserved 1071104K
  class space    used 2802K, capacity 2966K, committed 3072K, reserved 1048576K
}
Event: 5.746 GC heap before
{Heap before GC invocations=11 (full 1):
 PSYoungGen      total 210432K, used 210417K [0x000000076b400000, 0x0000000781080000, 0x00000007c0000000)
  eden space 182784K, 100% used [0x000000076b400000,0x0000000776680000,0x0000000776680000)
  from space 27648K, 99% used [0x0000000776680000,0x000000077817c638,0x0000000778180000)
  to   space 48640K, 0% used [0x000000077e100000,0x000000077e100000,0x0000000781080000)
 ParOldGen       total 119808K, used 73185K [0x00000006c1c00000, 0x00000006c9100000, 0x000000076b400000)
  object space 119808K, 61% used [0x00000006c1c00000,0x00000006c63784e0,0x00000006c9100000)
 Metaspace       used 24245K, capacity 24882K, committed 25088K, reserved 1071104K
  class space    used 2802K, capacity 2968K, committed 3072K, reserved 1048576K
Event: 5.765 GC heap after
Heap after GC invocations=11 (full 1):
 PSYoungGen      total 306688K, used 32751K [0x000000076b400000, 0x0000000781700000, 0x00000007c0000000)
  eden space 258048K, 0% used [0x000000076b400000,0x000000076b400000,0x000000077b000000)
  from space 48640K, 67% used [0x000000077e100000,0x00000007800fbe80,0x0000000781080000)
  to   space 50176K, 0% used [0x000000077b000000,0x000000077b000000,0x000000077e100000)
 ParOldGen       total 119808K, used 79084K [0x00000006c1c00000, 0x00000006c9100000, 0x000000076b400000)
  object space 119808K, 66% used [0x00000006c1c00000,0x00000006c693b038,0x00000006c9100000)
 Metaspace       used 24245K, capacity 24882K, committed 25088K, reserved 1071104K
  class space    used 2802K, capacity 2968K, committed 3072K, reserved 1048576K
}

Deoptimization events (10 events):
Event: 6.631 Thread 0x0000000024059000 Uncommon trap: reason=unstable_if action=reinterpret pc=0x0000000002f0c204 method=java.io.WinNTFileSystem.parentOrNull(Ljava/lang/String;)Ljava/lang/String; @ 96
Event: 6.632 Thread 0x0000000024059000 Uncommon trap: reason=class_check action=maybe_recompile pc=0x00000000038dd8f8 method=java.net.URLClassLoader.defineClass(Ljava/lang/String;Lsun/misc/Resource;)Ljava/lang/Class; @ 13
Event: 6.633 Thread 0x0000000024059000 Uncommon trap: reason=class_check action=maybe_recompile pc=0x00000000038dd8f8 method=java.net.URLClassLoader.defineClass(Ljava/lang/String;Lsun/misc/Resource;)Ljava/lang/Class; @ 13
Event: 6.633 Thread 0x0000000024059000 Uncommon trap: reason=class_check action=maybe_recompile pc=0x00000000038dd8f8 method=java.net.URLClassLoader.defineClass(Ljava/lang/String;Lsun/misc/Resource;)Ljava/lang/Class; @ 13
Event: 6.828 Thread 0x0000000024059000 Uncommon trap: reason=unstable_if action=reinterpret pc=0x0000000003537490 method=java.util.concurrent.ConcurrentHashMap.get(Ljava/lang/Object;)Ljava/lang/Object; @ 76
Event: 6.829 Thread 0x0000000024059000 Uncommon trap: reason=class_check action=maybe_recompile pc=0x0000000002f7076c method=java.util.concurrent.ConcurrentHashMap.putVal(Ljava/lang/Object;Ljava/lang/Object;Z)Ljava/lang/Object; @ 192
Event: 6.829 Thread 0x0000000024059000 Uncommon trap: reason=class_check action=maybe_recompile pc=0x0000000002f7076c method=java.util.concurrent.ConcurrentHashMap.putVal(Ljava/lang/Object;Ljava/lang/Object;Z)Ljava/lang/Object; @ 192
Event: 6.829 Thread 0x0000000024059000 Uncommon trap: reason=class_check action=maybe_recompile pc=0x0000000002f7076c method=java.util.concurrent.ConcurrentHashMap.putVal(Ljava/lang/Object;Ljava/lang/Object;Z)Ljava/lang/Object; @ 192
Event: 6.829 Thread 0x0000000024059000 Uncommon trap: reason=class_check action=maybe_recompile pc=0x0000000002f7076c method=java.util.concurrent.ConcurrentHashMap.putVal(Ljava/lang/Object;Ljava/lang/Object;Z)Ljava/lang/Object; @ 192
Event: 6.838 Thread 0x0000000024059000 Uncommon trap: reason=unstable_if action=reinterpret pc=0x00000000033c8990 method=java.lang.Class.searchMethods([Ljava/lang/reflect/Method;Ljava/lang/String;[Ljava/lang/Class;)Ljava/lang/reflect/Method; @ 47

Classes redefined (0 events):
No events

Internal exceptions (10 events):
Event: 6.820 Thread 0x0000000024059000 Exception <a 'java/lang/ClassNotFoundException': org/springframework/transaction/interceptor/AbstractFallbackTransactionAttributeSourceCustomizer> (0x0000000777c38808) thrown at [C:\re\workspace\8-2-build-windows-amd64-cygwin\jdk8u191\11896\hotspot\src\sh
Event: 6.821 Thread 0x0000000024059000 Exception <a 'java/lang/ClassNotFoundException': org/springframework/transaction/annotation/AnnotationTransactionAttributeSourceCustomizer> (0x0000000777c73010) thrown at [C:\re\workspace\8-2-build-windows-amd64-cygwin\jdk8u191\11896\hotspot\src\share\vm\
Event: 6.822 Thread 0x0000000024059000 Exception <a 'java/lang/ClassNotFoundException': org/springframework/transaction/interceptor/TransactionAttributeSourceBeanInfo> (0x0000000777ca9810) thrown at [C:\re\workspace\8-2-build-windows-amd64-cygwin\jdk8u191\11896\hotspot\src\share\vm\classfile\s
Event: 6.823 Thread 0x0000000024059000 Exception <a 'java/lang/ClassNotFoundException': org/springframework/transaction/interceptor/TransactionAttributeSourceCustomizer> (0x0000000777cdd228) thrown at [C:\re\workspace\8-2-build-windows-amd64-cygwin\jdk8u191\11896\hotspot\src\share\vm\classfile
Event: 6.857 Thread 0x0000000024059000 Exception <a 'java/lang/ClassNotFoundException': org/mybatis/spring/SqlSessionFactoryBeanBeanInfo> (0x0000000777f11920) thrown at [C:\re\workspace\8-2-build-windows-amd64-cygwin\jdk8u191\11896\hotspot\src\share\vm\classfile\systemDictionary.cpp, line 210]
Event: 6.858 Thread 0x0000000024059000 Exception <a 'java/lang/ClassNotFoundException': org/mybatis/spring/SqlSessionFactoryBeanCustomizer> (0x0000000777f34ff8) thrown at [C:\re\workspace\8-2-build-windows-amd64-cygwin\jdk8u191\11896\hotspot\src\share\vm\classfile\systemDictionary.cpp, line 21
Event: 6.863 Thread 0x0000000024059000 Exception <a 'java/lang/ClassNotFoundException': org/springframework/beans/factory/FactoryBeanBeanInfo> (0x0000000777fb6248) thrown at [C:\re\workspace\8-2-build-windows-amd64-cygwin\jdk8u191\11896\hotspot\src\share\vm\classfile\systemDictionary.cpp, line
Event: 6.865 Thread 0x0000000024059000 Exception <a 'java/lang/ClassNotFoundException': org/springframework/beans/factory/FactoryBeanCustomizer> (0x0000000777fdc718) thrown at [C:\re\workspace\8-2-build-windows-amd64-cygwin\jdk8u191\11896\hotspot\src\share\vm\classfile\systemDictionary.cpp, li
Event: 6.866 Thread 0x0000000024059000 Exception <a 'java/lang/ClassNotFoundException': org/springframework/context/ApplicationListenerBeanInfo> (0x00000007780082d0) thrown at [C:\re\workspace\8-2-build-windows-amd64-cygwin\jdk8u191\11896\hotspot\src\share\vm\classfile\systemDictionary.cpp, li
Event: 6.867 Thread 0x0000000024059000 Exception <a 'java/lang/ClassNotFoundException': org/springframework/context/ApplicationListenerCustomizer> (0x000000077802ef78) thrown at [C:\re\workspace\8-2-build-windows-amd64-cygwin\jdk8u191\11896\hotspot\src\share\vm\classfile\systemDictionary.cpp, 

Events (10 events):
Event: 6.878 loading class org/apache/ibatis/io/ClassLoaderWrapper
Event: 6.878 loading class org/apache/ibatis/io/ClassLoaderWrapper done
Event: 6.878 Thread 0x0000000024059000 DEOPT PACKING pc=0x0000000002eae618 sp=0x000000002719bc00
Event: 6.878 Thread 0x0000000024059000 DEOPT UNPACKING pc=0x0000000002a27890 sp=0x000000002719b8f0 mode 1
Event: 6.878 Thread 0x0000000024059000 DEOPT PACKING pc=0x0000000002bc8204 sp=0x000000002719bd10
Event: 6.878 Thread 0x0000000024059000 DEOPT UNPACKING pc=0x0000000002a27890 sp=0x000000002719ba88 mode 1
Event: 6.878 Thread 0x0000000024059000 DEOPT PACKING pc=0x0000000002f9181c sp=0x000000002719bdc0
Event: 6.878 Thread 0x0000000024059000 DEOPT UNPACKING pc=0x0000000002a27890 sp=0x000000002719baf0 mode 1
Event: 6.878 Thread 0x0000000024059000 DEOPT PACKING pc=0x00000000036e17bc sp=0x000000002719be10
Event: 6.878 Thread 0x0000000024059000 DEOPT UNPACKING pc=0x0000000002a27890 sp=0x000000002719bc88 mode 1


Dynamic libraries:
0x00007ff6d85f0000 - 0x00007ff6d8627000 	C:\java\JDK\bin\java.exe
0x00007ff913a50000 - 0x00007ff913c3d000 	C:\Windows\SYSTEM32\ntdll.dll
0x00007ff913960000 - 0x00007ff913a13000 	C:\Windows\System32\KERNEL32.DLL
0x00007ff9108b0000 - 0x00007ff910b43000 	C:\Windows\System32\KERNELBASE.dll
0x00007ff911bb0000 - 0x00007ff911c53000 	C:\Windows\System32\ADVAPI32.dll
0x00007ff910cb0000 - 0x00007ff910d4e000 	C:\Windows\System32\msvcrt.dll
0x00007ff9132f0000 - 0x00007ff91338e000 	C:\Windows\System32\sechost.dll
0x00007ff910db0000 - 0x00007ff910ed2000 	C:\Windows\System32\RPCRT4.dll
0x00007ff9137c0000 - 0x00007ff913957000 	C:\Windows\System32\USER32.dll
0x00007ff9105f0000 - 0x00007ff910610000 	C:\Windows\System32\win32u.dll
0x00007ff910c80000 - 0x00007ff910ca9000 	C:\Windows\System32\GDI32.dll
0x00007ff910710000 - 0x00007ff9108a9000 	C:\Windows\System32\gdi32full.dll
0x00007ff910be0000 - 0x00007ff910c80000 	C:\Windows\System32\msvcp_win.dll
0x00007ff910610000 - 0x00007ff91070a000 	C:\Windows\System32\ucrtbase.dll
0x00007ff902ba0000 - 0x00007ff902e19000 	C:\Windows\WinSxS\amd64_microsoft.windows.common-controls_6595b64144ccf1df_6.0.17763.615_none_05b4414a072024d4\COMCTL32.dll
0x00007ff910f40000 - 0x00007ff91126c000 	C:\Windows\System32\combase.dll
0x00007ff910570000 - 0x00007ff9105ee000 	C:\Windows\System32\bcryptPrimitives.dll
0x00007ff913290000 - 0x00007ff9132be000 	C:\Windows\System32\IMM32.DLL
0x0000000066840000 - 0x0000000066912000 	C:\java\JDK\jre\bin\msvcr100.dll
0x0000000063a20000 - 0x00000000642c4000 	C:\java\JDK\jre\bin\server\jvm.dll
0x00007ff9134f0000 - 0x00007ff9134f8000 	C:\Windows\System32\PSAPI.DLL
0x00007ff8fac10000 - 0x00007ff8fac19000 	C:\Windows\SYSTEM32\WSOCK32.dll
0x00007ff90dbb0000 - 0x00007ff90dbd4000 	C:\Windows\SYSTEM32\WINMM.dll
0x00007ff90a4c0000 - 0x00007ff90a4ca000 	C:\Windows\SYSTEM32\VERSION.dll
0x00007ff9115e0000 - 0x00007ff91164d000 	C:\Windows\System32\WS2_32.dll
0x00007ff90da90000 - 0x00007ff90dabd000 	C:\Windows\SYSTEM32\winmmbase.dll
0x00007ff910320000 - 0x00007ff91036a000 	C:\Windows\System32\cfgmgr32.dll
0x0000000066830000 - 0x000000006683f000 	C:\java\JDK\jre\bin\verify.dll
0x0000000066800000 - 0x0000000066829000 	C:\java\JDK\jre\bin\java.dll
0x00000000655d0000 - 0x0000000065605000 	C:\java\JDK\jre\bin\jdwp.dll
0x00000000655c0000 - 0x00000000655c8000 	C:\java\JDK\jre\bin\npt.dll
0x0000000065590000 - 0x00000000655b3000 	C:\java\JDK\jre\bin\instrument.dll
0x00000000667e0000 - 0x00000000667f6000 	C:\java\JDK\jre\bin\zip.dll
0x00007ff911da0000 - 0x00007ff913290000 	C:\Windows\System32\SHELL32.dll
0x00007ff9136b0000 - 0x00007ff913758000 	C:\Windows\System32\shcore.dll
0x00007ff90fbd0000 - 0x00007ff91031a000 	C:\Windows\System32\windows.storage.dll
0x00007ff90fa70000 - 0x00007ff90fa94000 	C:\Windows\System32\profapi.dll
0x00007ff90fac0000 - 0x00007ff90fb1d000 	C:\Windows\System32\powrprof.dll
0x00007ff910d50000 - 0x00007ff910da2000 	C:\Windows\System32\shlwapi.dll
0x00007ff90fa50000 - 0x00007ff90fa61000 	C:\Windows\System32\kernel.appcore.dll
0x00007ff910550000 - 0x00007ff910567000 	C:\Windows\System32\cryptsp.dll
0x0000000065580000 - 0x0000000065589000 	C:\java\JDK\jre\bin\dt_socket.dll
0x00007ff90f2c0000 - 0x00007ff90f327000 	C:\Windows\system32\mswsock.dll
0x00000000667c0000 - 0x00000000667da000 	C:\java\JDK\jre\bin\net.dll
0x0000000066790000 - 0x00000000667a1000 	C:\java\JDK\jre\bin\nio.dll
0x00007ff90ee20000 - 0x00007ff90ee53000 	C:\Windows\system32\rsaenh.dll
0x00007ff910bb0000 - 0x00007ff910bd6000 	C:\Windows\System32\bcrypt.dll
0x00007ff90f980000 - 0x00007ff90f9a8000 	C:\Windows\SYSTEM32\USERENV.dll
0x00007ff90f490000 - 0x00007ff90f49c000 	C:\Windows\SYSTEM32\CRYPTBASE.dll
0x00007ff90f020000 - 0x00007ff90f05d000 	C:\Windows\SYSTEM32\IPHLPAPI.DLL
0x00007ff911d90000 - 0x00007ff911d98000 	C:\Windows\System32\NSI.dll
0x00007ff9015f0000 - 0x00007ff901606000 	C:\Windows\SYSTEM32\dhcpcsvc6.DLL
0x00007ff9015d0000 - 0x00007ff9015ec000 	C:\Windows\SYSTEM32\dhcpcsvc.DLL
0x00007ff90f060000 - 0x00007ff90f126000 	C:\Windows\SYSTEM32\DNSAPI.dll
0x00000000667b0000 - 0x00000000667bd000 	C:\java\JDK\jre\bin\management.dll

VM Arguments:
jvm_args: -agentlib:jdwp=transport=dt_socket,address=127.0.0.1:61380,suspend=y,server=n -Dmaven.multiModuleProjectDirectory=D:\IdeaProjects\GITÏîÄ¿\Groupprojects\Health_Parent\Health_Service_Provider -DarchetypeCatalog=internal -Dmaven.home=D:\software\DevelopTools\Maven\apache-maven-3.3.9 -Dclassworlds.conf=D:\software\DevelopTools\Maven\apache-maven-3.3.9\bin\m2.conf -javaagent:C:\Users\32993\.IntelliJIdea2017.3\system\captureAgent\debugger-agent.jar=C:\Users\32993\AppData\Local\Temp\capture7685.props -Dfile.encoding=UTF-8 
java_command: org.codehaus.classworlds.Launcher -Didea.version=2017.3.2 -s D:\software\DevelopTools\Maven\apache-maven-3.3.9\conf\settings.xml -Dmaven.repo.local=D:\software\DevelopTools\repository_boot tomcat7:run
java_class_path (initial): D:\software\DevelopTools\Maven\apache-maven-3.3.9\boot\plexus-classworlds-2.5.2.jar;D:\software\DevelopTools\IntelliJ IDEA 2017.3.2\lib\idea_rt.jar;C:\Users\32993\.IntelliJIdea2017.3\system\captureAgent\debugger-agent.jar
Launcher Type: SUN_STANDARD

Environment Variables:
JAVA_HOME=C:\java\JDK
PATH=C:\Program Files (x86)\Common Files\Oracle\Java\javapath;C:\ProgramData\Oracle\Java\javapath;D:\software\DevelopTools\Xshell\;D:\software\DevelopTools\Xftp\;C:\java\JDK\bin;C:\Windows\system32;C:\Windows;C:\Windows\System32\Wbem;C:\Windows\System32\WindowsPowerShell\v1.0\;C:\Windows\System32\OpenSSH\;C:\Program Files\Intel\WiFi\bin\;C:\Program Files\Common Files\Intel\WirelessCommon\;C:\Program Files (x86)\NVIDIA Corporation\PhysX\Common;C:\Program Files\NVIDIA Corporation\NVIDIA NvDLISR;C:\Program Files (x86)\Intel\Intel(R) Management Engine Components\DAL;C:\Program Files\Intel\Intel(R) Management Engine Components\DAL;D:\software\bin;D:\software\Mysql\bin;C:\Program Files (x86)\MySQL\MySQL Server 5.5\bin;D:\software\DevelopTools\Tomcat\apache-tomcat-8.5.5\bin;D:\software\DevelopTools\Maven\apache-maven-3.3.9\\bin;D:\software\DevelopTools\Node.js\;D:\software\DevelopTools\Git\Git\cmd;C:\Program Files\TortoiseGit\bin;C:\Users\32993\AppData\Local\Microsoft\WindowsApps;C:\Users\32993\AppData\Roaming\npm;C:\Users\32993\AppData\Local\GitHubDesktop\bin
USERNAME=32993
OS=Windows_NT
PROCESSOR_IDENTIFIER=Intel64 Family 6 Model 142 Stepping 10, GenuineIntel



---------------  S Y S T E M  ---------------

OS: Windows 10.0 , 64 bit Build 17763 (10.0.17763.475)

CPU:total 8 (initial active 8) (4 cores per cpu, 2 threads per core) family 6 model 142 stepping 10, cmov, cx8, fxsr, mmx, sse, sse2, sse3, ssse3, sse4.1, sse4.2, popcnt, avx, avx2, aes, clmul, erms, 3dnowpref, lzcnt, ht, tsc, tscinvbit, bmi1, bmi2, adx

Memory: 4k page, physical 16658152k(8268252k free), swap 27143908k(5572k free)

vm_info: Java HotSpot(TM) 64-Bit Server VM (25.191-b12) for windows-amd64 JRE (1.8.0_191-b12), built on Oct  6 2018 09:29:03 by "java_re" with MS VC++ 10.0 (VS2010)

time: Sun Jul 21 21:17:58 2019
elapsed time: 6 seconds (0d 0h 0m 6s)

