#
# There is insufficient memory for the Java Runtime Environment to continue.
# Native memory allocation (malloc) failed to allocate 545232 bytes for Chunk::new
# Possible reasons:
#   The system is out of physical RAM or swap space
#   In 32 bit mode, the process size limit was hit
# Possible solutions:
#   Reduce memory load on the system
#   Increase physical memory or swap space
#   Check if swap backing store is full
#   Use 64 bit Java on a 64 bit OS
#   Decrease Java heap size (-Xmx/-Xms)
#   Decrease number of Java threads
#   Decrease Java thread stack sizes (-Xss)
#   Set larger code cache with -XX:ReservedCodeCacheSize=
# This output file may be truncated or incomplete.
#
#  Out of Memory Error (allocation.cpp:390), pid=9040, tid=0x0000000000001f74
#
# JRE version: Java(TM) SE Runtime Environment (8.0_191-b12) (build 1.8.0_191-b12)
# Java VM: Java HotSpot(TM) 64-Bit Server VM (25.191-b12 mixed mode windows-amd64 compressed oops)
# Failed to write core dump. Minidumps are not enabled by default on client versions of Windows
#

---------------  T H R E A D  ---------------

Current thread (0x000000001e8c8000):  JavaThread "C2 CompilerThread1" daemon [_thread_in_native, id=8052, stack(0x000000001f400000,0x000000001f500000)]

Stack: [0x000000001f400000,0x000000001f500000]
[error occurred during error reporting (printing stack bounds), id 0xc0000005]

Native frames: (J=compiled Java code, j=interpreted, Vv=VM code, C=native code)


Current CompileTask:
C2:  18776 5849   !   4       java.net.URL::<init> (543 bytes)


---------------  P R O C E S S  ---------------

Java Threads: ( => current thread )
  0x0000000023318800 JavaThread "commons-pool-EvictionTimer" daemon [_thread_blocked, id=1100, stack(0x000000002b240000,0x000000002b340000)]
  0x0000000027121000 JavaThread "Thread-2" daemon [_thread_in_native, id=2696, stack(0x0000000028390000,0x0000000028490000)]
  0x000000002175b800 JavaThread "localhost-startStop-1" daemon [_thread_in_vm, id=2784, stack(0x0000000025e90000,0x0000000025f90000)]
  0x0000000025bb4800 JavaThread "Tomcat-startStop-1" daemon [_thread_blocked, id=11764, stack(0x0000000024dc0000,0x0000000024ec0000)]
  0x000000001e8c3800 JavaThread "Service Thread" daemon [_thread_blocked, id=708, stack(0x000000001f700000,0x000000001f800000)]
  0x000000001e8c9800 JavaThread "C1 CompilerThread3" daemon [_thread_blocked, id=9480, stack(0x000000001f600000,0x000000001f700000)]
  0x000000001e8c9000 JavaThread "C2 CompilerThread2" daemon [_thread_in_native, id=9444, stack(0x000000001f500000,0x000000001f600000)]
=>0x000000001e8c8000 JavaThread "C2 CompilerThread1" daemon [_thread_in_native, id=8052, stack(0x000000001f400000,0x000000001f500000)]
  0x000000001e8bf000 JavaThread "C2 CompilerThread0" daemon [_thread_in_native, id=4720, stack(0x000000001f300000,0x000000001f400000)]
  0x000000001e848000 JavaThread "JDWP Command Reader" daemon [_thread_in_native, id=5020, stack(0x000000001f200000,0x000000001f300000)]
  0x000000001e844800 JavaThread "JDWP Event Helper Thread" daemon [_thread_blocked, id=10704, stack(0x000000001f100000,0x000000001f200000)]
  0x000000001e837000 JavaThread "JDWP Transport Listener: dt_socket" daemon [_thread_blocked, id=8376, stack(0x000000001f000000,0x000000001f100000)]
  0x000000001e7d8800 JavaThread "Attach Listener" daemon [_thread_blocked, id=8176, stack(0x000000001ef00000,0x000000001f000000)]
  0x000000001e7d7800 JavaThread "Signal Dispatcher" daemon [_thread_blocked, id=8380, stack(0x000000001ee00000,0x000000001ef00000)]
  0x000000001e7c0800 JavaThread "Finalizer" daemon [_thread_blocked, id=7288, stack(0x000000001eca0000,0x000000001eda0000)]
  0x000000001c9ad000 JavaThread "Reference Handler" daemon [_thread_blocked, id=13388, stack(0x000000001eba0000,0x000000001eca0000)]
  0x0000000002e42800 JavaThread "main" [_thread_blocked, id=5636, stack(0x0000000002840000,0x0000000002940000)]

Other Threads:
  0x000000001c9a9000 VMThread [stack: 0x000000001e6a0000,0x000000001e7a0000] [id=5392]
  0x000000001e985800 WatcherThread [stack: 0x000000001f800000,0x000000001f900000] [id=13488]

VM state:not at safepoint (normal execution)

VM Mutex/Monitor currently owned by a thread: None

Heap:
 PSYoungGen      total 408064K, used 99706K [0x000000076b400000, 0x0000000791100000, 0x00000007c0000000)
  eden space 365056K, 27% used [0x000000076b400000,0x000000077155eb68,0x0000000781880000)
  from space 43008K, 0% used [0x0000000781880000,0x0000000781880000,0x0000000784280000)
  to   space 44544K, 0% used [0x000000078e580000,0x000000078e580000,0x0000000791100000)
 ParOldGen       total 162304K, used 30442K [0x00000006c1c00000, 0x00000006cba80000, 0x000000076b400000)
  object space 162304K, 18% used [0x00000006c1c00000,0x00000006c39ba9a8,0x00000006cba80000)
 Metaspace       used 39187K, capacity 39972K, committed 40152K, reserved 1085440K
  class space    used 4572K, capacity 4788K, committed 4864K, reserved 1048576K

Card table byte_map: [0x0000000012300000,0x0000000012b00000] byte_map_base: 0x000000000ecf2000

Marking Bits: (ParMarkBitMap*) 0x0000000063453e30
 Begin Bits: [0x0000000013850000, 0x00000000177e0000)
 End Bits:   [0x00000000177e0000, 0x000000001b770000)

Polling page: 0x0000000000b10000

CodeCache: size=245760Kb used=19092Kb max_used=19103Kb free=226667Kb
 bounds [0x0000000002f40000, 0x0000000004200000, 0x0000000011f40000]
 total_blobs=5489 nmethods=5030 adapters=379
 compilation: enabled

Compilation events (10 events):
Event: 18.536 Thread 0x000000001e8c9800 5846       3       java.net.URLClassLoader$3::<init> (20 bytes)
Event: 18.536 Thread 0x000000001e8c9800 nmethod 5846 0x00000000041f3290 code [0x00000000041f33e0, 0x00000000041f35d0]
Event: 18.538 Thread 0x000000001e8c8000 nmethod 5835 0x00000000041f63d0 code [0x00000000041f6600, 0x00000000041f7be0]
Event: 18.538 Thread 0x000000001e8c8000 5840       4       java.util.regex.Pattern$5::isSatisfiedBy (28 bytes)
Event: 18.541 Thread 0x000000001e8c8000 nmethod 5840 0x00000000041f4590 code [0x00000000041f46e0, 0x00000000041f48d8]
Event: 18.569 Thread 0x000000001e8c8000 5847       4       java.util.regex.Pattern$Ctype::isSatisfiedBy (24 bytes)
Event: 18.570 Thread 0x000000001e8c8000 nmethod 5847 0x00000000041f4250 code [0x00000000041f43a0, 0x00000000041f4498]
Event: 18.608 Thread 0x000000001e8c8000 5848       4       org.apache.catalina.loader.WebappClassLoader$1::removeEldestEntry (16 bytes)
Event: 18.608 Thread 0x000000001e8c8000 nmethod 5848 0x0000000004196b90 code [0x0000000004196cc0, 0x0000000004196d38]
Event: 18.627 Thread 0x000000001e8c8000 5849   !   4       java.net.URL::<init> (543 bytes)

GC Heap History (10 events):
Event: 12.516 GC heap before
{Heap before GC invocations=11 (full 1):
 PSYoungGen      total 197632K, used 197602K [0x000000076b400000, 0x000000077e900000, 0x00000007c0000000)
  eden space 173056K, 100% used [0x000000076b400000,0x0000000775d00000,0x0000000775d00000)
  from space 24576K, 99% used [0x0000000775d00000,0x00000007774f8a30,0x0000000777500000)
  to   space 31232K, 0% used [0x000000077ca80000,0x000000077ca80000,0x000000077e900000)
 ParOldGen       total 113152K, used 32843K [0x00000006c1c00000, 0x00000006c8a80000, 0x000000076b400000)
  object space 113152K, 29% used [0x00000006c1c00000,0x00000006c3c12c48,0x00000006c8a80000)
 Metaspace       used 24262K, capacity 24816K, committed 25088K, reserved 1071104K
  class space    used 2801K, capacity 2966K, committed 3072K, reserved 1048576K
Event: 12.543 GC heap after
Heap after GC invocations=11 (full 1):
 PSYoungGen      total 281600K, used 30776K [0x000000076b400000, 0x000000077f100000, 0x00000007c0000000)
  eden space 250368K, 0% used [0x000000076b400000,0x000000076b400000,0x000000077a880000)
  from space 31232K, 98% used [0x000000077ca80000,0x000000077e88e160,0x000000077e900000)
  to   space 34816K, 0% used [0x000000077a880000,0x000000077a880000,0x000000077ca80000)
 ParOldGen       total 113152K, used 35790K [0x00000006c1c00000, 0x00000006c8a80000, 0x000000076b400000)
  object space 113152K, 31% used [0x00000006c1c00000,0x00000006c3ef3bc0,0x00000006c8a80000)
 Metaspace       used 24262K, capacity 24816K, committed 25088K, reserved 1071104K
  class space    used 2801K, capacity 2966K, committed 3072K, reserved 1048576K
}
Event: 13.727 GC heap before
{Heap before GC invocations=12 (full 1):
 PSYoungGen      total 281600K, used 281144K [0x000000076b400000, 0x000000077f100000, 0x00000007c0000000)
  eden space 250368K, 100% used [0x000000076b400000,0x000000077a880000,0x000000077a880000)
  from space 31232K, 98% used [0x000000077ca80000,0x000000077e88e160,0x000000077e900000)
  to   space 34816K, 0% used [0x000000077a880000,0x000000077a880000,0x000000077ca80000)
 ParOldGen       total 113152K, used 35790K [0x00000006c1c00000, 0x00000006c8a80000, 0x000000076b400000)
  object space 113152K, 31% used [0x00000006c1c00000,0x00000006c3ef3bc0,0x00000006c8a80000)
 Metaspace       used 24274K, capacity 24882K, committed 25088K, reserved 1071104K
  class space    used 2803K, capacity 2968K, committed 3072K, reserved 1048576K
Event: 13.774 GC heap after
Heap after GC invocations=12 (full 1):
 PSYoungGen      total 285184K, used 34805K [0x000000076b400000, 0x0000000787100000, 0x00000007c0000000)
  eden space 250368K, 0% used [0x000000076b400000,0x000000076b400000,0x000000077a880000)
  from space 34816K, 99% used [0x000000077a880000,0x000000077ca7d690,0x000000077ca80000)
  to   space 43008K, 0% used [0x0000000784700000,0x0000000784700000,0x0000000787100000)
 ParOldGen       total 113152K, used 45245K [0x00000006c1c00000, 0x00000006c8a80000, 0x000000076b400000)
  object space 113152K, 39% used [0x00000006c1c00000,0x00000006c482f440,0x00000006c8a80000)
 Metaspace       used 24274K, capacity 24882K, committed 25088K, reserved 1071104K
  class space    used 2803K, capacity 2968K, committed 3072K, reserved 1048576K
}
Event: 16.719 GC heap before
{Heap before GC invocations=13 (full 1):
 PSYoungGen      total 285184K, used 285173K [0x000000076b400000, 0x0000000787100000, 0x00000007c0000000)
  eden space 250368K, 100% used [0x000000076b400000,0x000000077a880000,0x000000077a880000)
  from space 34816K, 99% used [0x000000077a880000,0x000000077ca7d690,0x000000077ca80000)
  to   space 43008K, 0% used [0x0000000784700000,0x0000000784700000,0x0000000787100000)
 ParOldGen       total 113152K, used 45245K [0x00000006c1c00000, 0x00000006c8a80000, 0x000000076b400000)
  object space 113152K, 39% used [0x00000006c1c00000,0x00000006c482f440,0x00000006c8a80000)
 Metaspace       used 32877K, capacity 33552K, committed 33792K, reserved 1079296K
  class space    used 3835K, capacity 4034K, committed 4096K, reserved 1048576K
Event: 16.750 GC heap after
Heap after GC invocations=13 (full 1):
 PSYoungGen      total 403456K, used 27394K [0x000000076b400000, 0x0000000786c80000, 0x00000007c0000000)
  eden space 365056K, 0% used [0x000000076b400000,0x000000076b400000,0x0000000781880000)
  from space 38400K, 71% used [0x0000000784700000,0x00000007861c08c8,0x0000000786c80000)
  to   space 43008K, 0% used [0x0000000781880000,0x0000000781880000,0x0000000784280000)
 ParOldGen       total 113152K, used 48219K [0x00000006c1c00000, 0x00000006c8a80000, 0x000000076b400000)
  object space 113152K, 42% used [0x00000006c1c00000,0x00000006c4b16f50,0x00000006c8a80000)
 Metaspace       used 32877K, capacity 33552K, committed 33792K, reserved 1079296K
  class space    used 3835K, capacity 4034K, committed 4096K, reserved 1048576K
}
Event: 17.170 GC heap before
{Heap before GC invocations=14 (full 1):
 PSYoungGen      total 403456K, used 58279K [0x000000076b400000, 0x0000000786c80000, 0x00000007c0000000)
  eden space 365056K, 8% used [0x000000076b400000,0x000000076d229578,0x0000000781880000)
  from space 38400K, 71% used [0x0000000784700000,0x00000007861c08c8,0x0000000786c80000)
  to   space 43008K, 0% used [0x0000000781880000,0x0000000781880000,0x0000000784280000)
 ParOldGen       total 113152K, used 48219K [0x00000006c1c00000, 0x00000006c8a80000, 0x000000076b400000)
  object space 113152K, 42% used [0x00000006c1c00000,0x00000006c4b16f50,0x00000006c8a80000)
 Metaspace       used 34559K, capacity 35302K, committed 35416K, reserved 1081344K
  class space    used 4014K, capacity 4201K, committed 4224K, reserved 1048576K
Event: 17.181 GC heap after
Heap after GC invocations=14 (full 1):
 PSYoungGen      total 408064K, used 2221K [0x000000076b400000, 0x0000000791100000, 0x00000007c0000000)
  eden space 365056K, 0% used [0x000000076b400000,0x000000076b400000,0x0000000781880000)
  from space 43008K, 5% used [0x0000000781880000,0x0000000781aab6b0,0x0000000784280000)
  to   space 44544K, 0% used [0x000000078e580000,0x000000078e580000,0x0000000791100000)
 ParOldGen       total 113152K, used 56124K [0x00000006c1c00000, 0x00000006c8a80000, 0x000000076b400000)
  object space 113152K, 49% used [0x00000006c1c00000,0x00000006c52cf3f8,0x00000006c8a80000)
 Metaspace       used 34559K, capacity 35302K, committed 35416K, reserved 1081344K
  class space    used 4014K, capacity 4201K, committed 4224K, reserved 1048576K
}
Event: 17.181 GC heap before
{Heap before GC invocations=15 (full 2):
 PSYoungGen      total 408064K, used 2221K [0x000000076b400000, 0x0000000791100000, 0x00000007c0000000)
  eden space 365056K, 0% used [0x000000076b400000,0x000000076b400000,0x0000000781880000)
  from space 43008K, 5% used [0x0000000781880000,0x0000000781aab6b0,0x0000000784280000)
  to   space 44544K, 0% used [0x000000078e580000,0x000000078e580000,0x0000000791100000)
 ParOldGen       total 113152K, used 56124K [0x00000006c1c00000, 0x00000006c8a80000, 0x000000076b400000)
  object space 113152K, 49% used [0x00000006c1c00000,0x00000006c52cf3f8,0x00000006c8a80000)
 Metaspace       used 34559K, capacity 35302K, committed 35416K, reserved 1081344K
  class space    used 4014K, capacity 4201K, committed 4224K, reserved 1048576K
Event: 17.267 GC heap after
Heap after GC invocations=15 (full 2):
 PSYoungGen      total 408064K, used 0K [0x000000076b400000, 0x0000000791100000, 0x00000007c0000000)
  eden space 365056K, 0% used [0x000000076b400000,0x000000076b400000,0x0000000781880000)
  from space 43008K, 0% used [0x0000000781880000,0x0000000781880000,0x0000000784280000)
  to   space 44544K, 0% used [0x000000078e580000,0x000000078e580000,0x0000000791100000)
 ParOldGen       total 162304K, used 30442K [0x00000006c1c00000, 0x00000006cba80000, 0x000000076b400000)
  object space 162304K, 18% used [0x00000006c1c00000,0x00000006c39ba9a8,0x00000006cba80000)
 Metaspace       used 34559K, capacity 35302K, committed 35416K, reserved 1081344K
  class space    used 4014K, capacity 4201K, committed 4224K, reserved 1048576K
}

Deoptimization events (10 events):
Event: 17.955 Thread 0x000000002175b800 Uncommon trap: reason=predicate action=maybe_recompile pc=0x0000000003b91154 method=java.util.AbstractCollection.toArray([Ljava/lang/Object;)[Ljava/lang/Object; @ 49
Event: 18.171 Thread 0x000000002175b800 Uncommon trap: reason=unstable_if action=reinterpret pc=0x0000000004059dcc method=org.springframework.util.ObjectUtils.nullSafeEquals(Ljava/lang/Object;Ljava/lang/Object;)Z @ 34
Event: 18.496 Thread 0x000000002175b800 Uncommon trap: reason=class_check action=maybe_recompile pc=0x000000000331b98c method=java.lang.Throwable.<init>(Ljava/lang/String;Ljava/lang/Throwable;)V @ 24
Event: 18.501 Thread 0x000000002175b800 Uncommon trap: reason=class_check action=maybe_recompile pc=0x000000000331b98c method=java.lang.Throwable.<init>(Ljava/lang/String;Ljava/lang/Throwable;)V @ 24
Event: 18.505 Thread 0x000000002175b800 Uncommon trap: reason=class_check action=maybe_recompile pc=0x000000000331b98c method=java.lang.Throwable.<init>(Ljava/lang/String;Ljava/lang/Throwable;)V @ 24
Event: 18.516 Thread 0x000000002175b800 Uncommon trap: reason=class_check action=maybe_recompile pc=0x000000000331b98c method=java.lang.Throwable.<init>(Ljava/lang/String;Ljava/lang/Throwable;)V @ 24
Event: 18.646 Thread 0x000000002175b800 Uncommon trap: reason=bimorphic action=maybe_recompile pc=0x0000000003c2924c method=java.util.regex.Pattern$Branch.match(Ljava/util/regex/Matcher;ILjava/lang/CharSequence;)Z @ 50
Event: 18.646 Thread 0x000000002175b800 Uncommon trap: reason=bimorphic action=maybe_recompile pc=0x0000000003c2924c method=java.util.regex.Pattern$Branch.match(Ljava/util/regex/Matcher;ILjava/lang/CharSequence;)Z @ 50
Event: 18.646 Thread 0x000000002175b800 Uncommon trap: reason=bimorphic action=maybe_recompile pc=0x0000000003c2924c method=java.util.regex.Pattern$Branch.match(Ljava/util/regex/Matcher;ILjava/lang/CharSequence;)Z @ 50
Event: 18.646 Thread 0x000000002175b800 Uncommon trap: reason=bimorphic action=maybe_recompile pc=0x0000000003c2924c method=java.util.regex.Pattern$Branch.match(Ljava/util/regex/Matcher;ILjava/lang/CharSequence;)Z @ 50

Classes redefined (0 events):
No events

Internal exceptions (10 events):
Event: 17.704 Thread 0x000000002175b800 Exception <a 'java/lang/ClassNotFoundException': org/mybatis/spring/mapper/MapperFactoryBeanCustomizer> (0x000000076c9823a0) thrown at [C:\re\workspace\8-2-build-windows-amd64-cygwin\jdk8u191\11896\hotspot\src\share\vm\classfile\systemDictionary.cpp, line
Event: 18.131 Thread 0x000000002175b800 Exception <a 'java/lang/ClassNotFoundException': com/zhang/service/CheckGroupServiceImplBeanInfo> (0x000000077032e0d8) thrown at [C:\re\workspace\8-2-build-windows-amd64-cygwin\jdk8u191\11896\hotspot\src\share\vm\classfile\systemDictionary.cpp, line 210]
Event: 18.134 Thread 0x000000002175b800 Exception <a 'java/lang/ClassNotFoundException': com/zhang/service/CheckGroupServiceImplCustomizer> (0x0000000770351778) thrown at [C:\re\workspace\8-2-build-windows-amd64-cygwin\jdk8u191\11896\hotspot\src\share\vm\classfile\systemDictionary.cpp, line 210
Event: 18.137 Thread 0x000000002175b800 Exception <a 'java/lang/ClassNotFoundException': com/zhang/service/CheckGroupServiceBeanInfo> (0x000000077037c060) thrown at [C:\re\workspace\8-2-build-windows-amd64-cygwin\jdk8u191\11896\hotspot\src\share\vm\classfile\systemDictionary.cpp, line 210]
Event: 18.139 Thread 0x000000002175b800 Exception <a 'java/lang/ClassNotFoundException': com/zhang/service/CheckGroupServiceCustomizer> (0x000000077039e450) thrown at [C:\re\workspace\8-2-build-windows-amd64-cygwin\jdk8u191\11896\hotspot\src\share\vm\classfile\systemDictionary.cpp, line 210]
Event: 18.485 Thread 0x000000002175b800 Exception <a 'java/lang/NoClassDefFoundError': io/netty/channel/EventLoopGroup> (0x0000000770d17f60) thrown at [C:\re\workspace\8-2-build-windows-amd64-cygwin\jdk8u191\11896\hotspot\src\share\vm\classfile\systemDictionary.cpp, line 199]
Event: 18.496 Thread 0x000000002175b800 Exception <a 'java/lang/NoClassDefFoundError': com/caucho/hessian/client/HessianConnectionFactory> (0x0000000770d6a5a8) thrown at [C:\re\workspace\8-2-build-windows-amd64-cygwin\jdk8u191\11896\hotspot\src\share\vm\classfile\systemDictionary.cpp, line 199]
Event: 18.501 Thread 0x000000002175b800 Exception <a 'java/lang/NoClassDefFoundError': org/apache/cxf/Bus> (0x0000000770da5a30) thrown at [C:\re\workspace\8-2-build-windows-amd64-cygwin\jdk8u191\11896\hotspot\src\share\vm\classfile\systemDictionary.cpp, line 199]
Event: 18.505 Thread 0x000000002175b800 Exception <a 'java/lang/NoClassDefFoundError': net/rubyeye/xmemcached/MemcachedClientBuilder> (0x0000000770dd3d10) thrown at [C:\re\workspace\8-2-build-windows-amd64-cygwin\jdk8u191\11896\hotspot\src\share\vm\classfile\systemDictionary.cpp, line 199]
Event: 18.516 Thread 0x000000002175b800 Exception <a 'java/lang/NoClassDefFoundError': org/jboss/resteasy/client/jaxrs/ClientHttpEngine> (0x0000000770e26d78) thrown at [C:\re\workspace\8-2-build-windows-amd64-cygwin\jdk8u191\11896\hotspot\src\share\vm\classfile\systemDictionary.cpp, line 199]

Events (10 events):
Event: 18.774 Thread 0x000000002175b800 DEOPT PACKING pc=0x00000000030fbc04 sp=0x0000000025f8c370
Event: 18.774 Thread 0x000000002175b800 DEOPT UNPACKING pc=0x0000000002f87890 sp=0x0000000025f8c0e8 mode 1
Event: 18.774 Thread 0x000000002175b800 DEOPT PACKING pc=0x0000000003bd275c sp=0x0000000025f8c420
Event: 18.774 Thread 0x000000002175b800 DEOPT UNPACKING pc=0x0000000002f87890 sp=0x0000000025f8c150 mode 1
Event: 18.774 Thread 0x000000002175b800 DEOPT PACKING pc=0x00000000034c207c sp=0x0000000025f8c470
Event: 18.774 Thread 0x000000002175b800 DEOPT UNPACKING pc=0x0000000002f87890 sp=0x0000000025f8c2e8 mode 1
Event: 18.774 Thread 0x000000002175b800 DEOPT PACKING pc=0x0000000003d74404 sp=0x0000000025f8c1c0
Event: 18.774 Thread 0x000000002175b800 DEOPT UNPACKING pc=0x0000000002f87890 sp=0x0000000025f8c000 mode 1
Event: 18.774 Thread 0x000000002175b800 DEOPT PACKING pc=0x0000000003d7c744 sp=0x0000000025f8c370
Event: 18.774 Thread 0x000000002175b800 DEOPT UNPACKING pc=0x0000000002f87890 sp=0x0000000025f8c270 mode 1


Dynamic libraries:
0x00007ff6d85f0000 - 0x00007ff6d8627000 	C:\java\JDK\bin\java.exe
0x00007ff913a50000 - 0x00007ff913c3d000 	C:\Windows\SYSTEM32\ntdll.dll
0x00007ff913960000 - 0x00007ff913a13000 	C:\Windows\System32\KERNEL32.DLL
0x00007ff9108b0000 - 0x00007ff910b43000 	C:\Windows\System32\KERNELBASE.dll
0x00007ff911bb0000 - 0x00007ff911c53000 	C:\Windows\System32\ADVAPI32.dll
0x00007ff910cb0000 - 0x00007ff910d4e000 	C:\Windows\System32\msvcrt.dll
0x00007ff9132f0000 - 0x00007ff91338e000 	C:\Windows\System32\sechost.dll
0x00007ff910db0000 - 0x00007ff910ed2000 	C:\Windows\System32\RPCRT4.dll
0x00007ff9137c0000 - 0x00007ff913957000 	C:\Windows\System32\USER32.dll
0x00007ff9105f0000 - 0x00007ff910610000 	C:\Windows\System32\win32u.dll
0x00007ff910c80000 - 0x00007ff910ca9000 	C:\Windows\System32\GDI32.dll
0x00007ff910710000 - 0x00007ff9108a9000 	C:\Windows\System32\gdi32full.dll
0x00007ff910be0000 - 0x00007ff910c80000 	C:\Windows\System32\msvcp_win.dll
0x00007ff910610000 - 0x00007ff91070a000 	C:\Windows\System32\ucrtbase.dll
0x00007ff902ba0000 - 0x00007ff902e19000 	C:\Windows\WinSxS\amd64_microsoft.windows.common-controls_6595b64144ccf1df_6.0.17763.615_none_05b4414a072024d4\COMCTL32.dll
0x00007ff910f40000 - 0x00007ff91126c000 	C:\Windows\System32\combase.dll
0x00007ff910570000 - 0x00007ff9105ee000 	C:\Windows\System32\bcryptPrimitives.dll
0x00007ff913290000 - 0x00007ff9132be000 	C:\Windows\System32\IMM32.DLL
0x00000000645a0000 - 0x0000000064672000 	C:\java\JDK\jre\bin\msvcr100.dll
0x0000000062c30000 - 0x00000000634d4000 	C:\java\JDK\jre\bin\server\jvm.dll
0x00007ff9134f0000 - 0x00007ff9134f8000 	C:\Windows\System32\PSAPI.DLL
0x00007ff8fac10000 - 0x00007ff8fac19000 	C:\Windows\SYSTEM32\WSOCK32.dll
0x00007ff90dbb0000 - 0x00007ff90dbd4000 	C:\Windows\SYSTEM32\WINMM.dll
0x00007ff9115e0000 - 0x00007ff91164d000 	C:\Windows\System32\WS2_32.dll
0x00007ff90a4c0000 - 0x00007ff90a4ca000 	C:\Windows\SYSTEM32\VERSION.dll
0x00007ff90da90000 - 0x00007ff90dabd000 	C:\Windows\SYSTEM32\WINMMBASE.dll
0x00007ff910320000 - 0x00007ff91036a000 	C:\Windows\System32\cfgmgr32.dll
0x0000000064590000 - 0x000000006459f000 	C:\java\JDK\jre\bin\verify.dll
0x0000000064560000 - 0x0000000064589000 	C:\java\JDK\jre\bin\java.dll
0x0000000066720000 - 0x0000000066755000 	C:\java\JDK\jre\bin\jdwp.dll
0x0000000066710000 - 0x0000000066718000 	C:\java\JDK\jre\bin\npt.dll
0x00000000666e0000 - 0x0000000066703000 	C:\java\JDK\jre\bin\instrument.dll
0x00000000644c0000 - 0x00000000644d6000 	C:\java\JDK\jre\bin\zip.dll
0x00007ff911da0000 - 0x00007ff913290000 	C:\Windows\System32\SHELL32.dll
0x00007ff9136b0000 - 0x00007ff913758000 	C:\Windows\System32\shcore.dll
0x00007ff90fbd0000 - 0x00007ff91031a000 	C:\Windows\System32\windows.storage.dll
0x00007ff90fa70000 - 0x00007ff90fa94000 	C:\Windows\System32\profapi.dll
0x00007ff90fac0000 - 0x00007ff90fb1d000 	C:\Windows\System32\powrprof.dll
0x00007ff910d50000 - 0x00007ff910da2000 	C:\Windows\System32\shlwapi.dll
0x00007ff90fa50000 - 0x00007ff90fa61000 	C:\Windows\System32\kernel.appcore.dll
0x00007ff910550000 - 0x00007ff910567000 	C:\Windows\System32\cryptsp.dll
0x00000000666d0000 - 0x00000000666d9000 	C:\java\JDK\jre\bin\dt_socket.dll
0x00007ff90f2c0000 - 0x00007ff90f327000 	C:\Windows\system32\mswsock.dll
0x0000000064490000 - 0x00000000644aa000 	C:\java\JDK\jre\bin\net.dll
0x0000000064470000 - 0x0000000064481000 	C:\java\JDK\jre\bin\nio.dll
0x00007ff90ee20000 - 0x00007ff90ee53000 	C:\Windows\system32\rsaenh.dll
0x00007ff910bb0000 - 0x00007ff910bd6000 	C:\Windows\System32\bcrypt.dll
0x00007ff90f980000 - 0x00007ff90f9a8000 	C:\Windows\SYSTEM32\USERENV.dll
0x00007ff90f490000 - 0x00007ff90f49c000 	C:\Windows\SYSTEM32\CRYPTBASE.dll
0x00007ff90f020000 - 0x00007ff90f05d000 	C:\Windows\SYSTEM32\IPHLPAPI.DLL
0x00007ff911d90000 - 0x00007ff911d98000 	C:\Windows\System32\NSI.dll
0x00007ff9015f0000 - 0x00007ff901606000 	C:\Windows\SYSTEM32\dhcpcsvc6.DLL
0x00007ff9015d0000 - 0x00007ff9015ec000 	C:\Windows\SYSTEM32\dhcpcsvc.DLL
0x00007ff90f060000 - 0x00007ff90f126000 	C:\Windows\SYSTEM32\DNSAPI.dll
0x0000000064460000 - 0x000000006446d000 	C:\java\JDK\jre\bin\management.dll
0x00007ff901440000 - 0x00007ff901456000 	C:\Windows\system32\napinsp.dll
0x00007ff9013c0000 - 0x00007ff9013da000 	C:\Windows\system32\pnrpnsp.dll
0x00007ff901260000 - 0x00007ff90126e000 	C:\Windows\System32\winrnr.dll
0x00007ff90bd40000 - 0x00007ff90bd5b000 	C:\Windows\system32\NLAapi.dll
0x00007ff906a30000 - 0x00007ff906a45000 	C:\Windows\system32\wshbth.dll
0x00007ff8fee80000 - 0x00007ff8fee8a000 	C:\Windows\System32\rasadhlp.dll
0x00007ff901680000 - 0x00007ff9016f9000 	C:\Windows\System32\fwpuclnt.dll

VM Arguments:
jvm_args: -agentlib:jdwp=transport=dt_socket,address=127.0.0.1:59271,suspend=y,server=n -Dmaven.multiModuleProjectDirectory=D:\IdeaProjects\GITÏîÄ¿\Groupprojects\Health_Parent\Health_Service_Provider -DarchetypeCatalog=internal -Dmaven.home=D:\software\DevelopTools\Maven\apache-maven-3.3.9 -Dclassworlds.conf=D:\software\DevelopTools\Maven\apache-maven-3.3.9\bin\m2.conf -javaagent:C:\Users\32993\.IntelliJIdea2017.3\system\captureAgent\debugger-agent.jar=C:\Users\32993\AppData\Local\Temp\capture7057.props -Dfile.encoding=UTF-8 
java_command: org.codehaus.classworlds.Launcher -Didea.version=2017.3.2 -s D:\software\DevelopTools\Maven\apache-maven-3.3.9\conf\settings.xml -Dmaven.repo.local=D:\software\DevelopTools\repository_boot tomcat7:run
java_class_path (initial): D:\software\DevelopTools\Maven\apache-maven-3.3.9\boot\plexus-classworlds-2.5.2.jar;D:\software\DevelopTools\IntelliJ IDEA 2017.3.2\lib\idea_rt.jar;C:\Users\32993\.IntelliJIdea2017.3\system\captureAgent\debugger-agent.jar
Launcher Type: SUN_STANDARD

Environment Variables:
JAVA_HOME=C:\java\JDK
PATH=C:\Program Files (x86)\Common Files\Oracle\Java\javapath;C:\ProgramData\Oracle\Java\javapath;D:\software\DevelopTools\Xshell\;D:\software\DevelopTools\Xftp\;C:\java\JDK\bin;C:\Windows\system32;C:\Windows;C:\Windows\System32\Wbem;C:\Windows\System32\WindowsPowerShell\v1.0\;C:\Windows\System32\OpenSSH\;C:\Program Files\Intel\WiFi\bin\;C:\Program Files\Common Files\Intel\WirelessCommon\;C:\Program Files (x86)\NVIDIA Corporation\PhysX\Common;C:\Program Files\NVIDIA Corporation\NVIDIA NvDLISR;C:\Program Files (x86)\Intel\Intel(R) Management Engine Components\DAL;C:\Program Files\Intel\Intel(R) Management Engine Components\DAL;D:\software\bin;D:\software\Mysql\bin;C:\Program Files (x86)\MySQL\MySQL Server 5.5\bin;D:\software\DevelopTools\Tomcat\apache-tomcat-8.5.5\bin;D:\software\DevelopTools\Maven\apache-maven-3.3.9\\bin;D:\software\DevelopTools\Node.js\;D:\software\DevelopTools\Git\Git\cmd;C:\Program Files\TortoiseGit\bin;C:\Users\32993\AppData\Local\Microsoft\WindowsApps;C:\Users\32993\AppData\Roaming\npm;C:\Users\32993\AppData\Local\GitHubDesktop\bin
USERNAME=32993
OS=Windows_NT
PROCESSOR_IDENTIFIER=Intel64 Family 6 Model 142 Stepping 10, GenuineIntel



---------------  S Y S T E M  ---------------

OS: Windows 10.0 , 64 bit Build 17763 (10.0.17763.475)

CPU:total 8 (initial active 8) (4 cores per cpu, 2 threads per core) family 6 model 142 stepping 10, cmov, cx8, fxsr, mmx, sse, sse2, sse3, ssse3, sse4.1, sse4.2, popcnt, avx, avx2, aes, clmul, erms, 3dnowpref, lzcnt, ht, tsc, tscinvbit, bmi1, bmi2, adx

Memory: 4k page, physical 16658152k(8605552k free), swap 27143908k(3348k free)

vm_info: Java HotSpot(TM) 64-Bit Server VM (25.191-b12) for windows-amd64 JRE (1.8.0_191-b12), built on Oct  6 2018 09:29:03 by "java_re" with MS VC++ 10.0 (VS2010)

time: Sun Jul 21 19:50:01 2019
elapsed time: 18 seconds (0d 0h 0m 18s)

