#
# There is insufficient memory for the Java Runtime Environment to continue.
# Native memory allocation (malloc) failed to allocate 32744 bytes for ChunkPool::allocate
# Possible reasons:
#   The system is out of physical RAM or swap space
#   In 32 bit mode, the process size limit was hit
# Possible solutions:
#   Reduce memory load on the system
#   Increase physical memory or swap space
#   Check if swap backing store is full
#   Use 64 bit Java on a 64 bit OS
#   Decrease Java heap size (-Xmx/-Xms)
#   Decrease number of Java threads
#   Decrease Java thread stack sizes (-Xss)
#   Set larger code cache with -XX:ReservedCodeCacheSize=
# This output file may be truncated or incomplete.
#
#  Out of Memory Error (allocation.cpp:273), pid=11852, tid=0x00000000000019e4
#
# JRE version: Java(TM) SE Runtime Environment (8.0_191-b12) (build 1.8.0_191-b12)
# Java VM: Java HotSpot(TM) 64-Bit Server VM (25.191-b12 mixed mode windows-amd64 compressed oops)
# Failed to write core dump. Minidumps are not enabled by default on client versions of Windows
#

---------------  T H R E A D  ---------------

Current thread (0x000000001eeb7800):  JavaThread "Unknown thread" [_thread_in_native, id=6628, stack(0x000000001fa50000,0x000000001fb50000)]

Stack: [0x000000001fa50000,0x000000001fb50000]
[error occurred during error reporting (printing stack bounds), id 0xc0000005]

Native frames: (J=compiled Java code, j=interpreted, Vv=VM code, C=native code)


Current CompileTask:
C2:   6370 3393       4       java.net.URLClassLoader$1::run (5 bytes)


---------------  P R O C E S S  ---------------

Java Threads: ( => current thread )
  0x000000001ef52800 JavaThread "Unknown thread" [_thread_blocked, id=12820, stack(0x000000001fd50000,0x000000001fe50000)]
  0x000000001eeba000 JavaThread "Unknown thread" [_thread_blocked, id=10864, stack(0x000000001fc50000,0x000000001fd50000)]
  0x000000001eeb8800 JavaThread "Unknown thread" [_thread_blocked, id=10560, stack(0x000000001fb50000,0x000000001fc50000)]
=>0x000000001eeb7800 JavaThread "Unknown thread" [_thread_in_native, id=6628, stack(0x000000001fa50000,0x000000001fb50000)]
  0x000000001eeab800 JavaThread "Unknown thread" [_thread_in_native, id=4756, stack(0x000000001f950000,0x000000001fa50000)]
  0x000000001ee97000 JavaThread "Unknown thread" [_thread_in_native, id=13752, stack(0x000000001f850000,0x000000001f950000)]
  0x000000001ee94000 JavaThread "Unknown thread" [_thread_blocked, id=9512, stack(0x000000001f750000,0x000000001f850000)]
  0x000000001ee87000 JavaThread "Unknown thread" [_thread_blocked, id=3076, stack(0x000000001f650000,0x000000001f750000)]
  0x000000001ee27800 JavaThread "Unknown thread" [_thread_blocked, id=12808, stack(0x000000001f550000,0x000000001f650000)]
  0x000000001ee83800 JavaThread "Unknown thread" [_thread_blocked, id=10648, stack(0x000000001f450000,0x000000001f550000)]
  0x000000001ee11000 JavaThread "Unknown thread" [_thread_blocked, id=6840, stack(0x000000001f2f0000,0x000000001f3f0000)]
  0x000000001cfed800 JavaThread "Unknown thread" [_thread_blocked, id=8968, stack(0x000000001f1f0000,0x000000001f2f0000)]
  0x0000000003482800 JavaThread "Unknown thread" [_thread_blocked, id=1388, stack(0x0000000002ff0000,0x00000000030f0000)]

Other Threads:
  0x000000001cfe9000 VMThread [stack: 0x000000001ecf0000,0x000000001edf0000] [id=11224]
  0x000000001ef67800 WatcherThread [stack: 0x000000001fe50000,0x000000001ff50000] [id=4828]

VM state:at safepoint (normal execution)

VM Mutex/Monitor currently owned by a thread:  ([mutex/lock_event])
[0x0000000002fedad0] Threads_lock - owner thread: 0x000000001cfe9000
[0x0000000003480950] Heap_lock - owner thread: 0x0000000003482800

Heap:
 PSYoungGen      total 76288K, used 10732K [0x000000076b400000, 0x0000000770900000, 0x00000007c0000000)
  eden space 65536K, 0% used [0x000000076b400000,0x000000076b400000,0x000000076f400000)
  from space 10752K, 99% used [0x000000076fe80000,0x00000007708fb080,0x0000000770900000)
  to   space 10752K, 0% used [0x000000076f400000,0x000000076f400000,0x000000076fe80000)
 ParOldGen       total 175104K, used 4512K [0x00000006c1c00000, 0x00000006cc700000, 0x000000076b400000)
  object space 175104K, 2% used [0x00000006c1c00000,0x00000006c2068250,0x00000006cc700000)
 Metaspace       used 20688K, capacity 21182K, committed 21296K, reserved 1069056K
  class space    used 2424K, capacity 2589K, committed 2608K, reserved 1048576K

Card table byte_map: [0x0000000012940000,0x0000000013140000] byte_map_base: 0x000000000f332000

Marking Bits: (ParMarkBitMap*) 0x0000000064243e30
 Begin Bits: [0x0000000013e90000, 0x0000000017e20000)
 End Bits:   [0x0000000017e20000, 0x000000001bdb0000)

Polling page: 0x0000000001690000

CodeCache: size=245760Kb used=10689Kb max_used=11933Kb free=235070Kb
 bounds [0x0000000003580000, 0x0000000004140000, 0x0000000012580000]
 total_blobs=3436 nmethods=3065 adapters=291
 compilation: enabled

Compilation events (10 events):
Event: 6.290 Thread 0x000000001eeba000 3537       1       com.sun.jmx.mbeanserver.PerInterface::access$100 (5 bytes)
Event: 6.290 Thread 0x000000001eeba000 nmethod 3537 0x0000000003c0e550 code [0x0000000003c0e6a0, 0x0000000003c0e790]
Event: 6.291 Thread 0x000000001eeba000 3538       3       java.util.TreeMap::<init> (20 bytes)
Event: 6.292 Thread 0x000000001eeba000 nmethod 3538 0x0000000003e4af90 code [0x0000000003e4b100, 0x0000000003e4b330]
Event: 6.292 Thread 0x000000001eeba000 3539       3       javax.management.ImmutableDescriptor::findNonEmpty (27 bytes)
Event: 6.292 Thread 0x000000001eeba000 nmethod 3539 0x0000000003767790 code [0x0000000003767900, 0x0000000003767ba8]
Event: 6.292 Thread 0x000000001eeba000 3540       3       javax.management.ImmutableDescriptor::isEmpty (46 bytes)
Event: 6.292 Thread 0x000000001eeba000 nmethod 3540 0x000000000380d490 code [0x000000000380d640, 0x000000000380dd08]
Event: 6.293 Thread 0x000000001eeba000 3541       1       javax.management.MBeanFeatureInfo::getName (5 bytes)
Event: 6.293 Thread 0x000000001eeba000 nmethod 3541 0x00000000037674d0 code [0x0000000003767620, 0x0000000003767730]

GC Heap History (9 events):
Event: 2.598 GC heap before
{Heap before GC invocations=1 (full 0):
 PSYoungGen      total 76288K, used 65536K [0x000000076b400000, 0x0000000770900000, 0x00000007c0000000)
  eden space 65536K, 100% used [0x000000076b400000,0x000000076f400000,0x000000076f400000)
  from space 10752K, 0% used [0x000000076fe80000,0x000000076fe80000,0x0000000770900000)
  to   space 10752K, 0% used [0x000000076f400000,0x000000076f400000,0x000000076fe80000)
 ParOldGen       total 175104K, used 0K [0x00000006c1c00000, 0x00000006cc700000, 0x000000076b400000)
  object space 175104K, 0% used [0x00000006c1c00000,0x00000006c1c00000,0x00000006cc700000)
 Metaspace       used 11983K, capacity 12154K, committed 12416K, reserved 1060864K
  class space    used 1507K, capacity 1577K, committed 1664K, reserved 1048576K
Event: 2.614 GC heap after
Heap after GC invocations=1 (full 0):
 PSYoungGen      total 76288K, used 10507K [0x000000076b400000, 0x0000000770900000, 0x00000007c0000000)
  eden space 65536K, 0% used [0x000000076b400000,0x000000076b400000,0x000000076f400000)
  from space 10752K, 97% used [0x000000076f400000,0x000000076fe42f60,0x000000076fe80000)
  to   space 10752K, 0% used [0x000000076fe80000,0x000000076fe80000,0x0000000770900000)
 ParOldGen       total 175104K, used 8K [0x00000006c1c00000, 0x00000006cc700000, 0x000000076b400000)
  object space 175104K, 0% used [0x00000006c1c00000,0x00000006c1c02000,0x00000006cc700000)
 Metaspace       used 11983K, capacity 12154K, committed 12416K, reserved 1060864K
  class space    used 1507K, capacity 1577K, committed 1664K, reserved 1048576K
}
Event: 4.247 GC heap before
{Heap before GC invocations=2 (full 0):
 PSYoungGen      total 76288K, used 76043K [0x000000076b400000, 0x0000000770900000, 0x00000007c0000000)
  eden space 65536K, 100% used [0x000000076b400000,0x000000076f400000,0x000000076f400000)
  from space 10752K, 97% used [0x000000076f400000,0x000000076fe42f60,0x000000076fe80000)
  to   space 10752K, 0% used [0x000000076fe80000,0x000000076fe80000,0x0000000770900000)
 ParOldGen       total 175104K, used 8K [0x00000006c1c00000, 0x00000006cc700000, 0x000000076b400000)
  object space 175104K, 0% used [0x00000006c1c00000,0x00000006c1c02000,0x00000006cc700000)
 Metaspace       used 15656K, capacity 15872K, committed 16128K, reserved 1062912K
  class space    used 1864K, capacity 1946K, committed 2048K, reserved 1048576K
Event: 4.268 GC heap after
Heap after GC invocations=2 (full 0):
 PSYoungGen      total 76288K, used 9898K [0x000000076b400000, 0x0000000770900000, 0x00000007c0000000)
  eden space 65536K, 0% used [0x000000076b400000,0x000000076b400000,0x000000076f400000)
  from space 10752K, 92% used [0x000000076fe80000,0x000000077082a8e0,0x0000000770900000)
  to   space 10752K, 0% used [0x000000076f400000,0x000000076f400000,0x000000076fe80000)
 ParOldGen       total 175104K, used 16K [0x00000006c1c00000, 0x00000006cc700000, 0x000000076b400000)
  object space 175104K, 0% used [0x00000006c1c00000,0x00000006c1c04000,0x00000006cc700000)
 Metaspace       used 15656K, capacity 15872K, committed 16128K, reserved 1062912K
  class space    used 1864K, capacity 1946K, committed 2048K, reserved 1048576K
}
Event: 5.181 GC heap before
{Heap before GC invocations=3 (full 0):
 PSYoungGen      total 76288K, used 75434K [0x000000076b400000, 0x0000000770900000, 0x00000007c0000000)
  eden space 65536K, 100% used [0x000000076b400000,0x000000076f400000,0x000000076f400000)
  from space 10752K, 92% used [0x000000076fe80000,0x000000077082a8e0,0x0000000770900000)
  to   space 10752K, 0% used [0x000000076f400000,0x000000076f400000,0x000000076fe80000)
 ParOldGen       total 175104K, used 16K [0x00000006c1c00000, 0x00000006cc700000, 0x000000076b400000)
  object space 175104K, 0% used [0x00000006c1c00000,0x00000006c1c04000,0x00000006cc700000)
 Metaspace       used 17215K, capacity 17734K, committed 18048K, reserved 1064960K
  class space    used 1999K, capacity 2165K, committed 2176K, reserved 1048576K
Event: 5.193 GC heap after
Heap after GC invocations=3 (full 0):
 PSYoungGen      total 76288K, used 10731K [0x000000076b400000, 0x0000000770900000, 0x00000007c0000000)
  eden space 65536K, 0% used [0x000000076b400000,0x000000076b400000,0x000000076f400000)
  from space 10752K, 99% used [0x000000076f400000,0x000000076fe7ae08,0x000000076fe80000)
  to   space 10752K, 0% used [0x000000076fe80000,0x000000076fe80000,0x0000000770900000)
 ParOldGen       total 175104K, used 1408K [0x00000006c1c00000, 0x00000006cc700000, 0x000000076b400000)
  object space 175104K, 0% used [0x00000006c1c00000,0x00000006c1d60380,0x00000006cc700000)
 Metaspace       used 17215K, capacity 17734K, committed 18048K, reserved 1064960K
  class space    used 1999K, capacity 2165K, committed 2176K, reserved 1048576K
}
Event: 6.294 GC heap before
{Heap before GC invocations=4 (full 0):
 PSYoungGen      total 76288K, used 36990K [0x000000076b400000, 0x0000000770900000, 0x00000007c0000000)
  eden space 65536K, 40% used [0x000000076b400000,0x000000076cda4c18,0x000000076f400000)
  from space 10752K, 99% used [0x000000076f400000,0x000000076fe7ae08,0x000000076fe80000)
  to   space 10752K, 0% used [0x000000076fe80000,0x000000076fe80000,0x0000000770900000)
 ParOldGen       total 175104K, used 1408K [0x00000006c1c00000, 0x00000006cc700000, 0x000000076b400000)
  object space 175104K, 0% used [0x00000006c1c00000,0x00000006c1d60380,0x00000006cc700000)
 Metaspace       used 20688K, capacity 21182K, committed 21296K, reserved 1069056K
  class space    used 2424K, capacity 2589K, committed 2608K, reserved 1048576K
Event: 6.320 GC heap after
Heap after GC invocations=4 (full 0):
 PSYoungGen      total 76288K, used 10732K [0x000000076b400000, 0x0000000770900000, 0x00000007c0000000)
  eden space 65536K, 0% used [0x000000076b400000,0x000000076b400000,0x000000076f400000)
  from space 10752K, 99% used [0x000000076fe80000,0x00000007708fb080,0x0000000770900000)
  to   space 10752K, 0% used [0x000000076f400000,0x000000076f400000,0x000000076fe80000)
 ParOldGen       total 175104K, used 4512K [0x00000006c1c00000, 0x00000006cc700000, 0x000000076b400000)
  object space 175104K, 2% used [0x00000006c1c00000,0x00000006c2068250,0x00000006cc700000)
 Metaspace       used 20688K, capacity 21182K, committed 21296K, reserved 1069056K
  class space    used 2424K, capacity 2589K, committed 2608K, reserved 1048576K
}
Event: 6.320 GC heap before
{Heap before GC invocations=5 (full 1):
 PSYoungGen      total 76288K, used 10732K [0x000000076b400000, 0x0000000770900000, 0x00000007c0000000)
  eden space 65536K, 0% used [0x000000076b400000,0x000000076b400000,0x000000076f400000)
  from space 10752K, 99% used [0x000000076fe80000,0x00000007708fb080,0x0000000770900000)
  to   space 10752K, 0% used [0x000000076f400000,0x000000076f400000,0x000000076fe80000)
 ParOldGen       total 175104K, used 4512K [0x00000006c1c00000, 0x00000006cc700000, 0x000000076b400000)
  object space 175104K, 2% used [0x00000006c1c00000,0x00000006c2068250,0x00000006cc700000)
 Metaspace       used 20688K, capacity 21182K, committed 21296K, reserved 1069056K
  class space    used 2424K, capacity 2589K, committed 2608K, reserved 1048576K

Deoptimization events (10 events):
Event: 6.223 Thread 0x0000000003482800 Uncommon trap: reason=class_check action=maybe_recompile pc=0x0000000003d26068 method=java.util.Hashtable.get(Ljava/lang/Object;)Ljava/lang/Object; @ 6
Event: 6.224 Thread 0x0000000003482800 Uncommon trap: reason=class_check action=maybe_recompile pc=0x0000000003d09cd0 method=java.util.Hashtable.put(Ljava/lang/Object;Ljava/lang/Object;)Ljava/lang/Object; @ 18
Event: 6.224 Thread 0x0000000003482800 Uncommon trap: reason=class_check action=maybe_recompile pc=0x0000000003d26068 method=java.util.Hashtable.get(Ljava/lang/Object;)Ljava/lang/Object; @ 6
Event: 6.224 Thread 0x0000000003482800 Uncommon trap: reason=class_check action=maybe_recompile pc=0x0000000003d26068 method=java.util.Hashtable.get(Ljava/lang/Object;)Ljava/lang/Object; @ 6
Event: 6.225 Thread 0x0000000003482800 Uncommon trap: reason=class_check action=maybe_recompile pc=0x0000000003d09cd0 method=java.util.Hashtable.put(Ljava/lang/Object;Ljava/lang/Object;)Ljava/lang/Object; @ 18
Event: 6.226 Thread 0x0000000003482800 Uncommon trap: reason=class_check action=maybe_recompile pc=0x0000000003d26068 method=java.util.Hashtable.get(Ljava/lang/Object;)Ljava/lang/Object; @ 6
Event: 6.249 Thread 0x0000000003482800 Uncommon trap: reason=class_check action=maybe_recompile pc=0x0000000003818440 method=java.util.concurrent.locks.AbstractQueuedSynchronizer.release(I)Z @ 2
Event: 6.260 Thread 0x0000000003482800 Uncommon trap: reason=unstable_if action=reinterpret pc=0x0000000003c06d38 method=java.lang.reflect.Field.get(Ljava/lang/Object;)Ljava/lang/Object; @ 4
Event: 6.264 Thread 0x0000000003482800 Uncommon trap: reason=class_check action=maybe_recompile pc=0x0000000003818440 method=java.util.concurrent.locks.AbstractQueuedSynchronizer.release(I)Z @ 2
Event: 6.265 Thread 0x0000000003482800 Uncommon trap: reason=class_check action=maybe_recompile pc=0x0000000003818440 method=java.util.concurrent.locks.AbstractQueuedSynchronizer.release(I)Z @ 2

Classes redefined (0 events):
No events

Internal exceptions (10 events):
Event: 3.127 Thread 0x0000000003482800 Exception <a 'java/lang/NullPointerException'> (0x000000076bd55278) thrown at [C:\re\workspace\8-2-build-windows-amd64-cygwin\jdk8u191\11896\hotspot\src\share\vm\interpreter\linkResolver.cpp, line 1185]
Event: 3.129 Thread 0x0000000003482800 Exception <a 'java/lang/NullPointerException'> (0x000000076bd65510) thrown at [C:\re\workspace\8-2-build-windows-amd64-cygwin\jdk8u191\11896\hotspot\src\share\vm\interpreter\linkResolver.cpp, line 1185]
Event: 3.129 Thread 0x0000000003482800 Exception <a 'java/lang/NullPointerException'> (0x000000076bd65728) thrown at [C:\re\workspace\8-2-build-windows-amd64-cygwin\jdk8u191\11896\hotspot\src\share\vm\interpreter\linkResolver.cpp, line 1185]
Event: 3.129 Thread 0x0000000003482800 Exception <a 'java/lang/NullPointerException'> (0x000000076bd65940) thrown at [C:\re\workspace\8-2-build-windows-amd64-cygwin\jdk8u191\11896\hotspot\src\share\vm\interpreter\linkResolver.cpp, line 1185]
Event: 3.560 Thread 0x0000000003482800 Implicit null exception at 0x0000000003be9ec5 to 0x0000000003bea3d1
Event: 3.587 Thread 0x0000000003482800 Implicit null exception at 0x000000000393eb94 to 0x000000000393ee29
Event: 3.609 Thread 0x0000000003482800 Implicit null exception at 0x0000000003a1c27e to 0x0000000003a1caa1
Event: 4.843 Thread 0x0000000003482800 Implicit null exception at 0x0000000004018927 to 0x000000000401a595
Event: 4.843 Thread 0x0000000003482800 Implicit null exception at 0x0000000004008189 to 0x0000000004009c65
Event: 5.441 Thread 0x0000000003482800 Exception <a 'java/io/FileNotFoundException'> (0x000000076c116a00) thrown at [C:\re\workspace\8-2-build-windows-amd64-cygwin\jdk8u191\11896\hotspot\src\share\vm\prims\jni.cpp, line 709]

Events (10 events):
Event: 6.292 loading class javax/management/MBeanInfo$ArrayGettersSafeAction done
Event: 6.293 loading class java/lang/management/BufferPoolMXBean
Event: 6.293 loading class java/lang/management/BufferPoolMXBean done
Event: 6.293 loading class java/nio/Bits$1$1
Event: 6.293 loading class sun/misc/JavaNioAccess$BufferPool
Event: 6.293 loading class sun/misc/JavaNioAccess$BufferPool done
Event: 6.293 loading class java/nio/Bits$1$1 done
Event: 6.294 loading class sun/management/ManagementFactoryHelper$1
Event: 6.294 loading class sun/management/ManagementFactoryHelper$1 done
Event: 6.294 Executing VM operation: CollectForMetadataAllocation


Dynamic libraries:
0x00007ff6d85f0000 - 0x00007ff6d8627000 	C:\java\JDK\bin\java.exe
0x00007ff913a50000 - 0x00007ff913c3d000 	C:\Windows\SYSTEM32\ntdll.dll
0x00007ff913960000 - 0x00007ff913a13000 	C:\Windows\System32\KERNEL32.DLL
0x00007ff9108b0000 - 0x00007ff910b43000 	C:\Windows\System32\KERNELBASE.dll
0x00007ff911bb0000 - 0x00007ff911c53000 	C:\Windows\System32\ADVAPI32.dll
0x00007ff910cb0000 - 0x00007ff910d4e000 	C:\Windows\System32\msvcrt.dll
0x00007ff9132f0000 - 0x00007ff91338e000 	C:\Windows\System32\sechost.dll
0x00007ff910db0000 - 0x00007ff910ed2000 	C:\Windows\System32\RPCRT4.dll
0x00007ff9137c0000 - 0x00007ff913957000 	C:\Windows\System32\USER32.dll
0x00007ff9105f0000 - 0x00007ff910610000 	C:\Windows\System32\win32u.dll
0x00007ff910c80000 - 0x00007ff910ca9000 	C:\Windows\System32\GDI32.dll
0x00007ff910710000 - 0x00007ff9108a9000 	C:\Windows\System32\gdi32full.dll
0x00007ff910be0000 - 0x00007ff910c80000 	C:\Windows\System32\msvcp_win.dll
0x00007ff910610000 - 0x00007ff91070a000 	C:\Windows\System32\ucrtbase.dll
0x00007ff902ba0000 - 0x00007ff902e19000 	C:\Windows\WinSxS\amd64_microsoft.windows.common-controls_6595b64144ccf1df_6.0.17763.615_none_05b4414a072024d4\COMCTL32.dll
0x00007ff910f40000 - 0x00007ff91126c000 	C:\Windows\System32\combase.dll
0x00007ff910570000 - 0x00007ff9105ee000 	C:\Windows\System32\bcryptPrimitives.dll
0x00007ff913290000 - 0x00007ff9132be000 	C:\Windows\System32\IMM32.DLL
0x0000000066840000 - 0x0000000066912000 	C:\java\JDK\jre\bin\msvcr100.dll
0x0000000063a20000 - 0x00000000642c4000 	C:\java\JDK\jre\bin\server\jvm.dll
0x00007ff9134f0000 - 0x00007ff9134f8000 	C:\Windows\System32\PSAPI.DLL
0x00007ff8fac10000 - 0x00007ff8fac19000 	C:\Windows\SYSTEM32\WSOCK32.dll
0x00007ff9115e0000 - 0x00007ff91164d000 	C:\Windows\System32\WS2_32.dll
0x00007ff90dbb0000 - 0x00007ff90dbd4000 	C:\Windows\SYSTEM32\WINMM.dll
0x00007ff90a4c0000 - 0x00007ff90a4ca000 	C:\Windows\SYSTEM32\VERSION.dll
0x00007ff90da90000 - 0x00007ff90dabd000 	C:\Windows\SYSTEM32\WINMMBASE.dll
0x00007ff910320000 - 0x00007ff91036a000 	C:\Windows\System32\cfgmgr32.dll
0x0000000066830000 - 0x000000006683f000 	C:\java\JDK\jre\bin\verify.dll
0x0000000066800000 - 0x0000000066829000 	C:\java\JDK\jre\bin\java.dll
0x00000000655d0000 - 0x0000000065605000 	C:\java\JDK\jre\bin\jdwp.dll
0x00000000655c0000 - 0x00000000655c8000 	C:\java\JDK\jre\bin\npt.dll
0x00000000667e0000 - 0x00000000667f6000 	C:\java\JDK\jre\bin\zip.dll
0x00007ff911da0000 - 0x00007ff913290000 	C:\Windows\System32\SHELL32.dll
0x00007ff9136b0000 - 0x00007ff913758000 	C:\Windows\System32\shcore.dll
0x00007ff90fbd0000 - 0x00007ff91031a000 	C:\Windows\System32\windows.storage.dll
0x00007ff90fa70000 - 0x00007ff90fa94000 	C:\Windows\System32\profapi.dll
0x00007ff90fac0000 - 0x00007ff90fb1d000 	C:\Windows\System32\powrprof.dll
0x00007ff910d50000 - 0x00007ff910da2000 	C:\Windows\System32\shlwapi.dll
0x00007ff90fa50000 - 0x00007ff90fa61000 	C:\Windows\System32\kernel.appcore.dll
0x00007ff910550000 - 0x00007ff910567000 	C:\Windows\System32\cryptsp.dll
0x0000000065580000 - 0x0000000065589000 	C:\java\JDK\jre\bin\dt_socket.dll
0x00007ff90f2c0000 - 0x00007ff90f327000 	C:\Windows\system32\mswsock.dll
0x00000000667c0000 - 0x00000000667da000 	C:\java\JDK\jre\bin\net.dll
0x0000000066790000 - 0x00000000667a1000 	C:\java\JDK\jre\bin\nio.dll
0x00007ff90ee20000 - 0x00007ff90ee53000 	C:\Windows\system32\rsaenh.dll
0x00007ff910bb0000 - 0x00007ff910bd6000 	C:\Windows\System32\bcrypt.dll
0x00007ff90f980000 - 0x00007ff90f9a8000 	C:\Windows\SYSTEM32\USERENV.dll
0x00007ff90f490000 - 0x00007ff90f49c000 	C:\Windows\SYSTEM32\CRYPTBASE.dll
0x00007ff90f020000 - 0x00007ff90f05d000 	C:\Windows\SYSTEM32\IPHLPAPI.DLL
0x00007ff911d90000 - 0x00007ff911d98000 	C:\Windows\System32\NSI.dll
0x00007ff9015f0000 - 0x00007ff901606000 	C:\Windows\SYSTEM32\dhcpcsvc6.DLL
0x00007ff9015d0000 - 0x00007ff9015ec000 	C:\Windows\SYSTEM32\dhcpcsvc.DLL
0x00007ff90f060000 - 0x00007ff90f126000 	C:\Windows\SYSTEM32\DNSAPI.dll
0x00000000667b0000 - 0x00000000667bd000 	C:\java\JDK\jre\bin\management.dll

VM Arguments:
jvm_args: -agentlib:jdwp=transport=dt_socket,address=127.0.0.1:61469,suspend=y,server=n -Dmaven.multiModuleProjectDirectory=D:\IdeaProjects\GITÏîÄ¿\Groupprojects\Health_Parent\Health_Service_Provider -DarchetypeCatalog=internal -Dmaven.home=D:\software\DevelopTools\Maven\apache-maven-3.3.9 -Dclassworlds.conf=D:\software\DevelopTools\Maven\apache-maven-3.3.9\bin\m2.conf -Dfile.encoding=UTF-8 
java_command: org.codehaus.classworlds.Launcher -Didea.version=2017.3.2 -s D:\software\DevelopTools\Maven\apache-maven-3.3.9\conf\settings.xml -Dmaven.repo.local=D:\software\DevelopTools\repository_boot tomcat7:run
java_class_path (initial): D:\software\DevelopTools\Maven\apache-maven-3.3.9\boot\plexus-classworlds-2.5.2.jar;D:\software\DevelopTools\IntelliJ IDEA 2017.3.2\lib\idea_rt.jar
Launcher Type: SUN_STANDARD

Environment Variables:
JAVA_HOME=C:\java\JDK
PATH=C:\Program Files (x86)\Common Files\Oracle\Java\javapath;C:\ProgramData\Oracle\Java\javapath;D:\software\DevelopTools\Xshell\;D:\software\DevelopTools\Xftp\;C:\java\JDK\bin;C:\Windows\system32;C:\Windows;C:\Windows\System32\Wbem;C:\Windows\System32\WindowsPowerShell\v1.0\;C:\Windows\System32\OpenSSH\;C:\Program Files\Intel\WiFi\bin\;C:\Program Files\Common Files\Intel\WirelessCommon\;C:\Program Files (x86)\NVIDIA Corporation\PhysX\Common;C:\Program Files\NVIDIA Corporation\NVIDIA NvDLISR;C:\Program Files (x86)\Intel\Intel(R) Management Engine Components\DAL;C:\Program Files\Intel\Intel(R) Management Engine Components\DAL;D:\software\bin;D:\software\Mysql\bin;C:\Program Files (x86)\MySQL\MySQL Server 5.5\bin;D:\software\DevelopTools\Tomcat\apache-tomcat-8.5.5\bin;D:\software\DevelopTools\Maven\apache-maven-3.3.9\\bin;D:\software\DevelopTools\Node.js\;D:\software\DevelopTools\Git\Git\cmd;C:\Program Files\TortoiseGit\bin;C:\Users\32993\AppData\Local\Microsoft\WindowsApps;C:\Users\32993\AppData\Roaming\npm;C:\Users\32993\AppData\Local\GitHubDesktop\bin
USERNAME=32993
OS=Windows_NT
PROCESSOR_IDENTIFIER=Intel64 Family 6 Model 142 Stepping 10, GenuineIntel



---------------  S Y S T E M  ---------------

OS: Windows 10.0 , 64 bit Build 17763 (10.0.17763.475)

CPU:total 8 (initial active 8) (4 cores per cpu, 2 threads per core) family 6 model 142 stepping 10, cmov, cx8, fxsr, mmx, sse, sse2, sse3, ssse3, sse4.1, sse4.2, popcnt, avx, avx2, aes, clmul, erms, 3dnowpref, lzcnt, ht, tsc, tscinvbit, bmi1, bmi2, adx

Memory: 4k page, physical 16658152k(8558508k free), swap 27143908k(5128k free)

vm_info: Java HotSpot(TM) 64-Bit Server VM (25.191-b12) for windows-amd64 JRE (1.8.0_191-b12), built on Oct  6 2018 09:29:03 by "java_re" with MS VC++ 10.0 (VS2010)

time: Sun Jul 21 21:23:00 2019
elapsed time: 6 seconds (0d 0h 0m 6s)

