#
# There is insufficient memory for the Java Runtime Environment to continue.
# Native memory allocation (malloc) failed to allocate 32744 bytes for ChunkPool::allocate
# Possible reasons:
#   The system is out of physical RAM or swap space
#   In 32 bit mode, the process size limit was hit
# Possible solutions:
#   Reduce memory load on the system
#   Increase physical memory or swap space
#   Check if swap backing store is full
#   Use 64 bit Java on a 64 bit OS
#   Decrease Java heap size (-Xmx/-Xms)
#   Decrease number of Java threads
#   Decrease Java thread stack sizes (-Xss)
#   Set larger code cache with -XX:ReservedCodeCacheSize=
# This output file may be truncated or incomplete.
#
#  Out of Memory Error (allocation.cpp:273), pid=12452, tid=0x0000000000001210
#
# JRE version: Java(TM) SE Runtime Environment (8.0_191-b12) (build 1.8.0_191-b12)
# Java VM: Java HotSpot(TM) 64-Bit Server VM (25.191-b12 mixed mode windows-amd64 compressed oops)
# Failed to write core dump. Minidumps are not enabled by default on client versions of Windows
#

---------------  T H R E A D  ---------------

Current thread (0x000000001eb2c800):  JavaThread "C2 CompilerThread1" daemon [_thread_in_native, id=4624, stack(0x000000001f600000,0x000000001f700000)]

Stack: [0x000000001f600000,0x000000001f700000]
[error occurred during error reporting (printing stack bounds), id 0xc0000005]

Native frames: (J=compiled Java code, j=interpreted, Vv=VM code, C=native code)


Current CompileTask:
C2:   5903 4202   !   4       org.apache.catalina.startup.ContextConfig::populateJavaClassCache (159 bytes)


---------------  P R O C E S S  ---------------

Java Threads: ( => current thread )
  0x0000000024a79000 JavaThread "localhost-startStop-1" daemon [_thread_in_native, id=2516, stack(0x0000000023cf0000,0x0000000023df0000)]
  0x0000000027530800 JavaThread "Tomcat-startStop-1" daemon [_thread_blocked, id=1740, stack(0x0000000023920000,0x0000000023a20000)]
  0x000000001eb27800 JavaThread "Service Thread" daemon [_thread_blocked, id=3000, stack(0x000000001f900000,0x000000001fa00000)]
  0x000000001eb2e000 JavaThread "C1 CompilerThread3" daemon [_thread_blocked, id=12704, stack(0x000000001f800000,0x000000001f900000)]
  0x000000001eb2d000 JavaThread "C2 CompilerThread2" daemon [_thread_blocked, id=11216, stack(0x000000001f700000,0x000000001f800000)]
=>0x000000001eb2c800 JavaThread "C2 CompilerThread1" daemon [_thread_in_native, id=4624, stack(0x000000001f600000,0x000000001f700000)]
  0x000000001eb23800 JavaThread "C2 CompilerThread0" daemon [_thread_in_native, id=8720, stack(0x000000001f500000,0x000000001f600000)]
  0x000000001eaa6800 JavaThread "JDWP Command Reader" daemon [_thread_in_native, id=7384, stack(0x000000001f400000,0x000000001f500000)]
  0x000000001eaa3000 JavaThread "JDWP Event Helper Thread" daemon [_thread_blocked, id=2804, stack(0x000000001f300000,0x000000001f400000)]
  0x000000001ea98000 JavaThread "JDWP Transport Listener: dt_socket" daemon [_thread_blocked, id=12292, stack(0x000000001f200000,0x000000001f300000)]
  0x000000001ea38000 JavaThread "Attach Listener" daemon [_thread_blocked, id=8172, stack(0x000000001f100000,0x000000001f200000)]
  0x000000001ea37000 JavaThread "Signal Dispatcher" daemon [_thread_blocked, id=1304, stack(0x000000001f000000,0x000000001f100000)]
  0x000000001ea21800 JavaThread "Finalizer" daemon [_thread_blocked, id=2908, stack(0x000000001ef00000,0x000000001f000000)]
  0x000000001ea20800 JavaThread "Reference Handler" daemon [_thread_blocked, id=14040, stack(0x000000001ee00000,0x000000001ef00000)]
  0x0000000003112800 JavaThread "main" [_thread_blocked, id=10136, stack(0x0000000002ad0000,0x0000000002bd0000)]

Other Threads:
  0x000000001cc29800 VMThread [stack: 0x000000001e900000,0x000000001ea00000] [id=10460]
  0x000000001ebe3000 WatcherThread [stack: 0x000000001fa00000,0x000000001fb00000] [id=5056]

VM state:not at safepoint (normal execution)

VM Mutex/Monitor currently owned by a thread: None

Heap:
 PSYoungGen      total 339968K, used 120716K [0x000000076b400000, 0x0000000783d00000, 0x00000007c0000000)
  eden space 296960K, 26% used [0x000000076b400000,0x000000076ffe93e0,0x000000077d600000)
  from space 43008K, 99% used [0x000000077d600000,0x000000077fff9d68,0x0000000780000000)
  to   space 34816K, 0% used [0x0000000780000000,0x0000000780000000,0x0000000782200000)
 ParOldGen       total 119296K, used 60164K [0x00000006c1c00000, 0x00000006c9080000, 0x000000076b400000)
  object space 119296K, 50% used [0x00000006c1c00000,0x00000006c56c1228,0x00000006c9080000)
 Metaspace       used 24253K, capacity 24882K, committed 25088K, reserved 1071104K
  class space    used 2800K, capacity 2968K, committed 3072K, reserved 1048576K

Card table byte_map: [0x00000000125d0000,0x0000000012dd0000] byte_map_base: 0x000000000efc2000

Marking Bits: (ParMarkBitMap*) 0x0000000063453e30
 Begin Bits: [0x0000000013b20000, 0x0000000017ab0000)
 End Bits:   [0x0000000017ab0000, 0x000000001ba40000)

Polling page: 0x00000000009c0000

CodeCache: size=245760Kb used=13126Kb max_used=16333Kb free=232633Kb
 bounds [0x0000000003210000, 0x0000000004270000, 0x0000000012210000]
 total_blobs=3906 nmethods=3518 adapters=308
 compilation: enabled

Compilation events (10 events):
Event: 5.857 Thread 0x000000001eb2d000 4213       4       java.util.LinkedHashMap::get (33 bytes)
Event: 5.865 Thread 0x000000001eb2d000 nmethod 4213 0x00000000038ae850 code [0x00000000038ae9c0, 0x00000000038af1a8]
Event: 5.865 Thread 0x000000001eb2d000 4220       4       java.util.LinkedHashMap::afterNodeInsertion (40 bytes)
Event: 5.873 Thread 0x000000001eb2d000 nmethod 4220 0x0000000003421750 code [0x00000000034218e0, 0x0000000003422358]
Event: 5.873 Thread 0x000000001eb2d000 4219       4       sun.nio.cs.ext.DoubleByte$Encoder::encode (161 bytes)
Event: 5.882 Thread 0x000000001eb2d000 nmethod 4219 0x0000000003447b10 code [0x0000000003447c60, 0x00000000034483b8]
Event: 5.882 Thread 0x000000001eb2d000 4208       4       java.util.LinkedHashMap::afterNodeAccess (116 bytes)
Event: 5.883 Thread 0x000000001eb2d000 nmethod 4208 0x00000000034bcb50 code [0x00000000034bcca0, 0x00000000034bce78]
Event: 5.890 Thread 0x000000001eb2d000 4222       4       java.util.HashMap::putMapEntries (154 bytes)
Event: 5.896 Thread 0x000000001eb2d000 nmethod 4222 0x00000000033945d0 code [0x0000000003394780, 0x0000000003394db8]

GC Heap History (10 events):
Event: 3.844 GC heap before
{Heap before GC invocations=6 (full 1):
 PSYoungGen      total 141824K, used 131072K [0x000000076b400000, 0x0000000774900000, 0x00000007c0000000)
  eden space 131072K, 100% used [0x000000076b400000,0x0000000773400000,0x0000000773400000)
  from space 10752K, 0% used [0x0000000773e80000,0x0000000773e80000,0x0000000774900000)
  to   space 10752K, 0% used [0x0000000773400000,0x0000000773400000,0x0000000773e80000)
 ParOldGen       total 119296K, used 13936K [0x00000006c1c00000, 0x00000006c9080000, 0x000000076b400000)
  object space 119296K, 11% used [0x00000006c1c00000,0x00000006c299c190,0x00000006c9080000)
 Metaspace       used 24210K, capacity 24848K, committed 24960K, reserved 1071104K
  class space    used 2797K, capacity 2934K, committed 2944K, reserved 1048576K
Event: 3.856 GC heap after
Heap after GC invocations=6 (full 1):
 PSYoungGen      total 141824K, used 10748K [0x000000076b400000, 0x0000000779800000, 0x00000007c0000000)
  eden space 131072K, 0% used [0x000000076b400000,0x000000076b400000,0x0000000773400000)
  from space 10752K, 99% used [0x0000000773400000,0x0000000773e7f0a0,0x0000000773e80000)
  to   space 20480K, 0% used [0x0000000778400000,0x0000000778400000,0x0000000779800000)
 ParOldGen       total 119296K, used 23395K [0x00000006c1c00000, 0x00000006c9080000, 0x000000076b400000)
  object space 119296K, 19% used [0x00000006c1c00000,0x00000006c32d8c80,0x00000006c9080000)
 Metaspace       used 24210K, capacity 24848K, committed 24960K, reserved 1071104K
  class space    used 2797K, capacity 2934K, committed 2944K, reserved 1048576K
}
Event: 4.254 GC heap before
{Heap before GC invocations=7 (full 1):
 PSYoungGen      total 141824K, used 141820K [0x000000076b400000, 0x0000000779800000, 0x00000007c0000000)
  eden space 131072K, 100% used [0x000000076b400000,0x0000000773400000,0x0000000773400000)
  from space 10752K, 99% used [0x0000000773400000,0x0000000773e7f0a0,0x0000000773e80000)
  to   space 20480K, 0% used [0x0000000778400000,0x0000000778400000,0x0000000779800000)
 ParOldGen       total 119296K, used 23395K [0x00000006c1c00000, 0x00000006c9080000, 0x000000076b400000)
  object space 119296K, 19% used [0x00000006c1c00000,0x00000006c32d8c80,0x00000006c9080000)
 Metaspace       used 24216K, capacity 24848K, committed 24960K, reserved 1071104K
  class space    used 2797K, capacity 2934K, committed 2944K, reserved 1048576K
Event: 4.270 GC heap after
Heap after GC invocations=7 (full 1):
 PSYoungGen      total 207360K, used 20464K [0x000000076b400000, 0x000000077b100000, 0x00000007c0000000)
  eden space 186880K, 0% used [0x000000076b400000,0x000000076b400000,0x0000000776a80000)
  from space 20480K, 99% used [0x0000000778400000,0x00000007797fc218,0x0000000779800000)
  to   space 26112K, 0% used [0x0000000776a80000,0x0000000776a80000,0x0000000778400000)
 ParOldGen       total 119296K, used 28601K [0x00000006c1c00000, 0x00000006c9080000, 0x000000076b400000)
  object space 119296K, 23% used [0x00000006c1c00000,0x00000006c37ee760,0x00000006c9080000)
 Metaspace       used 24216K, capacity 24848K, committed 24960K, reserved 1071104K
  class space    used 2797K, capacity 2934K, committed 2944K, reserved 1048576K
}
Event: 4.727 GC heap before
{Heap before GC invocations=8 (full 1):
 PSYoungGen      total 207360K, used 207344K [0x000000076b400000, 0x000000077b100000, 0x00000007c0000000)
  eden space 186880K, 100% used [0x000000076b400000,0x0000000776a80000,0x0000000776a80000)
  from space 20480K, 99% used [0x0000000778400000,0x00000007797fc218,0x0000000779800000)
  to   space 26112K, 0% used [0x0000000776a80000,0x0000000776a80000,0x0000000778400000)
 ParOldGen       total 119296K, used 28601K [0x00000006c1c00000, 0x00000006c9080000, 0x000000076b400000)
  object space 119296K, 23% used [0x00000006c1c00000,0x00000006c37ee760,0x00000006c9080000)
 Metaspace       used 24227K, capacity 24850K, committed 24960K, reserved 1071104K
  class space    used 2798K, capacity 2936K, committed 2944K, reserved 1048576K
Event: 4.745 GC heap after
Heap after GC invocations=8 (full 1):
 PSYoungGen      total 212992K, used 26098K [0x000000076b400000, 0x0000000782200000, 0x00000007c0000000)
  eden space 186880K, 0% used [0x000000076b400000,0x000000076b400000,0x0000000776a80000)
  from space 26112K, 99% used [0x0000000776a80000,0x00000007783fca20,0x0000000778400000)
  to   space 34816K, 0% used [0x0000000780000000,0x0000000780000000,0x0000000782200000)
 ParOldGen       total 119296K, used 38157K [0x00000006c1c00000, 0x00000006c9080000, 0x000000076b400000)
  object space 119296K, 31% used [0x00000006c1c00000,0x00000006c41434a8,0x00000006c9080000)
 Metaspace       used 24227K, capacity 24850K, committed 24960K, reserved 1071104K
  class space    used 2798K, capacity 2936K, committed 2944K, reserved 1048576K
}
Event: 5.102 GC heap before
{Heap before GC invocations=9 (full 1):
 PSYoungGen      total 212992K, used 212978K [0x000000076b400000, 0x0000000782200000, 0x00000007c0000000)
  eden space 186880K, 100% used [0x000000076b400000,0x0000000776a80000,0x0000000776a80000)
  from space 26112K, 99% used [0x0000000776a80000,0x00000007783fca20,0x0000000778400000)
  to   space 34816K, 0% used [0x0000000780000000,0x0000000780000000,0x0000000782200000)
 ParOldGen       total 119296K, used 38157K [0x00000006c1c00000, 0x00000006c9080000, 0x000000076b400000)
  object space 119296K, 31% used [0x00000006c1c00000,0x00000006c41434a8,0x00000006c9080000)
 Metaspace       used 24244K, capacity 24882K, committed 25088K, reserved 1071104K
  class space    used 2800K, capacity 2968K, committed 3072K, reserved 1048576K
Event: 5.121 GC heap after
Heap after GC invocations=9 (full 1):
 PSYoungGen      total 331776K, used 34789K [0x000000076b400000, 0x0000000783d00000, 0x00000007c0000000)
  eden space 296960K, 0% used [0x000000076b400000,0x000000076b400000,0x000000077d600000)
  from space 34816K, 99% used [0x0000000780000000,0x00000007821f9660,0x0000000782200000)
  to   space 43008K, 0% used [0x000000077d600000,0x000000077d600000,0x0000000780000000)
 ParOldGen       total 119296K, used 43675K [0x00000006c1c00000, 0x00000006c9080000, 0x000000076b400000)
  object space 119296K, 36% used [0x00000006c1c00000,0x00000006c46a6d60,0x00000006c9080000)
 Metaspace       used 24244K, capacity 24882K, committed 25088K, reserved 1071104K
  class space    used 2800K, capacity 2968K, committed 3072K, reserved 1048576K
}
Event: 5.675 GC heap before
{Heap before GC invocations=10 (full 1):
 PSYoungGen      total 331776K, used 331749K [0x000000076b400000, 0x0000000783d00000, 0x00000007c0000000)
  eden space 296960K, 100% used [0x000000076b400000,0x000000077d600000,0x000000077d600000)
  from space 34816K, 99% used [0x0000000780000000,0x00000007821f9660,0x0000000782200000)
  to   space 43008K, 0% used [0x000000077d600000,0x000000077d600000,0x0000000780000000)
 ParOldGen       total 119296K, used 43675K [0x00000006c1c00000, 0x00000006c9080000, 0x000000076b400000)
  object space 119296K, 36% used [0x00000006c1c00000,0x00000006c46a6d60,0x00000006c9080000)
 Metaspace       used 24249K, capacity 24882K, committed 25088K, reserved 1071104K
  class space    used 2800K, capacity 2968K, committed 3072K, reserved 1048576K
Event: 5.704 GC heap after
Heap after GC invocations=10 (full 1):
 PSYoungGen      total 339968K, used 42983K [0x000000076b400000, 0x0000000783d00000, 0x00000007c0000000)
  eden space 296960K, 0% used [0x000000076b400000,0x000000076b400000,0x000000077d600000)
  from space 43008K, 99% used [0x000000077d600000,0x000000077fff9d68,0x0000000780000000)
  to   space 34816K, 0% used [0x0000000780000000,0x0000000780000000,0x0000000782200000)
 ParOldGen       total 119296K, used 60164K [0x00000006c1c00000, 0x00000006c9080000, 0x000000076b400000)
  object space 119296K, 50% used [0x00000006c1c00000,0x00000006c56c1228,0x00000006c9080000)
 Metaspace       used 24249K, capacity 24882K, committed 25088K, reserved 1071104K
  class space    used 2800K, capacity 2968K, committed 3072K, reserved 1048576K
}

Deoptimization events (10 events):
Event: 5.663 Thread 0x0000000024a79000 Uncommon trap: reason=class_check action=maybe_recompile pc=0x00000000040aa164 method=java.util.LinkedHashMap.afterNodeAccess(Ljava/util/HashMap$Node;)V @ 18
Event: 5.665 Thread 0x0000000024a79000 Uncommon trap: reason=class_check action=maybe_recompile pc=0x00000000040aa164 method=java.util.LinkedHashMap.afterNodeAccess(Ljava/util/HashMap$Node;)V @ 18
Event: 5.666 Thread 0x0000000024a79000 Uncommon trap: reason=class_check action=maybe_recompile pc=0x00000000040aa164 method=java.util.LinkedHashMap.afterNodeAccess(Ljava/util/HashMap$Node;)V @ 18
Event: 5.668 Thread 0x0000000024a79000 Uncommon trap: reason=unstable_if action=reinterpret pc=0x00000000040aa114 method=java.util.HashMap.getNode(ILjava/lang/Object;)Ljava/util/HashMap$Node; @ 84
Event: 5.707 Thread 0x0000000024a79000 Uncommon trap: reason=unstable_if action=reinterpret pc=0x0000000003cf6938 method=java.util.HashMap.getNode(ILjava/lang/Object;)Ljava/util/HashMap$Node; @ 84
Event: 5.747 Thread 0x0000000024a79000 Uncommon trap: reason=unstable_if action=reinterpret pc=0x00000000041d25c8 method=java.util.HashMap.removeNode(ILjava/lang/Object;Ljava/lang/Object;ZZ)Ljava/util/HashMap$Node; @ 97
Event: 5.747 Thread 0x0000000024a79000 Uncommon trap: reason=class_check action=maybe_recompile pc=0x000000000414684c method=java.util.LinkedHashMap.afterNodeRemoval(Ljava/util/HashMap$Node;)V @ 1
Event: 5.750 Thread 0x0000000024a79000 Uncommon trap: reason=unstable_if action=reinterpret pc=0x00000000041a7104 method=java.util.HashMap.removeNode(ILjava/lang/Object;Ljava/lang/Object;ZZ)Ljava/util/HashMap$Node; @ 97
Event: 5.750 Thread 0x0000000024a79000 Uncommon trap: reason=class_check action=maybe_recompile pc=0x000000000414684c method=java.util.LinkedHashMap.afterNodeRemoval(Ljava/util/HashMap$Node;)V @ 1
Event: 5.772 Thread 0x0000000024a79000 Uncommon trap: reason=class_check action=maybe_recompile pc=0x000000000414684c method=java.util.LinkedHashMap.afterNodeRemoval(Ljava/util/HashMap$Node;)V @ 1

Classes redefined (0 events):
No events

Internal exceptions (10 events):
Event: 1.200 Thread 0x0000000003112800 Exception <a 'java/lang/NullPointerException'> (0x000000076c7c39c0) thrown at [C:\re\workspace\8-2-build-windows-amd64-cygwin\jdk8u191\11896\hotspot\src\share\vm\interpreter\linkResolver.cpp, line 1185]
Event: 1.200 Thread 0x0000000003112800 Exception <a 'java/lang/NullPointerException'> (0x000000076c7c3bd8) thrown at [C:\re\workspace\8-2-build-windows-amd64-cygwin\jdk8u191\11896\hotspot\src\share\vm\interpreter\linkResolver.cpp, line 1185]
Event: 1.396 Thread 0x0000000003112800 Implicit null exception at 0x00000000035a6794 to 0x00000000035a6a41
Event: 1.396 Thread 0x0000000003112800 Implicit null exception at 0x00000000034dcbaf to 0x00000000034dcc1d
Event: 1.412 Thread 0x0000000003112800 Implicit null exception at 0x00000000036a75be to 0x00000000036a7de1
Event: 1.445 Thread 0x0000000003112800 Implicit null exception at 0x00000000038b981b to 0x00000000038b9ebd
Event: 2.517 Thread 0x0000000003112800 Exception <a 'java/io/FileNotFoundException'> (0x000000076cf0da80) thrown at [C:\re\workspace\8-2-build-windows-amd64-cygwin\jdk8u191\11896\hotspot\src\share\vm\prims\jni.cpp, line 709]
Event: 3.275 Thread 0x0000000024a79000 Implicit null exception at 0x000000000354d419 to 0x000000000354d911
Event: 3.275 Thread 0x0000000024a79000 Implicit null exception at 0x0000000003447c96 to 0x000000000344814d
Event: 3.369 Thread 0x0000000024a79000 Implicit null exception at 0x0000000003dbea17 to 0x0000000003dbf0a9

Events (10 events):
Event: 5.750 Thread 0x0000000024a79000 DEOPT PACKING pc=0x00000000041a7104 sp=0x0000000023dee7b0
Event: 5.750 Thread 0x0000000024a79000 DEOPT UNPACKING pc=0x000000000325583b sp=0x0000000023dee728 mode 2
Event: 5.750 Thread 0x0000000024a79000 Uncommon trap: trap_request=0xffffffde fr.pc=0x000000000414684c
Event: 5.750 Thread 0x0000000024a79000 DEOPT PACKING pc=0x000000000414684c sp=0x0000000023dee700
Event: 5.750 Thread 0x0000000024a79000 DEOPT UNPACKING pc=0x000000000325583b sp=0x0000000023dee6a0 mode 2
Event: 5.772 Thread 0x0000000024a79000 Uncommon trap: trap_request=0xffffffde fr.pc=0x000000000414684c
Event: 5.772 Thread 0x0000000024a79000 DEOPT PACKING pc=0x000000000414684c sp=0x0000000023dee6d0
Event: 5.772 Thread 0x0000000024a79000 DEOPT UNPACKING pc=0x000000000325583b sp=0x0000000023dee660 mode 2
Event: 5.798 Thread 0x0000000024a79000 DEOPT PACKING pc=0x0000000003af1d7f sp=0x0000000023dedef0
Event: 5.798 Thread 0x0000000024a79000 DEOPT UNPACKING pc=0x0000000003257890 sp=0x0000000023dedc10 mode 0


Dynamic libraries:
0x00007ff6d85f0000 - 0x00007ff6d8627000 	C:\java\JDK\bin\java.exe
0x00007ff913a50000 - 0x00007ff913c3d000 	C:\Windows\SYSTEM32\ntdll.dll
0x00007ff913960000 - 0x00007ff913a13000 	C:\Windows\System32\KERNEL32.DLL
0x00007ff9108b0000 - 0x00007ff910b43000 	C:\Windows\System32\KERNELBASE.dll
0x00007ff911bb0000 - 0x00007ff911c53000 	C:\Windows\System32\ADVAPI32.dll
0x00007ff910cb0000 - 0x00007ff910d4e000 	C:\Windows\System32\msvcrt.dll
0x00007ff9132f0000 - 0x00007ff91338e000 	C:\Windows\System32\sechost.dll
0x00007ff910db0000 - 0x00007ff910ed2000 	C:\Windows\System32\RPCRT4.dll
0x00007ff9137c0000 - 0x00007ff913957000 	C:\Windows\System32\USER32.dll
0x00007ff9105f0000 - 0x00007ff910610000 	C:\Windows\System32\win32u.dll
0x00007ff910c80000 - 0x00007ff910ca9000 	C:\Windows\System32\GDI32.dll
0x00007ff910710000 - 0x00007ff9108a9000 	C:\Windows\System32\gdi32full.dll
0x00007ff910be0000 - 0x00007ff910c80000 	C:\Windows\System32\msvcp_win.dll
0x00007ff910610000 - 0x00007ff91070a000 	C:\Windows\System32\ucrtbase.dll
0x00007ff902ba0000 - 0x00007ff902e19000 	C:\Windows\WinSxS\amd64_microsoft.windows.common-controls_6595b64144ccf1df_6.0.17763.615_none_05b4414a072024d4\COMCTL32.dll
0x00007ff910f40000 - 0x00007ff91126c000 	C:\Windows\System32\combase.dll
0x00007ff910570000 - 0x00007ff9105ee000 	C:\Windows\System32\bcryptPrimitives.dll
0x00007ff913290000 - 0x00007ff9132be000 	C:\Windows\System32\IMM32.DLL
0x00000000645a0000 - 0x0000000064672000 	C:\java\JDK\jre\bin\msvcr100.dll
0x0000000062c30000 - 0x00000000634d4000 	C:\java\JDK\jre\bin\server\jvm.dll
0x00007ff9134f0000 - 0x00007ff9134f8000 	C:\Windows\System32\PSAPI.DLL
0x00007ff8fac10000 - 0x00007ff8fac19000 	C:\Windows\SYSTEM32\WSOCK32.dll
0x00007ff90dbb0000 - 0x00007ff90dbd4000 	C:\Windows\SYSTEM32\WINMM.dll
0x00007ff90a4c0000 - 0x00007ff90a4ca000 	C:\Windows\SYSTEM32\VERSION.dll
0x00007ff9115e0000 - 0x00007ff91164d000 	C:\Windows\System32\WS2_32.dll
0x00007ff90da90000 - 0x00007ff90dabd000 	C:\Windows\SYSTEM32\winmmbase.dll
0x00007ff910320000 - 0x00007ff91036a000 	C:\Windows\System32\cfgmgr32.dll
0x0000000064590000 - 0x000000006459f000 	C:\java\JDK\jre\bin\verify.dll
0x0000000064560000 - 0x0000000064589000 	C:\java\JDK\jre\bin\java.dll
0x00000000668e0000 - 0x0000000066915000 	C:\java\JDK\jre\bin\jdwp.dll
0x00000000668d0000 - 0x00000000668d8000 	C:\java\JDK\jre\bin\npt.dll
0x00000000668a0000 - 0x00000000668c3000 	C:\java\JDK\jre\bin\instrument.dll
0x00000000644c0000 - 0x00000000644d6000 	C:\java\JDK\jre\bin\zip.dll
0x00007ff911da0000 - 0x00007ff913290000 	C:\Windows\System32\SHELL32.dll
0x00007ff9136b0000 - 0x00007ff913758000 	C:\Windows\System32\shcore.dll
0x00007ff90fbd0000 - 0x00007ff91031a000 	C:\Windows\System32\windows.storage.dll
0x00007ff90fa70000 - 0x00007ff90fa94000 	C:\Windows\System32\profapi.dll
0x00007ff90fac0000 - 0x00007ff90fb1d000 	C:\Windows\System32\powrprof.dll
0x00007ff910d50000 - 0x00007ff910da2000 	C:\Windows\System32\shlwapi.dll
0x00007ff90fa50000 - 0x00007ff90fa61000 	C:\Windows\System32\kernel.appcore.dll
0x00007ff910550000 - 0x00007ff910567000 	C:\Windows\System32\cryptsp.dll
0x0000000066890000 - 0x0000000066899000 	C:\java\JDK\jre\bin\dt_socket.dll
0x00007ff90f2c0000 - 0x00007ff90f327000 	C:\Windows\system32\mswsock.dll
0x0000000064490000 - 0x00000000644aa000 	C:\java\JDK\jre\bin\net.dll
0x0000000064470000 - 0x0000000064481000 	C:\java\JDK\jre\bin\nio.dll
0x00007ff90ee20000 - 0x00007ff90ee53000 	C:\Windows\system32\rsaenh.dll
0x00007ff910bb0000 - 0x00007ff910bd6000 	C:\Windows\System32\bcrypt.dll
0x00007ff90f980000 - 0x00007ff90f9a8000 	C:\Windows\SYSTEM32\USERENV.dll
0x00007ff90f490000 - 0x00007ff90f49c000 	C:\Windows\SYSTEM32\CRYPTBASE.dll
0x00007ff90f020000 - 0x00007ff90f05d000 	C:\Windows\SYSTEM32\IPHLPAPI.DLL
0x00007ff911d90000 - 0x00007ff911d98000 	C:\Windows\System32\NSI.dll
0x00007ff9015f0000 - 0x00007ff901606000 	C:\Windows\SYSTEM32\dhcpcsvc6.DLL
0x00007ff9015d0000 - 0x00007ff9015ec000 	C:\Windows\SYSTEM32\dhcpcsvc.DLL
0x00007ff90f060000 - 0x00007ff90f126000 	C:\Windows\SYSTEM32\DNSAPI.dll
0x0000000064460000 - 0x000000006446d000 	C:\java\JDK\jre\bin\management.dll

VM Arguments:
jvm_args: -agentlib:jdwp=transport=dt_socket,address=127.0.0.1:59239,suspend=y,server=n -Dmaven.multiModuleProjectDirectory=D:\IdeaProjects\GITÏîÄ¿\Groupprojects\Health_Parent\Health_Service_Provider -DarchetypeCatalog=internal -Dmaven.home=D:\software\DevelopTools\Maven\apache-maven-3.3.9 -Dclassworlds.conf=D:\software\DevelopTools\Maven\apache-maven-3.3.9\bin\m2.conf -javaagent:C:\Users\32993\.IntelliJIdea2017.3\system\captureAgent\debugger-agent.jar=C:\Users\32993\AppData\Local\Temp\capture2071.props -Dfile.encoding=UTF-8 
java_command: org.codehaus.classworlds.Launcher -Didea.version=2017.3.2 -s D:\software\DevelopTools\Maven\apache-maven-3.3.9\conf\settings.xml -Dmaven.repo.local=D:\software\DevelopTools\repository_boot tomcat7:run
java_class_path (initial): D:\software\DevelopTools\Maven\apache-maven-3.3.9\boot\plexus-classworlds-2.5.2.jar;D:\software\DevelopTools\IntelliJ IDEA 2017.3.2\lib\idea_rt.jar;C:\Users\32993\.IntelliJIdea2017.3\system\captureAgent\debugger-agent.jar
Launcher Type: SUN_STANDARD

Environment Variables:
JAVA_HOME=C:\java\JDK
PATH=C:\Program Files (x86)\Common Files\Oracle\Java\javapath;C:\ProgramData\Oracle\Java\javapath;D:\software\DevelopTools\Xshell\;D:\software\DevelopTools\Xftp\;C:\java\JDK\bin;C:\Windows\system32;C:\Windows;C:\Windows\System32\Wbem;C:\Windows\System32\WindowsPowerShell\v1.0\;C:\Windows\System32\OpenSSH\;C:\Program Files\Intel\WiFi\bin\;C:\Program Files\Common Files\Intel\WirelessCommon\;C:\Program Files (x86)\NVIDIA Corporation\PhysX\Common;C:\Program Files\NVIDIA Corporation\NVIDIA NvDLISR;C:\Program Files (x86)\Intel\Intel(R) Management Engine Components\DAL;C:\Program Files\Intel\Intel(R) Management Engine Components\DAL;D:\software\bin;D:\software\Mysql\bin;C:\Program Files (x86)\MySQL\MySQL Server 5.5\bin;D:\software\DevelopTools\Tomcat\apache-tomcat-8.5.5\bin;D:\software\DevelopTools\Maven\apache-maven-3.3.9\\bin;D:\software\DevelopTools\Node.js\;D:\software\DevelopTools\Git\Git\cmd;C:\Program Files\TortoiseGit\bin;C:\Users\32993\AppData\Local\Microsoft\WindowsApps;C:\Users\32993\AppData\Roaming\npm;C:\Users\32993\AppData\Local\GitHubDesktop\bin
USERNAME=32993
OS=Windows_NT
PROCESSOR_IDENTIFIER=Intel64 Family 6 Model 142 Stepping 10, GenuineIntel



---------------  S Y S T E M  ---------------

OS: Windows 10.0 , 64 bit Build 17763 (10.0.17763.475)

CPU:total 8 (initial active 8) (4 cores per cpu, 2 threads per core) family 6 model 142 stepping 10, cmov, cx8, fxsr, mmx, sse, sse2, sse3, ssse3, sse4.1, sse4.2, popcnt, avx, avx2, aes, clmul, erms, 3dnowpref, lzcnt, ht, tsc, tscinvbit, bmi1, bmi2, adx

Memory: 4k page, physical 16658152k(7964372k free), swap 27143908k(4112k free)

vm_info: Java HotSpot(TM) 64-Bit Server VM (25.191-b12) for windows-amd64 JRE (1.8.0_191-b12), built on Oct  6 2018 09:29:03 by "java_re" with MS VC++ 10.0 (VS2010)

time: Sun Jul 21 19:48:06 2019
elapsed time: 5 seconds (0d 0h 0m 5s)

